****************************************************************************
              DSSR: an Integrated Software Tool for
             Dissecting the Spatial Structure of RNA
             v1.9.9-2020feb06, by xiangjun@x3dna.org

DSSR has been made possible by the NIH grant R01GM096889 (to X.J.Lu).
It is being actively maintained and developed. As always, I greatly
appreciate your feedback. Please report all DSSR-related issues on
the 3DNA Forum (forum.x3dna.org). I strive to respond promptly to any
questions posted there. DSSR is free of charge for NON-COMMERCIAL
purposes, and it comes with ABSOLUTELY NO WARRANTY.

****************************************************************************
Note: By default, each nucleotide is identified by chainId.name#. So a
      common case would be B.A1689, meaning adenosine #1689 on chain B.
      One-letter base names for modified nucleotides are put in lower
      case (e.g., 'c' for 5MC). For further information about the output
      notation, please refer to the DSSR User Manual.
    Questions and suggestions are *always* welcome on the 3DNA Forum.

Command: x3dna-dssr -i=../../pdb/1F8V.pdb --non-pair -o=1F8V_dssr.out
Date and time: Mon Aug 17 03:59:42 2020
File name: 1F8V.pdb
    no. of DNA/RNA chains: 1 [R=25]
    no. of nucleotides:    25
    no. of atoms:          8719
    no. of waters:         219
    no. of metals:         1 [Ca=1]

****************************************************************************
List of 16 non-pairing interactions
   1 R.U3      R.U4      stacking: 0.3(0.0)--pm(>>,forward) interBase-angle=27 connected min_baseDist=2.97
   2 R.U4      R.U5      stacking: 4.2(1.9)--pm(>>,forward) interBase-angle=17 connected min_baseDist=3.28
   3 R.U7      R.U8      stacking: 0.4(0.0)--pm(>>,forward) interBase-angle=19 connected min_baseDist=2.95
   4 R.U8      R.U9      stacking: 3.5(1.6)--pm(>>,forward) interBase-angle=14 connected min_baseDist=3.10
   5 R.U9      R.U10     stacking: 6.5(2.9)--pm(>>,forward) interBase-angle=19 connected min_baseDist=2.94
   6 R.U10     R.U11     stacking: 3.9(0.5)--pm(>>,forward) interBase-angle=24 connected min_baseDist=2.82
   7 R.U11     R.U12     stacking: 3.7(0.7)--pm(>>,forward) interBase-angle=16 connected min_baseDist=2.88
   8 R.U12     R.U13     stacking: 6.9(2.0)--pm(>>,forward) interBase-angle=27 connected min_baseDist=2.95
   9 R.U13     R.A14     stacking: 0.6(0.1)--pm(>>,forward) interBase-angle=24 connected min_baseDist=3.17
  10 R.A14     R.A15     stacking: 3.5(2.3)--pm(>>,forward) interBase-angle=7 connected min_baseDist=3.37
  11 R.A15     R.A16     stacking: 2.9(2.7)--pm(>>,forward) interBase-angle=5 connected min_baseDist=3.48
  12 R.A16     R.A17     stacking: 1.8(1.8)--pm(>>,forward) interBase-angle=8 connected min_baseDist=3.43
  13 R.A17     R.U18     stacking: 3.3(2.1)--pm(>>,forward) interBase-angle=5 connected min_baseDist=3.51
  14 R.U20     R.U21     stacking: 2.1(0.8)--pm(>>,forward) interBase-angle=17 connected min_baseDist=3.40
  15 R.U21     R.U22     stacking: 0.7(0.2)--pm(>>,forward) interBase-angle=26 connected min_baseDist=3.54
  16 R.U23     R.U24     stacking: 3.6(1.7)--pm(>>,forward) interBase-angle=21 connected min_baseDist=3.54

****************************************************************************
List of 4 stacks
  Note: a stack is an ordered list of nucleotides assembled together via
        base-stacking interactions, regardless of backbone connectivity.
        Stacking interactions within a stem are *not* included.
   1 nts=2 UU R.U23,R.U24
   2 nts=3 UUU R.U3,R.U4,R.U5
   3 nts=3 UUU R.U20,R.U21,R.U22
   4 nts=12 UUUUUUUAAAAU R.U7,R.U8,R.U9,R.U10,R.U11,R.U12,R.U13,R.A14,R.A15,R.A16,R.A17,R.U18

****************************************************************************
Nucleotides not involved in stacking interactions
     nts=5 UUUUU R.U1,R.U2,R.U6,R.U19,R.U25

****************************************************************************
List of 1 atom-base capping interaction
    dv: vertical distance of the atom above the nucleotide base
    -----------------------------------------------------------
     type       atom                 nt             dv
   1 sugar      O4'@R.U12            R.U11          3.15

****************************************************************************
List of 1 non-loop single-stranded segment
   1 nts=25 UUUUUUUUUUUUUAAAAUUUUUUUU R.U1,R.U2,R.U3,R.U4,R.U5,R.U6,R.U7,R.U8,R.U9,R.U10,R.U11,R.U12,R.U13,R.A14,R.A15,R.A16,R.A17,R.U18,R.U19,R.U20,R.U21,R.U22,R.U23,R.U24,R.U25

****************************************************************************
Secondary structures in dot-bracket notation (dbn) as a whole and per chain
>1F8V nts=25 [whole]
UUUUUUUUUUUUUAAAAUUUUUUUU
.........................
>1F8V-R #1 nts=25 2.81(0.56) [chain] RNA
UUUUUUUUUUUUUAAAAUUUUUUUU
.........................

****************************************************************************
Summary of structural features of 25 nucleotides
  Note: the first five columns are: (1) serial number, (2) one-letter
    shorthand name, (3) dbn, (4) id string, (5) rmsd (~zero) of base
    ring atoms fitted against those in a standard base reference
    frame. The sixth (last) column contains a comma-separated list of
    features whose meanings are mostly self-explanatory, except for:
      turn: angle C1'(i-1)--C1'(i)--C1'(i+1) < 90 degrees
      break: no backbone linkage between O3'(i-1) and P(i)
   1  U . R.U1      0.001  anti,~C3'-endo,BI,non-stack,ss-non-loop
   2  U . R.U2      0.001  anti,~C3'-endo,BI,non-stack,ss-non-loop
   3  U . R.U3      0.001  anti,~C3'-endo,BI,non-pair-contact,ss-non-loop
   4  U . R.U4      0.001  anti,~C3'-endo,BI,non-pair-contact,ss-non-loop,phosphate
   5  U . R.U5      0.001  anti,~C3'-endo,BI,non-pair-contact,ss-non-loop,phosphate
   6  U . R.U6      0.001  anti,~C3'-endo,non-stack,ss-non-loop
   7  U . R.U7      0.003  anti,~C3'-endo,BI,non-pair-contact,ss-non-loop
   8  U . R.U8      0.001  anti,~C3'-endo,BI,non-pair-contact,ss-non-loop
   9  U . R.U9      0.002  anti,~C3'-endo,non-pair-contact,ss-non-loop
  10  U . R.U10     0.003  anti,~C3'-endo,non-pair-contact,ss-non-loop
  11  U . R.U11     0.003  anti,~C3'-endo,non-pair-contact,ss-non-loop,cap-acceptor
  12  U . R.U12     0.009  anti,~C3'-endo,non-pair-contact,ss-non-loop,cap-donor
  13  U . R.U13     0.004  anti,~C3'-endo,BI,non-pair-contact,ss-non-loop
  14  A . R.A14     0.003  anti,~C3'-endo,non-pair-contact,ss-non-loop
  15  A . R.A15     0.006  anti,~C3'-endo,BI,non-pair-contact,ss-non-loop
  16  A . R.A16     0.004  anti,~C3'-endo,BI,non-pair-contact,ss-non-loop
  17  A . R.A17     0.005  anti,~C3'-endo,BI,non-pair-contact,ss-non-loop,phosphate
  18  U . R.U18     0.003  anti,~C3'-endo,BI,non-pair-contact,ss-non-loop
  19  U . R.U19     0.003  anti,~C3'-endo,BI,non-stack,ss-non-loop
  20  U . R.U20     0.002  anti,~C3'-endo,non-pair-contact,ss-non-loop
  21  U . R.U21     0.002  anti,~C3'-endo,non-pair-contact,ss-non-loop
  22  U . R.U22     0.002  anti,~C3'-endo,BI,non-pair-contact,ss-non-loop
  23  U . R.U23     0.001  anti,~C3'-endo,BI,non-pair-contact,ss-non-loop
  24  U . R.U24     0.002  anti,~C3'-endo,non-pair-contact,ss-non-loop
  25  U . R.U25     0.003  anti,~C3'-endo,non-stack,ss-non-loop

****************************************************************************
List of 6 additional files
   1 dssr-2ndstrs.bpseq -- secondary structure in bpseq format
   2 dssr-2ndstrs.ct -- secondary structure in connectivity table format
   3 dssr-2ndstrs.dbn -- secondary structure in dot-bracket notation
   4 dssr-torsions.txt -- backbone torsion angles and suite names
   5 dssr-stacks.pdb -- an ensemble of stacks
   6 dssr-atom2bases.pdb -- an ensemble of atom-base stacking interactions

****************************************************************************
Time used: 00:00:00:01
