****************************************************************************
              DSSR: an Integrated Software Tool for
             Dissecting the Spatial Structure of RNA
             v1.9.9-2020feb06, by xiangjun@x3dna.org

DSSR has been made possible by the NIH grant R01GM096889 (to X.J.Lu).
It is being actively maintained and developed. As always, I greatly
appreciate your feedback. Please report all DSSR-related issues on
the 3DNA Forum (forum.x3dna.org). I strive to respond promptly to any
questions posted there. DSSR is free of charge for NON-COMMERCIAL
purposes, and it comes with ABSOLUTELY NO WARRANTY.

****************************************************************************
Note: By default, each nucleotide is identified by chainId.name#. So a
      common case would be B.A1689, meaning adenosine #1689 on chain B.
      One-letter base names for modified nucleotides are put in lower
      case (e.g., 'c' for 5MC). For further information about the output
      notation, please refer to the DSSR User Manual.
    Questions and suggestions are *always* welcome on the 3DNA Forum.

Command: x3dna-dssr -i=../../pdb/1NB7.pdb --non-pair -o=1NB7_dssr.out
Date and time: Mon Aug 17 06:05:16 2020
File name: 1NB7.pdb
    no. of DNA/RNA chains: 2 [E=4,F=4]
    no. of nucleotides:    8
    no. of atoms:          8927
    no. of waters:         0
    no. of metals:         4 [Mn=4]

****************************************************************************
List of 6 non-pairing interactions
   1 E.U1     E.U2     interBase-angle=48 H-bonds[1]: "O2'(hydroxyl)-OP1[2.63]" connected min_baseDist=3.20
   2 E.U2     E.U3     interBase-angle=67 H-bonds[3]: "O4'*O4'[3.34],O2'(hydroxyl)-OP2[2.92],O2'(hydroxyl)-O5'[2.53]" connected min_baseDist=2.80
   3 E.U3     E.U4     interBase-angle=89 H-bonds[1]: "O2'(hydroxyl)-OP2[2.28]" connected min_baseDist=11.00
   4 F.U1     F.U2     interBase-angle=40 H-bonds[1]: "O2'(hydroxyl)-OP1[2.38]" connected min_baseDist=3.54
   5 F.U2     F.U3     interBase-angle=25 H-bonds[3]: "O2'(hydroxyl)-OP2[2.33],O2'(hydroxyl)-O5'[2.50],O2'(hydroxyl)-O4'[2.57]" connected min_baseDist=4.09
   6 F.U3     F.U4     interBase-angle=58 H-bonds[1]: "O2'(hydroxyl)-OP2[2.08]" connected min_baseDist=11.12

****************************************************************************
Nucleotides not involved in stacking interactions
     nts=6 UUUUUU E.U1,E.U3,E.U4,F.U1,F.U3,F.U4

****************************************************************************
List of 1 atom-base capping interaction
    dv: vertical distance of the atom above the nucleotide base
    -----------------------------------------------------------
     type       atom                 nt             dv
   1 other      OG@B.SER556          F.U4           3.00

****************************************************************************
List of 2 non-loop single-stranded segments
   1 nts=4 UUUU E.U1,E.U2,E.U3,E.U4
   2 nts=4 UUUU F.U1,F.U2,F.U3,F.U4

****************************************************************************
List of 2 splayed-apart dinucleotides
   1 E.U3     E.U4     angle=161    distance=19.3     ratio=0.99
   2 F.U3     F.U4     angle=161    distance=18.2     ratio=0.99
----------------------------------------------------------------
Summary of 2 splayed-apart units
   1 nts=2 UU E.U3,E.U4
   2 nts=2 UU F.U3,F.U4

****************************************************************************
Secondary structures in dot-bracket notation (dbn) as a whole and per chain
>1NB7 nts=8 [whole]
UUUU&UUUU
....&....
>1NB7-E #1 nts=4 4.47(0.34) [chain] RNA
UUUU
....
>1NB7-F #2 nts=4 2.08(0.24) [chain] RNA
UUUU
....

****************************************************************************
Summary of structural features of 8 nucleotides
  Note: the first five columns are: (1) serial number, (2) one-letter
    shorthand name, (3) dbn, (4) id string, (5) rmsd (~zero) of base
    ring atoms fitted against those in a standard base reference
    frame. The sixth (last) column contains a comma-separated list of
    features whose meanings are mostly self-explanatory, except for:
      turn: angle C1'(i-1)--C1'(i)--C1'(i+1) < 90 degrees
      break: no backbone linkage between O3'(i-1) and P(i)
   1  U . E.U1     0.008  anti,~C3'-endo,non-stack,non-pair-contact,ss-non-loop
   2  U . E.U2     0.019  anti,~C3'-endo,non-pair-contact,ss-non-loop,phosphate
   3  U . E.U3     0.018  anti,~C3'-endo,non-stack,non-pair-contact,ss-non-loop,phosphate,splayed-apart
   4  U . E.U4     0.025  anti,~C3'-endo,non-stack,non-pair-contact,ss-non-loop,phosphate,splayed-apart
   5  U . F.U1     0.009  anti,~C3'-endo,non-stack,non-pair-contact,ss-non-loop
   6  U . F.U2     0.013  anti,~C3'-endo,non-pair-contact,ss-non-loop,phosphate
   7  U . F.U3     0.021  anti,non-stack,non-pair-contact,ss-non-loop,phosphate,splayed-apart
   8  U . F.U4     0.019  anti,~C3'-endo,non-stack,non-pair-contact,ss-non-loop,cap-acceptor,phosphate,splayed-apart

****************************************************************************
List of 6 additional files
   1 dssr-2ndstrs.bpseq -- secondary structure in bpseq format
   2 dssr-2ndstrs.ct -- secondary structure in connectivity table format
   3 dssr-2ndstrs.dbn -- secondary structure in dot-bracket notation
   4 dssr-torsions.txt -- backbone torsion angles and suite names
   5 dssr-splays.pdb -- an ensemble of splayed-apart units
   6 dssr-atom2bases.pdb -- an ensemble of atom-base stacking interactions

****************************************************************************
Time used: 00:00:00:01
