****************************************************************************
              DSSR: an Integrated Software Tool for
             Dissecting the Spatial Structure of RNA
             v1.9.9-2020feb06, by xiangjun@x3dna.org

DSSR has been made possible by the NIH grant R01GM096889 (to X.J.Lu).
It is being actively maintained and developed. As always, I greatly
appreciate your feedback. Please report all DSSR-related issues on
the 3DNA Forum (forum.x3dna.org). I strive to respond promptly to any
questions posted there. DSSR is free of charge for NON-COMMERCIAL
purposes, and it comes with ABSOLUTELY NO WARRANTY.

****************************************************************************
Note: By default, each nucleotide is identified by chainId.name#. So a
      common case would be B.A1689, meaning adenosine #1689 on chain B.
      One-letter base names for modified nucleotides are put in lower
      case (e.g., 'c' for 5MC). For further information about the output
      notation, please refer to the DSSR User Manual.
    Questions and suggestions are *always* welcome on the 3DNA Forum.

Command: x3dna-dssr -i=../../pdb/1WMQ.pdb --non-pair -o=1WMQ_dssr.out
Date and time: Mon Aug 17 04:46:30 2020
File name: 1WMQ.pdb
    no. of DNA/RNA chains: 2 [C=7,D=7]
    no. of nucleotides:    14
    no. of atoms:          2825
    no. of waters:         314
    no. of metals:         2 [Mg=2]

****************************************************************************
List of 4 non-pairing interactions
   1 C.U3      C.A4      interBase-angle=53 H-bonds[2]: "O2'(hydroxyl)-O5'[2.86],O2'(hydroxyl)-O4'[2.79]" connected min_baseDist=3.08
   2 C.A4      C.G5      stacking: 6.9(4.3)--pm(>>,forward) interBase-angle=24 connected min_baseDist=3.12
   3 D.U3      D.A4      interBase-angle=52 H-bonds[2]: "O2'(hydroxyl)-O5'[2.95],O2'(hydroxyl)-O4'[2.84]" connected min_baseDist=3.09
   4 D.A4      D.G5      stacking: 6.9(4.3)--pm(>>,forward) interBase-angle=25 connected min_baseDist=3.12

****************************************************************************
List of 2 stacks
  Note: a stack is an ordered list of nucleotides assembled together via
        base-stacking interactions, regardless of backbone connectivity.
        Stacking interactions within a stem are *not* included.
   1 nts=2 AG C.A4,C.G5
   2 nts=2 AG D.A4,D.G5

****************************************************************************
Nucleotides not involved in stacking interactions
     nts=6 UUUUUU C.U2,C.U6,C.U7,D.U2,D.U6,D.U7

****************************************************************************
List of 2 non-loop single-stranded segments
   1 nts=7 UUUAGUU C.U1,C.U2,C.U3,C.A4,C.G5,C.U6,C.U7
   2 nts=7 UUUAGUU D.U1,D.U2,D.U3,D.A4,D.G5,D.U6,D.U7

****************************************************************************
List of 2 splayed-apart dinucleotides
   1 C.U2      C.U3      angle=132    distance=19.4     ratio=0.91
   2 D.U2      D.U3      angle=134    distance=19.5     ratio=0.92
----------------------------------------------------------------
Summary of 2 splayed-apart units
   1 nts=2 UU C.U2,C.U3
   2 nts=2 UU D.U2,D.U3

****************************************************************************
Secondary structures in dot-bracket notation (dbn) as a whole and per chain
>1WMQ nts=14 [whole]
UUUAGUU&UUUAGUU
.......&.......
>1WMQ-C #1 nts=7 3.68(2.10) [chain] RNA
UUUAGUU
.......
>1WMQ-D #2 nts=7 3.87(2.12) [chain] RNA
UUUAGUU
.......

****************************************************************************
Summary of structural features of 14 nucleotides
  Note: the first five columns are: (1) serial number, (2) one-letter
    shorthand name, (3) dbn, (4) id string, (5) rmsd (~zero) of base
    ring atoms fitted against those in a standard base reference
    frame. The sixth (last) column contains a comma-separated list of
    features whose meanings are mostly self-explanatory, except for:
      turn: angle C1'(i-1)--C1'(i)--C1'(i+1) < 90 degrees
      break: no backbone linkage between O3'(i-1) and P(i)
   1  U . C.U1      0.003  anti,~C3'-endo,BI,ss-non-loop
   2  U . C.U2      0.002  anti,~C3'-endo,BII,non-stack,ss-non-loop,splayed-apart
   3  U . C.U3      0.007  anti,~C3'-endo,BI,non-pair-contact,ss-non-loop,splayed-apart
   4  A . C.A4      0.013  anti,~C3'-endo,BI,non-pair-contact,ss-non-loop
   5  G . C.G5      0.011  anti,non-pair-contact,ss-non-loop
   6  U . C.U6      0.038  anti,~C3'-endo,BII,non-stack,ss-non-loop
   7  U . C.U7      0.039  anti,non-stack,ss-non-loop
   8  U . D.U1      0.001  anti,~C3'-endo,BI,ss-non-loop
   9  U . D.U2      0.001  turn,anti,~C3'-endo,BII,non-stack,ss-non-loop,splayed-apart
  10  U . D.U3      0.005  anti,~C3'-endo,BI,non-pair-contact,ss-non-loop,splayed-apart
  11  A . D.A4      0.011  anti,~C3'-endo,BI,non-pair-contact,ss-non-loop
  12  G . D.G5      0.013  anti,non-pair-contact,ss-non-loop
  13  U . D.U6      0.006  anti,~C3'-endo,BII,non-stack,ss-non-loop
  14  U . D.U7      0.038  anti,non-stack,ss-non-loop

****************************************************************************
List of 6 additional files
   1 dssr-2ndstrs.bpseq -- secondary structure in bpseq format
   2 dssr-2ndstrs.ct -- secondary structure in connectivity table format
   3 dssr-2ndstrs.dbn -- secondary structure in dot-bracket notation
   4 dssr-torsions.txt -- backbone torsion angles and suite names
   5 dssr-splays.pdb -- an ensemble of splayed-apart units
   6 dssr-stacks.pdb -- an ensemble of stacks

****************************************************************************
Time used: 00:00:00:00
