****************************************************************************
              DSSR: an Integrated Software Tool for
             Dissecting the Spatial Structure of RNA
             v1.9.9-2020feb06, by xiangjun@x3dna.org

DSSR has been made possible by the NIH grant R01GM096889 (to X.J.Lu).
It is being actively maintained and developed. As always, I greatly
appreciate your feedback. Please report all DSSR-related issues on
the 3DNA Forum (forum.x3dna.org). I strive to respond promptly to any
questions posted there. DSSR is free of charge for NON-COMMERCIAL
purposes, and it comes with ABSOLUTELY NO WARRANTY.

****************************************************************************
Note: By default, each nucleotide is identified by chainId.name#. So a
      common case would be B.A1689, meaning adenosine #1689 on chain B.
      One-letter base names for modified nucleotides are put in lower
      case (e.g., 'c' for 5MC). For further information about the output
      notation, please refer to the DSSR User Manual.
    Questions and suggestions are *always* welcome on the 3DNA Forum.

Command: x3dna-dssr -i=../../pdb/2BBV.pdb --non-pair -o=2BBV_dssr.out
Date and time: Sun Aug 16 21:03:14 2020
File name: 2BBV.pdb
    no. of DNA/RNA chains: 1 [N=10]
    no. of nucleotides:    10
    no. of atoms:          7817
    no. of waters:         208
    no. of metals:         5 [Ca=5]

****************************************************************************
List of 6 non-pairing interactions
   1 N.U4     N.A5     interBase-angle=11 H-bonds[1]: "O2'(hydroxyl)-O4'[2.74]" connected min_baseDist=2.72
   2 N.A5     N.U6     stacking: 6.4(3.4)--mm(<>,outward) interBase-angle=28 connected min_baseDist=3.03
   3 N.U6     N.A7     stacking: 4.2(2.3)--pm(>>,forward) interBase-angle=22 H-bonds[1]: "O2'(hydroxyl)-O4'[3.03]" connected min_baseDist=3.96
   4 N.A7     N.U8     stacking: 1.8(0.5)--pm(>>,forward) interBase-angle=19 connected min_baseDist=2.81
   5 N.U8     N.C9     stacking: 3.4(1.0)--pm(>>,forward) interBase-angle=9 H-bonds[1]: "O2'(hydroxyl)-O4'[2.68]" connected min_baseDist=3.81
   6 N.C9     N.U10    interBase-angle=13 H-bonds[1]: "O2'(hydroxyl)-O4'[2.96]" connected min_baseDist=4.26

****************************************************************************
List of 1 stack
  Note: a stack is an ordered list of nucleotides assembled together via
        base-stacking interactions, regardless of backbone connectivity.
        Stacking interactions within a stem are *not* included.
   1 nts=5 AUAUC N.A5,N.U6,N.A7,N.U8,N.C9

****************************************************************************
Nucleotides not involved in stacking interactions
     nts=5 UCUUU N.U1,N.C2,N.U3,N.U4,N.U10

****************************************************************************
List of 1 non-loop single-stranded segment
   1 nts=10 UCUUAUAUCU N.U1,N.C2,N.U3,N.U4,N.A5,N.U6,N.A7,N.U8,N.C9,N.U10

****************************************************************************
Secondary structures in dot-bracket notation (dbn) as a whole and per chain
>2BBV nts=10 [whole]
UCUUAUAUCU
..........
>2BBV-N #1 nts=10 3.14(0.46) [chain] RNA
UCUUAUAUCU
..........

****************************************************************************
Summary of structural features of 10 nucleotides
  Note: the first five columns are: (1) serial number, (2) one-letter
    shorthand name, (3) dbn, (4) id string, (5) rmsd (~zero) of base
    ring atoms fitted against those in a standard base reference
    frame. The sixth (last) column contains a comma-separated list of
    features whose meanings are mostly self-explanatory, except for:
      turn: angle C1'(i-1)--C1'(i)--C1'(i+1) < 90 degrees
      break: no backbone linkage between O3'(i-1) and P(i)
   1  U . N.U1     0.012  anti,~C3'-endo,BI,non-stack,ss-non-loop
   2  C . N.C2     0.008  anti,~C3'-endo,BI,non-stack,ss-non-loop
   3  U . N.U3     0.012  anti,~C3'-endo,BI,non-stack,ss-non-loop
   4  U . N.U4     0.015  anti,~C3'-endo,BI,non-stack,non-pair-contact,ss-non-loop
   5  A . N.A5     0.012  syn,~C3'-endo,BI,non-pair-contact,ss-non-loop
   6  U . N.U6     0.015  anti,~C3'-endo,BI,non-pair-contact,ss-non-loop
   7  A . N.A7     0.047  anti,~C3'-endo,BI,non-pair-contact,ss-non-loop
   8  U . N.U8     0.014  anti,~C3'-endo,BI,non-pair-contact,ss-non-loop
   9  C . N.C9     0.010  anti,~C3'-endo,BI,non-pair-contact,ss-non-loop,phosphate
  10  U . N.U10    0.013  anti,~C3'-endo,non-stack,non-pair-contact,ss-non-loop,phosphate

****************************************************************************
List of 5 additional files
   1 dssr-2ndstrs.bpseq -- secondary structure in bpseq format
   2 dssr-2ndstrs.ct -- secondary structure in connectivity table format
   3 dssr-2ndstrs.dbn -- secondary structure in dot-bracket notation
   4 dssr-torsions.txt -- backbone torsion angles and suite names
   5 dssr-stacks.pdb -- an ensemble of stacks

****************************************************************************
Time used: 00:00:00:01
