****************************************************************************
              DSSR: an Integrated Software Tool for
             Dissecting the Spatial Structure of RNA
             v1.9.9-2020feb06, by xiangjun@x3dna.org

DSSR has been made possible by the NIH grant R01GM096889 (to X.J.Lu).
It is being actively maintained and developed. As always, I greatly
appreciate your feedback. Please report all DSSR-related issues on
the 3DNA Forum (forum.x3dna.org). I strive to respond promptly to any
questions posted there. DSSR is free of charge for NON-COMMERCIAL
purposes, and it comes with ABSOLUTELY NO WARRANTY.

****************************************************************************
Note: By default, each nucleotide is identified by chainId.name#. So a
      common case would be B.A1689, meaning adenosine #1689 on chain B.
      One-letter base names for modified nucleotides are put in lower
      case (e.g., 'c' for 5MC). For further information about the output
      notation, please refer to the DSSR User Manual.
    Questions and suggestions are *always* welcome on the 3DNA Forum.

Command: x3dna-dssr -i=../../pdb/2BX2.pdb --non-pair -o=2BX2_dssr.out
Date and time: Mon Aug 17 10:30:07 2020
File name: 2BX2.pdb
    no. of DNA/RNA chains: 1 [R=14]
    no. of nucleotides:    14
    no. of atoms:          4135
    no. of waters:         56
    no. of metals:         3 [Mg=2,Zn=1]

****************************************************************************
List of 8 non-pairing interactions
   1 R.A4      R.C5      stacking: 2.5(0.2)--pm(>>,forward) interBase-angle=30 connected min_baseDist=3.54
   2 R.C5      R.A6      stacking: 0.7(0.0)--pm(>>,forward) interBase-angle=22 connected min_baseDist=3.11
   3 R.A6      R.G7      stacking: 4.8(2.0)--pm(>>,forward) interBase-angle=9 connected min_baseDist=3.14
   4 R.G7      R.U8      stacking: 5.9(3.7)--pm(>>,forward) interBase-angle=21 connected min_baseDist=3.43
   5 R.U8      R.A9      stacking: 0.1(0.0)--pm(>>,forward) interBase-angle=15 H-bonds[3]: "O2'(hydroxyl)-OP1[2.49],O2'(hydroxyl)-O5'[2.53],O2'(hydroxyl)-O4'[2.41]" connected min_baseDist=3.53
   6 R.A9      R.U10     stacking: 4.4(2.8)--pp(><,inward) interBase-angle=5 connected min_baseDist=3.37
   7 R.U10     R.U11     stacking: 4.2(1.5)--mm(<>,outward) interBase-angle=7 connected min_baseDist=3.70
   8 R.U11     R.U12     stacking: 3.3(1.4)--pm(>>,forward) interBase-angle=13 connected min_baseDist=3.20

****************************************************************************
List of 1 stack
  Note: a stack is an ordered list of nucleotides assembled together via
        base-stacking interactions, regardless of backbone connectivity.
        Stacking interactions within a stem are *not* included.
   1 nts=9 ACAGUAUUU R.A4,R.C5,R.A6,R.G7,R.U8,R.A9,R.U10,R.U11,R.U12

****************************************************************************
Nucleotides not involved in stacking interactions
     nts=5 UUUGU R.U1,R.U2,R.U3,R.G13,R.U14

****************************************************************************
List of 1 atom-base capping interaction
    dv: vertical distance of the atom above the nucleotide base
    -----------------------------------------------------------
     type       atom                 nt             dv
   1 sugar      O4'@R.A6             R.C5           3.42

****************************************************************************
List of 1 non-loop single-stranded segment
   1 nts=14 UUUACAGUAUUUGU R.U1,R.U2,R.U3,R.A4,R.C5,R.A6,R.G7,R.U8,R.A9,R.U10,R.U11,R.U12,R.G13,R.U14

****************************************************************************
Secondary structures in dot-bracket notation (dbn) as a whole and per chain
>2BX2 nts=14 [whole]
UUUACAGUAUUUGU
..............
>2BX2-R #1 nts=14 3.73(1.50) [chain] RNA
UUUACAGUAUUUGU
..............

****************************************************************************
Summary of structural features of 14 nucleotides
  Note: the first five columns are: (1) serial number, (2) one-letter
    shorthand name, (3) dbn, (4) id string, (5) rmsd (~zero) of base
    ring atoms fitted against those in a standard base reference
    frame. The sixth (last) column contains a comma-separated list of
    features whose meanings are mostly self-explanatory, except for:
      turn: angle C1'(i-1)--C1'(i)--C1'(i+1) < 90 degrees
      break: no backbone linkage between O3'(i-1) and P(i)
   1  U . R.U1      0.008  anti,~C2'-endo,BII,non-stack,ss-non-loop,phosphate
   2  U . R.U2      0.011  anti,~C2'-endo,BII,non-stack,ss-non-loop,phosphate
   3  U . R.U3      0.008  anti,~C3'-endo,non-stack,ss-non-loop,phosphate
   4  A . R.A4      0.011  anti,~C3'-endo,BI,non-pair-contact,ss-non-loop
   5  C . R.C5      0.013  anti,~C3'-endo,BI,non-pair-contact,ss-non-loop,cap-acceptor
   6  A . R.A6      0.008  anti,~C3'-endo,BI,non-pair-contact,ss-non-loop,cap-donor
   7  G . R.G7      0.003  anti,~C3'-endo,BI,non-pair-contact,ss-non-loop
   8  U . R.U8      0.005  anti,~C3'-endo,non-pair-contact,ss-non-loop
   9  A . R.A9      0.003  anti,~C3'-endo,non-pair-contact,ss-non-loop,phosphate
  10  U . R.U10     0.013  syn,~C3'-endo,BI,non-pair-contact,ss-non-loop
  11  U . R.U11     0.016  anti,~C3'-endo,BI,non-pair-contact,ss-non-loop
  12  U . R.U12     0.023  anti,~C3'-endo,non-pair-contact,ss-non-loop
  13  G . R.G13     0.004  anti,~C2'-endo,non-stack,ss-non-loop
  14  U . R.U14     0.005  syn,~C2'-endo,non-stack,ss-non-loop

****************************************************************************
List of 6 additional files
   1 dssr-2ndstrs.bpseq -- secondary structure in bpseq format
   2 dssr-2ndstrs.ct -- secondary structure in connectivity table format
   3 dssr-2ndstrs.dbn -- secondary structure in dot-bracket notation
   4 dssr-torsions.txt -- backbone torsion angles and suite names
   5 dssr-stacks.pdb -- an ensemble of stacks
   6 dssr-atom2bases.pdb -- an ensemble of atom-base stacking interactions

****************************************************************************
Time used: 00:00:00:00
