****************************************************************************
              DSSR: an Integrated Software Tool for
             Dissecting the Spatial Structure of RNA
             v1.9.9-2020feb06, by xiangjun@x3dna.org

DSSR has been made possible by the NIH grant R01GM096889 (to X.J.Lu).
It is being actively maintained and developed. As always, I greatly
appreciate your feedback. Please report all DSSR-related issues on
the 3DNA Forum (forum.x3dna.org). I strive to respond promptly to any
questions posted there. DSSR is free of charge for NON-COMMERCIAL
purposes, and it comes with ABSOLUTELY NO WARRANTY.

****************************************************************************
Note: By default, each nucleotide is identified by chainId.name#. So a
      common case would be B.A1689, meaning adenosine #1689 on chain B.
      One-letter base names for modified nucleotides are put in lower
      case (e.g., 'c' for 5MC). For further information about the output
      notation, please refer to the DSSR User Manual.
    Questions and suggestions are *always* welcome on the 3DNA Forum.

Command: x3dna-dssr -i=../../pdb/2KH9.pdb --non-pair -o=2KH9_dssr.out
Date and time: Sun Aug 16 19:05:09 2020
File name: 2KH9.pdb
    no. of DNA/RNA chains: 1 [B=6]
    no. of nucleotides:    6
    no. of atoms:          1612
    no. of waters:         0
    no. of metals:         0

****************************************************************************
List of 5 non-pairing interactions
   1 B.A49    B.G50    interBase-angle=72 H-bonds[1]: "O2'(hydroxyl)-O4'[2.52]" connected min_baseDist=4.01
   2 B.G50    B.A51    interBase-angle=65 H-bonds[1]: "O5'*OP1[3.36]" connected min_baseDist=6.97
   3 B.A51    B.G52    interBase-angle=64 H-bonds[1]: "O2'(hydroxyl)-OP2[2.53]" connected min_baseDist=2.82
   4 B.G52    B.A53    stacking: 0.3(0.0)--mm(<>,outward) interBase-angle=29 H-bonds[1]: "O2'(hydroxyl)-OP2[3.47]" connected min_baseDist=3.46
   5 B.A53    B.U54    stacking: 5.2(2.2)--pm(>>,forward) interBase-angle=23 connected min_baseDist=3.60

****************************************************************************
List of 4 stacks
  Note: a stack is an ordered list of nucleotides assembled together via
        base-stacking interactions, regardless of backbone connectivity.
        Stacking interactions within a stem are *not* included.
   1 nts=2 WG A.TRP120,B.G50
   2 nts=2 RG A.ARG148,B.G52
   3 nts=2 YA A.TYR162,B.A51
   4 nts=2 AU B.A53,B.U54

****************************************************************************
Nucleotides not involved in stacking interactions
     nts=1 A B.A49

****************************************************************************
List of 1 atom-base capping interaction
    dv: vertical distance of the atom above the nucleotide base
    -----------------------------------------------------------
     type       atom                 nt             dv
   1 sugar      O4'@B.G52            B.A53          3.15

****************************************************************************
List of 1 non-loop single-stranded segment
   1 nts=6 AGAGAU B.A49,B.G50,B.A51,B.G52,B.A53,B.U54

****************************************************************************
Secondary structures in dot-bracket notation (dbn) as a whole and per chain
>2KH9 nts=6 [whole]
AGAGAU
......
>2KH9-B #1 nts=6 3.76(1.66) [chain] RNA
AGAGAU
......

****************************************************************************
Summary of structural features of 6 nucleotides
  Note: the first five columns are: (1) serial number, (2) one-letter
    shorthand name, (3) dbn, (4) id string, (5) rmsd (~zero) of base
    ring atoms fitted against those in a standard base reference
    frame. The sixth (last) column contains a comma-separated list of
    features whose meanings are mostly self-explanatory, except for:
      turn: angle C1'(i-1)--C1'(i)--C1'(i+1) < 90 degrees
      break: no backbone linkage between O3'(i-1) and P(i)
   1  A . B.A49    0.003  anti,~C3'-endo,BI,non-stack,non-pair-contact,ss-non-loop
   2  G . B.G50    0.003  anti,BII,non-pair-contact,ss-non-loop,phosphate
   3  A . B.A51    0.013  anti,~C2'-endo,non-pair-contact,ss-non-loop
   4  G . B.G52    0.015  anti,~C2'-endo,BII,non-pair-contact,ss-non-loop,cap-donor,phosphate
   5  A . B.A53    0.010  anti,~C3'-endo,BI,non-pair-contact,ss-non-loop,cap-acceptor,phosphate
   6  U . B.U54    0.003  anti,~C3'-endo,non-pair-contact,ss-non-loop

****************************************************************************
List of 6 additional files
   1 dssr-2ndstrs.bpseq -- secondary structure in bpseq format
   2 dssr-2ndstrs.ct -- secondary structure in connectivity table format
   3 dssr-2ndstrs.dbn -- secondary structure in dot-bracket notation
   4 dssr-torsions.txt -- backbone torsion angles and suite names
   5 dssr-stacks.pdb -- an ensemble of stacks
   6 dssr-atom2bases.pdb -- an ensemble of atom-base stacking interactions

****************************************************************************
Time used: 00:00:00:00
