****************************************************************************
              DSSR: an Integrated Software Tool for
             Dissecting the Spatial Structure of RNA
             v1.9.9-2020feb06, by xiangjun@x3dna.org

DSSR has been made possible by the NIH grant R01GM096889 (to X.J.Lu).
It is being actively maintained and developed. As always, I greatly
appreciate your feedback. Please report all DSSR-related issues on
the 3DNA Forum (forum.x3dna.org). I strive to respond promptly to any
questions posted there. DSSR is free of charge for NON-COMMERCIAL
purposes, and it comes with ABSOLUTELY NO WARRANTY.

****************************************************************************
Note: By default, each nucleotide is identified by chainId.name#. So a
      common case would be B.A1689, meaning adenosine #1689 on chain B.
      One-letter base names for modified nucleotides are put in lower
      case (e.g., 'c' for 5MC). For further information about the output
      notation, please refer to the DSSR User Manual.
    Questions and suggestions are *always* welcome on the 3DNA Forum.

Command: x3dna-dssr -i=../../pdb/2XB2.pdb --non-pair -o=2XB2_dssr.out
Date and time: Tue Aug 18 23:02:41 2020
File name: 2XB2.pdb
    no. of DNA/RNA chains: 2 [E=8,R=7]
    no. of nucleotides:    17
    no. of atoms:          11710
    no. of waters:         0
    no. of metals:         2 [Mg=2]

****************************************************************************
List of 1 type of 2 modified nucleotides
      nt    count  list
   1 ANP-a    2    A.ANP1413,X.ANP1413

****************************************************************************
List of 8 non-pairing interactions
   1 E.U1      E.U2      interBase-angle=81 H-bonds[2]: "O2'(hydroxyl)-O5'[2.54],O2'(hydroxyl)-O4'[2.88]" connected min_baseDist=7.07
   2 E.U2      E.U3      stacking: 4.7(2.3)--pm(>>,forward) interBase-angle=20 connected min_baseDist=3.50
   3 E.U3      E.U4      stacking: 2.8(1.2)--pm(>>,forward) interBase-angle=10 connected min_baseDist=3.37
   4 E.U4      E.U5      stacking: 6.4(3.4)--pm(>>,forward) interBase-angle=34 connected min_baseDist=2.85
   5 E.U6      E.U7      stacking: 7.1(2.9)--pm(>>,forward) interBase-angle=39 connected min_baseDist=3.71
   6 R.U2      R.U3      stacking: 3.2(1.5)--pm(>>,forward) interBase-angle=12 connected min_baseDist=3.73
   7 R.U3      R.U4      stacking: 3.4(1.5)--pm(>>,forward) interBase-angle=6 connected min_baseDist=3.27
   8 R.U4      R.U5      stacking: 6.5(3.5)--pm(>>,forward) interBase-angle=28 connected min_baseDist=2.97

****************************************************************************
List of 5 stacks
  Note: a stack is an ordered list of nucleotides assembled together via
        base-stacking interactions, regardless of backbone connectivity.
        Stacking interactions within a stem are *not* included.
   1 nts=2 UU E.U6,E.U7
   2 nts=3 FaY A.PHE58,A.ANP1413,A.TYR371
   3 nts=3 FaY X.PHE58,X.ANP1413,X.TYR371
   4 nts=5 UUUUF E.U5,E.U4,E.U3,E.U2,T.PHE188
   5 nts=5 UUUUF R.U5,R.U4,R.U3,R.U2,S.PHE188

****************************************************************************
Nucleotides not involved in stacking interactions
     nts=5 UUUUU E.U1,E.U8,R.U1,R.U6,R.U7

****************************************************************************
List of 4 non-loop single-stranded segments
   1 nts=8 UUUUUUUU E.U1,E.U2,E.U3,E.U4,E.U5,E.U6,E.U7,E.U8
   2 nts=7 UUUUUUU R.U1,R.U2,R.U3,R.U4,R.U5,R.U6,R.U7
   3 nts=1 a A.ANP1413
   4 nts=1 a X.ANP1413

****************************************************************************
List of 2 splayed-apart dinucleotides
   1 E.U1      E.U2      angle=106    distance=14.7     ratio=0.80
   2 E.U7      E.U8      angle=103    distance=14.2     ratio=0.78
----------------------------------------------------------------
Summary of 2 splayed-apart units
   1 nts=2 UU E.U1,E.U2
   2 nts=2 UU E.U7,E.U8

****************************************************************************
Secondary structures in dot-bracket notation (dbn) as a whole and per chain
>2XB2 nts=17 [whole]
UUUUUUUU&UUUUUUU&a&a
........&.......&.&.
>2XB2-E #1 nts=8 4.40(1.75) [chain] RNA
UUUUUUUU
........
>2XB2-R #2 nts=7 3.61(1.16) [chain] RNA
UUUUUUU
.......

****************************************************************************
Summary of structural features of 17 nucleotides
  Note: the first five columns are: (1) serial number, (2) one-letter
    shorthand name, (3) dbn, (4) id string, (5) rmsd (~zero) of base
    ring atoms fitted against those in a standard base reference
    frame. The sixth (last) column contains a comma-separated list of
    features whose meanings are mostly self-explanatory, except for:
      turn: angle C1'(i-1)--C1'(i)--C1'(i+1) < 90 degrees
      break: no backbone linkage between O3'(i-1) and P(i)
   1  U . E.U1      0.005  anti,~C2'-endo,BI,non-stack,non-pair-contact,ss-non-loop,splayed-apart
   2  U . E.U2      0.004  anti,~C3'-endo,non-pair-contact,ss-non-loop,splayed-apart
   3  U . E.U3      0.004  anti,~C3'-endo,BI,non-pair-contact,ss-non-loop,phosphate
   4  U . E.U4      0.005  anti,~C3'-endo,BI,non-pair-contact,ss-non-loop,phosphate
   5  U . E.U5      0.005  anti,~C3'-endo,BI,non-pair-contact,ss-non-loop,phosphate
   6  U . E.U6      0.005  anti,~C3'-endo,non-pair-contact,ss-non-loop,phosphate
   7  U . E.U7      0.005  anti,~C3'-endo,BII,non-pair-contact,ss-non-loop,phosphate,splayed-apart
   8  U . E.U8      0.005  anti,~C3'-endo,non-stack,ss-non-loop,splayed-apart
   9  U . R.U1      0.005  anti,~C3'-endo,non-stack,ss-non-loop
  10  U . R.U2      0.005  anti,~C3'-endo,non-pair-contact,ss-non-loop
  11  U . R.U3      0.005  anti,~C3'-endo,BI,non-pair-contact,ss-non-loop,phosphate
  12  U . R.U4      0.005  anti,~C3'-endo,BI,non-pair-contact,ss-non-loop,phosphate
  13  U . R.U5      0.005  anti,~C3'-endo,BI,non-pair-contact,ss-non-loop,phosphate
  14  U . R.U6      0.004  anti,~C3'-endo,non-stack,ss-non-loop,phosphate
  15  U . R.U7      0.004  anti,~C3'-endo,non-stack,ss-non-loop,phosphate
  16  a . A.ANP1413 0.056  modified,anti,~C2'-endo,ss-non-loop
  17  a . X.ANP1413 0.056  modified,anti,~C2'-endo,ss-non-loop

****************************************************************************
List of 6 additional files
   1 dssr-2ndstrs.bpseq -- secondary structure in bpseq format
   2 dssr-2ndstrs.ct -- secondary structure in connectivity table format
   3 dssr-2ndstrs.dbn -- secondary structure in dot-bracket notation
   4 dssr-torsions.txt -- backbone torsion angles and suite names
   5 dssr-splays.pdb -- an ensemble of splayed-apart units
   6 dssr-stacks.pdb -- an ensemble of stacks

****************************************************************************
Time used: 00:00:00:01
