****************************************************************************
              DSSR: an Integrated Software Tool for
             Dissecting the Spatial Structure of RNA
             v1.9.9-2020feb06, by xiangjun@x3dna.org

DSSR has been made possible by the NIH grant R01GM096889 (to X.J.Lu).
It is being actively maintained and developed. As always, I greatly
appreciate your feedback. Please report all DSSR-related issues on
the 3DNA Forum (forum.x3dna.org). I strive to respond promptly to any
questions posted there. DSSR is free of charge for NON-COMMERCIAL
purposes, and it comes with ABSOLUTELY NO WARRANTY.

****************************************************************************
Note: By default, each nucleotide is identified by chainId.name#. So a
      common case would be B.A1689, meaning adenosine #1689 on chain B.
      One-letter base names for modified nucleotides are put in lower
      case (e.g., 'c' for 5MC). For further information about the output
      notation, please refer to the DSSR User Manual.
    Questions and suggestions are *always* welcome on the 3DNA Forum.

Command: x3dna-dssr -i=../../pdb/2XC7.pdb --non-pair -o=2XC7_dssr.out
Date and time: Tue Aug 18 23:16:48 2020
File name: 2XC7.pdb
    no. of DNA/RNA chains: 1 [P=4]
    no. of nucleotides:    4
    no. of atoms:          1722
    no. of waters:         0
    no. of metals:         0

****************************************************************************
List of 3 non-pairing interactions
   1 P.A600   P.U601   interBase-angle=67 H-bonds[1]: "O2'(hydroxyl)-OP2[2.70]" connected min_baseDist=9.73
   2 P.U601   P.C602   interBase-angle=80 H-bonds[1]: "O2'(hydroxyl)-OP2[2.69]" connected min_baseDist=9.31
   3 P.C602   P.G603   interBase-angle=47 H-bonds[2]: "O2'(hydroxyl)-O5'[2.60],O2(carbonyl)*N7[3.33]" connected min_baseDist=3.33

****************************************************************************
Nucleotides not involved in stacking interactions
     nts=3 ACG P.A600,P.C602,P.G603

****************************************************************************
List of 1 non-loop single-stranded segment
   1 nts=4 AUCG P.A600,P.U601,P.C602,P.G603

****************************************************************************
List of 2 splayed-apart dinucleotides
   1 P.A600   P.U601   angle=124    distance=17.1     ratio=0.88
   2 P.U601   P.C602   angle=139    distance=17.8     ratio=0.94
----------------------------------------------------------------
Summary of 1 splayed-apart unit
   1 nts=3 AUC P.A600,P.U601,P.C602

****************************************************************************
Secondary structures in dot-bracket notation (dbn) as a whole and per chain
>2XC7 nts=4 [whole]
AUCG
....
>2XC7-P #1 nts=4 5.38(0.32) [chain] RNA
AUCG
....

****************************************************************************
Summary of structural features of 4 nucleotides
  Note: the first five columns are: (1) serial number, (2) one-letter
    shorthand name, (3) dbn, (4) id string, (5) rmsd (~zero) of base
    ring atoms fitted against those in a standard base reference
    frame. The sixth (last) column contains a comma-separated list of
    features whose meanings are mostly self-explanatory, except for:
      turn: angle C1'(i-1)--C1'(i)--C1'(i+1) < 90 degrees
      break: no backbone linkage between O3'(i-1) and P(i)
   1  A . P.A600   0.003  anti,~C2'-endo,non-stack,non-pair-contact,ss-non-loop,splayed-apart
   2  U . P.U601   0.004  anti,~C2'-endo,non-pair-contact,ss-non-loop,phosphate,splayed-apart
   3  C . P.C602   0.001  anti,~C3'-endo,BI,non-stack,non-pair-contact,ss-non-loop,phosphate,splayed-apart
   4  G . P.G603   0.004  anti,~C2'-endo,non-stack,non-pair-contact,ss-non-loop

****************************************************************************
List of 5 additional files
   1 dssr-2ndstrs.bpseq -- secondary structure in bpseq format
   2 dssr-2ndstrs.ct -- secondary structure in connectivity table format
   3 dssr-2ndstrs.dbn -- secondary structure in dot-bracket notation
   4 dssr-torsions.txt -- backbone torsion angles and suite names
   5 dssr-splays.pdb -- an ensemble of splayed-apart units

****************************************************************************
Time used: 00:00:00:00
