****************************************************************************
              DSSR: an Integrated Software Tool for
             Dissecting the Spatial Structure of RNA
             v1.9.9-2020feb06, by xiangjun@x3dna.org

DSSR has been made possible by the NIH grant R01GM096889 (to X.J.Lu).
It is being actively maintained and developed. As always, I greatly
appreciate your feedback. Please report all DSSR-related issues on
the 3DNA Forum (forum.x3dna.org). I strive to respond promptly to any
questions posted there. DSSR is free of charge for NON-COMMERCIAL
purposes, and it comes with ABSOLUTELY NO WARRANTY.

****************************************************************************
Note: By default, each nucleotide is identified by chainId.name#. So a
      common case would be B.A1689, meaning adenosine #1689 on chain B.
      One-letter base names for modified nucleotides are put in lower
      case (e.g., 'c' for 5MC). For further information about the output
      notation, please refer to the DSSR User Manual.
    Questions and suggestions are *always* welcome on the 3DNA Forum.

Command: x3dna-dssr -i=../../pdb/2YH1.pdb --non-pair -o=2YH1_dssr.out
Date and time: Tue Aug 18 23:06:47 2020
File name: 2YH1.pdb
    no. of DNA/RNA chains: 1 [B=9]
    no. of nucleotides:    9
    no. of atoms:          3255
    no. of waters:         0
    no. of metals:         0

****************************************************************************
List of 3 non-pairing interactions
   1 B.U601   B.U602   interBase-angle=74 H-bonds[1]: "O2'(hydroxyl)-OP1[2.37]" connected min_baseDist=9.67
   2 B.U604   B.U605   interBase-angle=36 H-bonds[1]: "O2'(hydroxyl)-OP2[3.03]" connected min_baseDist=9.81
   3 B.U607   B.U608   interBase-angle=13 H-bonds[1]: "O2'(hydroxyl)-O4'[2.73]" connected min_baseDist=3.92

****************************************************************************
List of 5 stacks
  Note: a stack is an ordered list of nucleotides assembled together via
        base-stacking interactions, regardless of backbone connectivity.
        Stacking interactions within a stem are *not* included.
   1 nts=2 RU A.ARG150,B.U608
   2 nts=2 YU A.TYR152,B.U606
   3 nts=2 FU A.PHE199,B.U607
   4 nts=2 FU A.PHE262,B.U603
   5 nts=2 FU A.PHE304,B.U604

****************************************************************************
Nucleotides not involved in stacking interactions
     nts=3 UUU B.U601,B.U602,B.U609

****************************************************************************
List of 1 atom-base capping interaction
    dv: vertical distance of the atom above the nucleotide base
    -----------------------------------------------------------
     type       atom                 nt             dv
   1 other      OG@A.SER294          B.U605         3.06

****************************************************************************
List of 1 non-loop single-stranded segment
   1 nts=9 UUUUUUUUU B.U601,B.U602,B.U603,B.U604,B.U605,B.U606,B.U607,B.U608,B.U609

****************************************************************************
List of 5 splayed-apart dinucleotides
   1 B.U601   B.U602   angle=139    distance=17.9     ratio=0.94
   2 B.U602   B.U603   angle=91     distance=13.6     ratio=0.71
   3 B.U604   B.U605   angle=149    distance=18.6     ratio=0.96
   4 B.U605   B.U606   angle=153    distance=18.1     ratio=0.97
   5 B.U608   B.U609   angle=124    distance=18.6     ratio=0.88
----------------------------------------------------------------
Summary of 3 splayed-apart units
   1 nts=3 UUU B.U601,B.U602,B.U603
   2 nts=3 UUU B.U604,B.U605,B.U606
   3 nts=2 UU B.U608,B.U609

****************************************************************************
Secondary structures in dot-bracket notation (dbn) as a whole and per chain
>2YH1 nts=9 [whole]
UUUUUUUUU
.........
>2YH1-B #1 nts=9 1.13(1.80) [chain] RNA
UUUUUUUUU
.........

****************************************************************************
Summary of structural features of 9 nucleotides
  Note: the first five columns are: (1) serial number, (2) one-letter
    shorthand name, (3) dbn, (4) id string, (5) rmsd (~zero) of base
    ring atoms fitted against those in a standard base reference
    frame. The sixth (last) column contains a comma-separated list of
    features whose meanings are mostly self-explanatory, except for:
      turn: angle C1'(i-1)--C1'(i)--C1'(i+1) < 90 degrees
      break: no backbone linkage between O3'(i-1) and P(i)
   1  U . B.U601   0.003  anti,~C2'-endo,non-stack,non-pair-contact,ss-non-loop,splayed-apart
   2  U . B.U602   0.003  anti,~C2'-endo,BII,non-stack,non-pair-contact,ss-non-loop,phosphate,splayed-apart
   3  U . B.U603   0.003  anti,~C2'-endo,BII,ss-non-loop,splayed-apart
   4  U . B.U604   0.006  anti,~C3'-endo,non-pair-contact,ss-non-loop,phosphate,splayed-apart
   5  U . B.U605   0.003  turn,anti,~C3'-endo,non-pair-contact,ss-non-loop,cap-acceptor,phosphate,splayed-apart
   6  U . B.U606   0.002  anti,ss-non-loop,splayed-apart
   7  U . B.U607   0.003  anti,~C3'-endo,BI,non-pair-contact,ss-non-loop
   8  U . B.U608   0.002  turn,anti,~C2'-endo,BII,non-pair-contact,ss-non-loop,splayed-apart
   9  U . B.U609   0.002  anti,~C3'-endo,non-stack,ss-non-loop,splayed-apart

****************************************************************************
List of 7 additional files
   1 dssr-2ndstrs.bpseq -- secondary structure in bpseq format
   2 dssr-2ndstrs.ct -- secondary structure in connectivity table format
   3 dssr-2ndstrs.dbn -- secondary structure in dot-bracket notation
   4 dssr-torsions.txt -- backbone torsion angles and suite names
   5 dssr-splays.pdb -- an ensemble of splayed-apart units
   6 dssr-stacks.pdb -- an ensemble of stacks
   7 dssr-atom2bases.pdb -- an ensemble of atom-base stacking interactions

****************************************************************************
Time used: 00:00:00:00
