****************************************************************************
              DSSR: an Integrated Software Tool for
             Dissecting the Spatial Structure of RNA
             v1.9.9-2020feb06, by xiangjun@x3dna.org

DSSR has been made possible by the NIH grant R01GM096889 (to X.J.Lu).
It is being actively maintained and developed. As always, I greatly
appreciate your feedback. Please report all DSSR-related issues on
the 3DNA Forum (forum.x3dna.org). I strive to respond promptly to any
questions posted there. DSSR is free of charge for NON-COMMERCIAL
purposes, and it comes with ABSOLUTELY NO WARRANTY.

****************************************************************************
Note: By default, each nucleotide is identified by chainId.name#. So a
      common case would be B.A1689, meaning adenosine #1689 on chain B.
      One-letter base names for modified nucleotides are put in lower
      case (e.g., 'c' for 5MC). For further information about the output
      notation, please refer to the DSSR User Manual.
    Questions and suggestions are *always* welcome on the 3DNA Forum.

Command: x3dna-dssr -i=../../pdb/3IE1.pdb --non-pair -o=3IE1_dssr.out
Date and time: Mon Aug 17 06:25:20 2020
File name: 3IE1.pdb
    no. of DNA/RNA chains: 4 [E=4,F=4,G=2,H=4]
    no. of nucleotides:    14
    no. of atoms:          13910
    no. of waters:         38
    no. of metals:         8 [Zn=8]

****************************************************************************
List of 5 non-pairing interactions
   1 E.U3      E.U4      interBase-angle=49 H-bonds[1]: "O2'(hydroxyl)-OP2[3.23]" connected min_baseDist=4.60
   2 F.U1      F.U2      interBase-angle=88 H-bonds[1]: "O2'(hydroxyl)-OP1[2.32]" connected min_baseDist=5.49
   3 G.U1      G.U2      interBase-angle=48 H-bonds[1]: "O2'(hydroxyl)-OP2[2.95]" connected min_baseDist=3.25
   4 H.U1      H.U2      interBase-angle=39 H-bonds[1]: "O2'(hydroxyl)-O5'[2.54]" connected min_baseDist=5.05
   5 H.U3      H.U4      interBase-angle=38 H-bonds[1]: "O2'(hydroxyl)-OP1[2.47]" connected min_baseDist=5.05

****************************************************************************
List of 1 stack
  Note: a stack is an ordered list of nucleotides assembled together via
        base-stacking interactions, regardless of backbone connectivity.
        Stacking interactions within a stem are *not* included.
   1 nts=2 QU A.GLN34,E.U1

****************************************************************************
Nucleotides not involved in stacking interactions
     nts=9 UUUUUUUUU E.U2,E.U3,E.U4,F.U1,F.U2,G.U1,H.U2,H.U3,H.U4

****************************************************************************
List of 4 non-loop single-stranded segments
   1 nts=4 UUUU E.U1,E.U2,E.U3,E.U4
   2 nts=4 UUUU F.U1,F.U2,F.U3,F.U4
   3 nts=2 UU G.U1,G.U2
   4 nts=4 UUUU H.U1,H.U2,H.U3,H.U4

****************************************************************************
Secondary structures in dot-bracket notation (dbn) as a whole and per chain
>3IE1 nts=14 [whole]
UUUU&UUUU&UU&UUUU
....&....&..&....
>3IE1-E #1 nts=4 2.26(0.20) [chain] RNA
UUUU
....
>3IE1-F #2 nts=4 5.23(0.26) [chain] RNA
UUUU
....
>3IE1-G #3 nts=2 [chain] RNA
UU
..
>3IE1-H #4 nts=4 4.72(0.05) [chain] RNA
UUUU
....

****************************************************************************
Summary of structural features of 14 nucleotides
  Note: the first five columns are: (1) serial number, (2) one-letter
    shorthand name, (3) dbn, (4) id string, (5) rmsd (~zero) of base
    ring atoms fitted against those in a standard base reference
    frame. The sixth (last) column contains a comma-separated list of
    features whose meanings are mostly self-explanatory, except for:
      turn: angle C1'(i-1)--C1'(i)--C1'(i+1) < 90 degrees
      break: no backbone linkage between O3'(i-1) and P(i)
   1  U . E.U1      0.013  anti,~C3'-endo,BI,ss-non-loop,phosphate
   2  U . E.U2      0.004  anti,~C2'-endo,non-stack,ss-non-loop,phosphate
   3  U . E.U3      0.002  anti,~C2'-endo,non-stack,non-pair-contact,ss-non-loop,phosphate
   4  U . E.U4      0.008  syn,~C3'-endo,non-stack,non-pair-contact,ss-non-loop,phosphate
   5  U . F.U1      0.004  anti,~C3'-endo,non-stack,non-pair-contact,ss-non-loop,phosphate
   6  U . F.U2      0.005  anti,~C2'-endo,non-stack,non-pair-contact,ss-non-loop,phosphate
   7  U . F.U3      0.007  anti,~C2'-endo,ss-non-loop,phosphate
   8  U . F.U4      0.013  anti,~C3'-endo,ss-non-loop,phosphate
   9  U . G.U1      0.002  anti,~C2'-endo,BI,non-stack,non-pair-contact,ss-non-loop
  10  U . G.U2      0.005  anti,~C3'-endo,non-pair-contact,ss-non-loop,phosphate
  11  U . H.U1      0.004  syn,~C2'-endo,BI,non-pair-contact,ss-non-loop,phosphate
  12  U . H.U2      0.007  anti,BI,non-stack,non-pair-contact,ss-non-loop,phosphate
  13  U . H.U3      0.004  ~C3'-endo,non-stack,non-pair-contact,ss-non-loop,phosphate
  14  U . H.U4      0.005  ~C3'-endo,non-stack,non-pair-contact,ss-non-loop,phosphate

****************************************************************************
List of 5 additional files
   1 dssr-2ndstrs.bpseq -- secondary structure in bpseq format
   2 dssr-2ndstrs.ct -- secondary structure in connectivity table format
   3 dssr-2ndstrs.dbn -- secondary structure in dot-bracket notation
   4 dssr-torsions.txt -- backbone torsion angles and suite names
   5 dssr-stacks.pdb -- an ensemble of stacks

****************************************************************************
Time used: 00:00:00:01
