****************************************************************************
              DSSR: an Integrated Software Tool for
             Dissecting the Spatial Structure of RNA
             v1.9.9-2020feb06, by xiangjun@x3dna.org

DSSR has been made possible by the NIH grant R01GM096889 (to X.J.Lu).
It is being actively maintained and developed. As always, I greatly
appreciate your feedback. Please report all DSSR-related issues on
the 3DNA Forum (forum.x3dna.org). I strive to respond promptly to any
questions posted there. DSSR is free of charge for NON-COMMERCIAL
purposes, and it comes with ABSOLUTELY NO WARRANTY.

****************************************************************************
Note: By default, each nucleotide is identified by chainId.name#. So a
      common case would be B.A1689, meaning adenosine #1689 on chain B.
      One-letter base names for modified nucleotides are put in lower
      case (e.g., 'c' for 5MC). For further information about the output
      notation, please refer to the DSSR User Manual.
    Questions and suggestions are *always* welcome on the 3DNA Forum.

Command: x3dna-dssr -i=../../pdb/3IEM.pdb --non-pair -o=3IEM_dssr.out
Date and time: Mon Aug 17 05:04:54 2020
File name: 3IEM.pdb
    no. of DNA/RNA chains: 10 [G=5,H=3,I=4,J=2,K=3,L=2,M=1,N=2,O=2,P=1]
    no. of nucleotides:    25
    no. of atoms:          14354
    no. of waters:         224
    no. of metals:         8 [Zn=8]

****************************************************************************
List of 1 type of 25 modified nucleotides
      nt    count  list
   1 SSU-u   25    G.SSU2,G.SSU3,G.SSU4,G.SSU5,G.SSU6,H.SSU2,H.SSU3,H.SSU4,I.SSU2,I.SSU3,I.SSU4,I.SSU5,J.SSU2,J.SSU3,K.SSU1,K.SSU2,K.SSU3,L.SSU2,L.SSU3,M.SSU1,N.SSU2,N.SSU3,O.SSU1,O.SSU2,P.SSU1

****************************************************************************
List of 10 non-pairing interactions
   1 G.SSU3    G.SSU4    interBase-angle=78 H-bonds[3]: "O2'(hydroxyl)-O4'[2.57],O2'(hydroxyl)-O5'[2.51],O2'(hydroxyl)-OP2[3.16]" connected min_baseDist=4.73
   2 G.SSU4    G.SSU5    interBase-angle=73 H-bonds[1]: "O2'(hydroxyl)-O4'[3.43]" connected min_baseDist=3.73
   3 G.SSU5    G.SSU6    interBase-angle=19 H-bonds[1]: "O2'(hydroxyl)-O3'[3.23]" connected min_baseDist=5.58
   4 H.SSU3    H.SSU4    interBase-angle=83 H-bonds[1]: "O2'(hydroxyl)-O5'[3.52]" connected min_baseDist=9.20
   5 I.SSU2    I.SSU3    interBase-angle=5 H-bonds[1]: "O2'(hydroxyl)-O5'[2.89]" connected min_baseDist=4.15
   6 I.SSU3    I.SSU4    interBase-angle=88 H-bonds[1]: "O2(carbonyl)*O4'[3.28]" connected min_baseDist=3.36
   7 J.SSU2    J.SSU3    interBase-angle=29 H-bonds[1]: "O2'(hydroxyl)-O5'[2.78]" connected min_baseDist=6.34
   8 K.SSU2    K.SSU3    interBase-angle=84 H-bonds[1]: "O2'(hydroxyl)-O4'[2.77]" connected min_baseDist=3.43
   9 N.SSU2    N.SSU3    interBase-angle=88 H-bonds[1]: "O2'(hydroxyl)-O4'[3.42]" connected min_baseDist=2.98
  10 O.SSU1    O.SSU2    stacking: 0.2(0.0)--mp(<<,backward) interBase-angle=63 connected min_baseDist=3.63

****************************************************************************
List of 9 stacks
  Note: a stack is an ordered list of nucleotides assembled together via
        base-stacking interactions, regardless of backbone connectivity.
        Stacking interactions within a stem are *not* included.
   1 nts=2 Qu A.GLN34,G.SSU3
   2 nts=2 Yu A.TYR341,G.SSU2
   3 nts=2 Qu B.GLN34,K.SSU2
   4 nts=2 Eu B.GLU51,H.SSU3
   5 nts=2 Yu B.TYR341,K.SSU1
   6 nts=2 Yu C.TYR341,P.SSU1
   7 nts=2 Qu D.GLN34,I.SSU3
   8 nts=2 Yu D.TYR341,I.SSU2
   9 nts=2 uu O.SSU1,O.SSU2

****************************************************************************
Nucleotides not involved in stacking interactions
     nts=11 uuuuuuuuuuu G.SSU4,G.SSU6,H.SSU2,J.SSU2,J.SSU3,K.SSU3,L.SSU2,L.SSU3,M.SSU1,N.SSU2,N.SSU3

****************************************************************************
List of 1 atom-base capping interaction
    dv: vertical distance of the atom above the nucleotide base
    -----------------------------------------------------------
     type       atom                 nt             dv
   1 other      O1@B.SO4/445         L.SSU2         3.30

****************************************************************************
List of 10 non-loop single-stranded segments
   1 nts=5 uuuuu G.SSU2,G.SSU3,G.SSU4,G.SSU5,G.SSU6
   2 nts=3 uuu H.SSU2,H.SSU3,H.SSU4
   3 nts=4 uuuu I.SSU2,I.SSU3,I.SSU4,I.SSU5
   4 nts=2 uu J.SSU2,J.SSU3
   5 nts=3 uuu K.SSU1,K.SSU2,K.SSU3
   6 nts=2 uu L.SSU2,L.SSU3
   7 nts=1 u M.SSU1
   8 nts=2 uu N.SSU2,N.SSU3
   9 nts=2 uu O.SSU1,O.SSU2
  10 nts=1 u P.SSU1

****************************************************************************
List of 3 splayed-apart dinucleotides
   1 H.SSU2    H.SSU3    angle=130    distance=18.5     ratio=0.91
   2 H.SSU3    H.SSU4    angle=127    distance=17.9     ratio=0.89
   3 L.SSU2    L.SSU3    angle=110    distance=15.5     ratio=0.82
----------------------------------------------------------------
Summary of 2 splayed-apart units
   1 nts=3 uuu H.SSU2,H.SSU3,H.SSU4
   2 nts=2 uu L.SSU2,L.SSU3

****************************************************************************
Secondary structures in dot-bracket notation (dbn) as a whole and per chain
>3IEM nts=25 [whole]
uuuuu&uuu&uuuu&uu&uuu&uu&u&uu&uu&u
.....&...&....&..&...&..&.&..&..&.
>3IEM-G #1 nts=5 1.04(0.26) [chain] RNA
uuuuu
.....
>3IEM-H #2 nts=3 5.51(0.22) [chain] RNA
uuu
...
>3IEM-I #3 nts=4 4.92(0.16) [chain] RNA
uuuu
....
>3IEM-J #4 nts=2 [chain] RNA
uu
..
>3IEM-K #5 nts=3 1.60(0.28) [chain] RNA
uuu
...
>3IEM-L #6 nts=2 [chain] RNA
uu
..
>3IEM-M #7 nts=1 [chain] RNA
u
.
>3IEM-N #8 nts=2 [chain] RNA
uu
..
>3IEM-O #9 nts=2 [chain] RNA
uu
..
>3IEM-P #10 nts=1 [chain] RNA
u
.

****************************************************************************
Summary of structural features of 25 nucleotides
  Note: the first five columns are: (1) serial number, (2) one-letter
    shorthand name, (3) dbn, (4) id string, (5) rmsd (~zero) of base
    ring atoms fitted against those in a standard base reference
    frame. The sixth (last) column contains a comma-separated list of
    features whose meanings are mostly self-explanatory, except for:
      turn: angle C1'(i-1)--C1'(i)--C1'(i+1) < 90 degrees
      break: no backbone linkage between O3'(i-1) and P(i)
   1  u . G.SSU2    0.005  modified,anti,~C2'-endo,ss-non-loop,phosphate
   2  u . G.SSU3    0.004  modified,anti,~C3'-endo,non-pair-contact,ss-non-loop
   3  u . G.SSU4    0.003  modified,anti,~C2'-endo,non-stack,non-pair-contact,ss-non-loop,phosphate
   4  u . G.SSU5    0.003  modified,anti,~C2'-endo,BII,non-pair-contact,ss-non-loop,phosphate
   5  u . G.SSU6    0.004  modified,anti,~C2'-endo,non-stack,non-pair-contact,ss-non-loop
   6  u . H.SSU2    0.002  modified,anti,~C2'-endo,non-stack,ss-non-loop,phosphate,splayed-apart
   7  u . H.SSU3    0.005  modified,turn,anti,~C2'-endo,non-pair-contact,ss-non-loop,phosphate,splayed-apart
   8  u . H.SSU4    0.003  modified,anti,~C2'-endo,non-pair-contact,ss-non-loop,splayed-apart
   9  u . I.SSU2    0.001  modified,anti,~C2'-endo,BI,non-pair-contact,ss-non-loop,phosphate
  10  u . I.SSU3    0.005  modified,anti,non-pair-contact,ss-non-loop
  11  u . I.SSU4    0.001  modified,anti,~C2'-endo,non-pair-contact,ss-non-loop
  12  u . I.SSU5    0.003  modified,syn,~C2'-endo,ss-non-loop,phosphate
  13  u . J.SSU2    0.002  modified,anti,~C2'-endo,BI,non-stack,non-pair-contact,ss-non-loop,phosphate
  14  u . J.SSU3    0.006  modified,anti,~C2'-endo,non-stack,non-pair-contact,ss-non-loop
  15  u . K.SSU1    0.006  modified,anti,~C2'-endo,BII,ss-non-loop
  16  u . K.SSU2    0.003  modified,anti,~C2'-endo,BII,non-pair-contact,ss-non-loop
  17  u . K.SSU3    0.002  modified,anti,~C2'-endo,non-stack,non-pair-contact,ss-non-loop
  18  u . L.SSU2    0.004  modified,anti,~C2'-endo,non-stack,ss-non-loop,cap-acceptor,splayed-apart
  19  u . L.SSU3    0.011  modified,anti,~C3'-endo,non-stack,ss-non-loop,phosphate,splayed-apart
  20  u . M.SSU1    0.006  modified,anti,~C2'-endo,non-stack,ss-non-loop
  21  u . N.SSU2    0.003  modified,anti,~C2'-endo,non-stack,non-pair-contact,ss-non-loop
  22  u . N.SSU3    0.003  modified,anti,~C2'-endo,non-stack,non-pair-contact,ss-non-loop
  23  u . O.SSU1    0.002  modified,anti,~C2'-endo,non-pair-contact,ss-non-loop
  24  u . O.SSU2    0.002  modified,anti,~C2'-endo,non-pair-contact,ss-non-loop,phosphate
  25  u . P.SSU1    0.003  modified,anti,~C2'-endo,ss-non-loop

****************************************************************************
List of 7 additional files
   1 dssr-2ndstrs.bpseq -- secondary structure in bpseq format
   2 dssr-2ndstrs.ct -- secondary structure in connectivity table format
   3 dssr-2ndstrs.dbn -- secondary structure in dot-bracket notation
   4 dssr-torsions.txt -- backbone torsion angles and suite names
   5 dssr-splays.pdb -- an ensemble of splayed-apart units
   6 dssr-stacks.pdb -- an ensemble of stacks
   7 dssr-atom2bases.pdb -- an ensemble of atom-base stacking interactions

****************************************************************************
Time used: 00:00:00:02
