****************************************************************************
              DSSR: an Integrated Software Tool for
             Dissecting the Spatial Structure of RNA
             v1.9.9-2020feb06, by xiangjun@x3dna.org

DSSR has been made possible by the NIH grant R01GM096889 (to X.J.Lu).
It is being actively maintained and developed. As always, I greatly
appreciate your feedback. Please report all DSSR-related issues on
the 3DNA Forum (forum.x3dna.org). I strive to respond promptly to any
questions posted there. DSSR is free of charge for NON-COMMERCIAL
purposes, and it comes with ABSOLUTELY NO WARRANTY.

****************************************************************************
Note: By default, each nucleotide is identified by chainId.name#. So a
      common case would be B.A1689, meaning adenosine #1689 on chain B.
      One-letter base names for modified nucleotides are put in lower
      case (e.g., 'c' for 5MC). For further information about the output
      notation, please refer to the DSSR User Manual.
    Questions and suggestions are *always* welcome on the 3DNA Forum.

Command: x3dna-dssr -i=../../pdb/3LOB.pdb --non-pair -o=3LOB_dssr.out
Date and time: Tue Aug 18 23:51:32 2020
File name: 3LOB.pdb
    no. of DNA/RNA chains: 1 [R=7]
    no. of nucleotides:    7
    no. of atoms:          7299
    no. of waters:         0
    no. of metals:         0

****************************************************************************
List of 3 non-pairing interactions
   1 R.A7      R.U8      stacking: 5.2(1.8)--pm(>>,forward) interBase-angle=28 connected min_baseDist=3.49
   2 R.U8      R.C9      stacking: 7.6(4.5)--pm(>>,forward) interBase-angle=25 connected min_baseDist=3.73
   3 R.C9      R.U10     stacking: 5.9(1.9)--pm(>>,forward) interBase-angle=39 connected min_baseDist=2.88

****************************************************************************
List of 1 stack
  Note: a stack is an ordered list of nucleotides assembled together via
        base-stacking interactions, regardless of backbone connectivity.
        Stacking interactions within a stem are *not* included.
   1 nts=4 AUCU R.A7,R.U8,R.C9,R.U10

****************************************************************************
Nucleotides not involved in stacking interactions
     nts=3 UUU R.U3,R.U4,R.U5

****************************************************************************
List of 1 non-loop single-stranded segment
   1 nts=7* UUUAUCU R.U3,R.U4,R.U5,R.A7,R.U8,R.C9,R.U10

****************************************************************************
Secondary structures in dot-bracket notation (dbn) as a whole and per chain
>3LOB nts=7 [whole]
UUU&AUCU
...&....
>3LOB-R #1 nts=7 2.67(0.81) [chain] RNA*
UUU&AUCU
...&....

****************************************************************************
Summary of structural features of 7 nucleotides
  Note: the first five columns are: (1) serial number, (2) one-letter
    shorthand name, (3) dbn, (4) id string, (5) rmsd (~zero) of base
    ring atoms fitted against those in a standard base reference
    frame. The sixth (last) column contains a comma-separated list of
    features whose meanings are mostly self-explanatory, except for:
      turn: angle C1'(i-1)--C1'(i)--C1'(i+1) < 90 degrees
      break: no backbone linkage between O3'(i-1) and P(i)
   1  U . R.U3      0.005  anti,~C3'-endo,non-stack,ss-non-loop
   2  U . R.U4      0.006  anti,~C3'-endo,non-stack,ss-non-loop
   3  U . R.U5      0.003  break,anti,~C3'-endo,non-stack,ss-non-loop
   4  A . R.A7      0.005  anti,~C3'-endo,BI,non-pair-contact,ss-non-loop
   5  U . R.U8      0.005  anti,~C3'-endo,BI,non-pair-contact,ss-non-loop
   6  C . R.C9      0.004  anti,~C3'-endo,non-pair-contact,ss-non-loop,phosphate
   7  U . R.U10     0.006  anti,~C3'-endo,non-pair-contact,ss-non-loop

****************************************************************************
List of 5 additional files
   1 dssr-2ndstrs.bpseq -- secondary structure in bpseq format
   2 dssr-2ndstrs.ct -- secondary structure in connectivity table format
   3 dssr-2ndstrs.dbn -- secondary structure in dot-bracket notation
   4 dssr-torsions.txt -- backbone torsion angles and suite names
   5 dssr-stacks.pdb -- an ensemble of stacks

****************************************************************************
Time used: 00:00:00:00
