****************************************************************************
              DSSR: an Integrated Software Tool for
             Dissecting the Spatial Structure of RNA
             v1.9.9-2020feb06, by xiangjun@x3dna.org

DSSR has been made possible by the NIH grant R01GM096889 (to X.J.Lu).
It is being actively maintained and developed. As always, I greatly
appreciate your feedback. Please report all DSSR-related issues on
the 3DNA Forum (forum.x3dna.org). I strive to respond promptly to any
questions posted there. DSSR is free of charge for NON-COMMERCIAL
purposes, and it comes with ABSOLUTELY NO WARRANTY.

****************************************************************************
Note: By default, each nucleotide is identified by chainId.name#. So a
      common case would be B.A1689, meaning adenosine #1689 on chain B.
      One-letter base names for modified nucleotides are put in lower
      case (e.g., 'c' for 5MC). For further information about the output
      notation, please refer to the DSSR User Manual.
    Questions and suggestions are *always* welcome on the 3DNA Forum.

Command: x3dna-dssr -i=../../pdb/3QRR.pdb --non-pair -o=3QRR_dssr.out
Date and time: Tue Aug 18 20:23:34 2020
File name: 3QRR.pdb
    no. of DNA/RNA chains: 1 [B=18]
    no. of nucleotides:    18
    no. of atoms:          2017
    no. of waters:         0
    no. of metals:         0

****************************************************************************
List of 1 type of 1 modified nucleotide
      nt    count  list
   1 23G-g    1    B.23G21

****************************************************************************
List of 12 non-pairing interactions
   1 B.C6     B.C7     interBase-angle=12 H-bonds[2]: "OP2*OP2[3.12],O2'(hydroxyl)-O4'[3.05]" connected min_baseDist=3.56
   2 B.C7     B.C8     stacking: 1.8(0.4)--pm(>>,forward) interBase-angle=9 H-bonds[1]: "O2'(hydroxyl)-O4'[3.24]" connected min_baseDist=3.71
   3 B.C8     B.C9     stacking: 0.1(0.0)--pm(>>,forward) interBase-angle=12 connected min_baseDist=3.55
   4 B.C9     B.A10    stacking: 0.5(0.0)--pm(>>,forward) interBase-angle=3 H-bonds[1]: "O2'(hydroxyl)-O4'[3.05]" connected min_baseDist=3.65
   5 B.A10    B.C11    stacking: 6.2(4.4)--pm(>>,forward) interBase-angle=11 connected min_baseDist=3.34
   6 B.G12    B.C13    stacking: 7.0(3.9)--pm(>>,forward) interBase-angle=8 connected min_baseDist=3.33
   7 B.G14    B.U15    stacking: 7.0(3.7)--pm(>>,forward) interBase-angle=6 connected min_baseDist=3.20
   8 B.G16    B.U17    stacking: 3.8(1.7)--pm(>>,forward) interBase-angle=4 connected min_baseDist=3.28
   9 B.U17    B.G18    stacking: 0.2(0.0)--pm(>>,forward) interBase-angle=10 connected min_baseDist=3.32
  10 B.G18    B.G19    stacking: 4.0(2.4)--pm(>>,forward) interBase-angle=2 connected min_baseDist=3.31
  11 B.G19    B.G20    stacking: 4.0(2.5)--pm(>>,forward) interBase-angle=4 connected min_baseDist=3.34
  12 B.G20    B.23G21  stacking: 3.7(2.1)--pm(>>,forward) interBase-angle=14 connected min_baseDist=3.54

****************************************************************************
List of 5 stacks
  Note: a stack is an ordered list of nucleotides assembled together via
        base-stacking interactions, regardless of backbone connectivity.
        Stacking interactions within a stem are *not* included.
   1 nts=2 FG A.PHE153,B.G4
   2 nts=2 GC B.G12,B.C13
   3 nts=2 GU B.G14,B.U15
   4 nts=5 CCCAC B.C7,B.C8,B.C9,B.A10,B.C11
   5 nts=6 GUGGGg B.G16,B.U17,B.G18,B.G19,B.G20,B.23G21

****************************************************************************
Nucleotides not involved in stacking interactions
     nts=1 C B.C6

****************************************************************************
List of 1 non-loop single-stranded segment
   1 nts=18 GUCCCCACGCGUGUGGGg B.G4,B.U5,B.C6,B.C7,B.C8,B.C9,B.A10,B.C11,B.G12,B.C13,B.G14,B.U15,B.G16,B.U17,B.G18,B.G19,B.G20,B.23G21

****************************************************************************
Secondary structures in dot-bracket notation (dbn) as a whole and per chain
>3QRR nts=18 [whole]
GUCCCCACGCGUGUGGGg
..................
>3QRR-B #1 nts=18 2.94(1.11) [chain] RNA
GUCCCCACGCGUGUGGGg
..................

****************************************************************************
Summary of structural features of 18 nucleotides
  Note: the first five columns are: (1) serial number, (2) one-letter
    shorthand name, (3) dbn, (4) id string, (5) rmsd (~zero) of base
    ring atoms fitted against those in a standard base reference
    frame. The sixth (last) column contains a comma-separated list of
    features whose meanings are mostly self-explanatory, except for:
      turn: angle C1'(i-1)--C1'(i)--C1'(i+1) < 90 degrees
      break: no backbone linkage between O3'(i-1) and P(i)
   1  G . B.G4     0.012  syn,~C3'-endo,ss-non-loop
   2  U . B.U5     0.011  anti,~C2'-endo,ss-non-loop
   3  C . B.C6     0.009  anti,~C3'-endo,BI,non-stack,non-pair-contact,ss-non-loop,phosphate
   4  C . B.C7     0.009  anti,~C3'-endo,BI,non-pair-contact,ss-non-loop,phosphate
   5  C . B.C8     0.009  anti,~C3'-endo,BI,non-pair-contact,ss-non-loop
   6  C . B.C9     0.009  anti,~C3'-endo,BI,non-pair-contact,ss-non-loop
   7  A . B.A10    0.008  anti,~C3'-endo,BI,non-pair-contact,ss-non-loop
   8  C . B.C11    0.010  anti,~C3'-endo,BI,non-pair-contact,ss-non-loop
   9  G . B.G12    0.014  anti,~C3'-endo,BI,non-pair-contact,ss-non-loop
  10  C . B.C13    0.010  anti,~C3'-endo,non-pair-contact,ss-non-loop
  11  G . B.G14    0.010  anti,~C3'-endo,BI,non-pair-contact,ss-non-loop
  12  U . B.U15    0.012  anti,~C3'-endo,BI,non-pair-contact,ss-non-loop
  13  G . B.G16    0.011  anti,~C3'-endo,BI,non-pair-contact,ss-non-loop
  14  U . B.U17    0.011  anti,~C3'-endo,BI,non-pair-contact,ss-non-loop
  15  G . B.G18    0.009  anti,~C3'-endo,BI,non-pair-contact,ss-non-loop
  16  G . B.G19    0.009  anti,~C3'-endo,BI,non-pair-contact,ss-non-loop
  17  G . B.G20    0.009  anti,~C3'-endo,BI,non-pair-contact,ss-non-loop
  18  g . B.23G21  0.097  modified,anti,non-pair-contact,ss-non-loop

****************************************************************************
List of 5 additional files
   1 dssr-2ndstrs.bpseq -- secondary structure in bpseq format
   2 dssr-2ndstrs.ct -- secondary structure in connectivity table format
   3 dssr-2ndstrs.dbn -- secondary structure in dot-bracket notation
   4 dssr-torsions.txt -- backbone torsion angles and suite names
   5 dssr-stacks.pdb -- an ensemble of stacks

****************************************************************************
Time used: 00:00:00:00
