****************************************************************************
              DSSR: an Integrated Software Tool for
             Dissecting the Spatial Structure of RNA
             v1.9.9-2020feb06, by xiangjun@x3dna.org

DSSR has been made possible by the NIH grant R01GM096889 (to X.J.Lu).
It is being actively maintained and developed. As always, I greatly
appreciate your feedback. Please report all DSSR-related issues on
the 3DNA Forum (forum.x3dna.org). I strive to respond promptly to any
questions posted there. DSSR is free of charge for NON-COMMERCIAL
purposes, and it comes with ABSOLUTELY NO WARRANTY.

****************************************************************************
Note: By default, each nucleotide is identified by chainId.name#. So a
      common case would be B.A1689, meaning adenosine #1689 on chain B.
      One-letter base names for modified nucleotides are put in lower
      case (e.g., 'c' for 5MC). For further information about the output
      notation, please refer to the DSSR User Manual.
    Questions and suggestions are *always* welcome on the 3DNA Forum.

Command: x3dna-dssr -i=../../pdb/3R2C.pdb --non-pair -o=3R2C_dssr.out
Date and time: Tue Aug 18 22:41:54 2020
File name: 3R2C.pdb
    no. of DNA/RNA chains: 2 [R=8,S=10]
    no. of nucleotides:    18
    no. of atoms:          8220
    no. of waters:         239
    no. of metals:         0

****************************************************************************
List of 10 non-pairing interactions
   1 R.G1     R.G2     interBase-angle=56 H-bonds[1]: "O2'(hydroxyl)-OP2[3.34]" connected min_baseDist=3.28
   2 R.G1     R.C3     interBase-angle=23 H-bonds[1]: "O2'(hydroxyl)-OP2[3.31]" min_baseDist=6.82
   3 R.U4     R.C5     interBase-angle=45 H-bonds[1]: "O2'(hydroxyl)-O5'[3.22]" connected min_baseDist=6.77
   4 R.U4     R.C6     stacking: 0.5(0.0)--pm(>>,forward) interBase-angle=27 min_baseDist=3.16
   5 R.C5     R.C6     interBase-angle=70 H-bonds[1]: "OP2-N4(amino)[3.07]" connected min_baseDist=6.76
   6 R.U7     R.U8     interBase-angle=81 H-bonds[1]: "O2'(hydroxyl)-OP2[3.04]" connected min_baseDist=7.50
   7 S.G1     S.C3     interBase-angle=24 H-bonds[1]: "O2'(hydroxyl)-OP2[3.18]" min_baseDist=6.64
   8 S.U4     S.C5     interBase-angle=45 H-bonds[1]: "O2'(hydroxyl)-O5'[3.22]" connected min_baseDist=6.70
   9 S.U4     S.C6     stacking: 0.8(0.0)--pm(>>,forward) interBase-angle=21 min_baseDist=3.22
  10 S.C5     S.C6     interBase-angle=65 H-bonds[1]: "OP2-N4(amino)[3.13]" connected min_baseDist=6.70

****************************************************************************
List of 7 stacks
  Note: a stack is an ordered list of nucleotides assembled together via
        base-stacking interactions, regardless of backbone connectivity.
        Stacking interactions within a stem are *not* included.
   1 nts=2 WG B.TRP72,S.G9
   2 nts=2 FU B.PHE122,S.U8
   3 nts=3 FUC A.PHE104,R.U4,R.C6
   4 nts=3 FUR A.PHE122,R.U8,J.ARG16
   5 nts=3 FUC B.PHE104,S.U4,S.C6
   6 nts=3 GRC R.G1,A.ARG102,R.C3
   7 nts=3 GRC S.G1,B.ARG102,S.C3

****************************************************************************
Nucleotides not involved in stacking interactions
     nts=3 GGG R.G2,S.G2,S.G10

****************************************************************************
List of 2 non-loop single-stranded segments
   1 nts=8 GGCUCCUU R.G1,R.G2,R.C3,R.U4,R.C5,R.C6,R.U7,R.U8
   2 nts=10 GGCUCCUUGG S.G1,S.G2,S.C3,S.U4,S.C5,S.C6,S.U7,S.U8,S.G9,S.G10

****************************************************************************
List of 12 splayed-apart dinucleotides
   1 R.G2     R.C3     angle=106    distance=15.1     ratio=0.80
   2 R.C3     R.U4     angle=113    distance=15.9     ratio=0.83
   3 R.U4     R.C5     angle=113    distance=15.3     ratio=0.84
   4 R.C5     R.C6     angle=101    distance=15.1     ratio=0.77
   5 R.C6     R.U7     angle=93     distance=14.0     ratio=0.72
   6 R.U7     R.U8     angle=88     distance=13.7     ratio=0.70
   7 S.G2     S.C3     angle=102    distance=14.8     ratio=0.78
   8 S.C3     S.U4     angle=114    distance=16.1     ratio=0.84
   9 S.U4     S.C5     angle=114    distance=15.3     ratio=0.84
  10 S.C5     S.C6     angle=103    distance=15.3     ratio=0.78
  11 S.C6     S.U7     angle=92     distance=13.9     ratio=0.72
  12 S.G9     S.G10    angle=121    distance=14.4     ratio=0.87
----------------------------------------------------------------
Summary of 3 splayed-apart units
   1 nts=7 GCUCCUU R.G2,R.C3,R.U4,R.C5,R.C6,R.U7,R.U8
   2 nts=6 GCUCCU S.G2,S.C3,S.U4,S.C5,S.C6,S.U7
   3 nts=2 GG S.G9,S.G10

****************************************************************************
Secondary structures in dot-bracket notation (dbn) as a whole and per chain
>3R2C nts=18 [whole]
GGCUCCUU&GGCUCCUUGG
........&..........
>3R2C-R #1 nts=8 0.48(2.93) [chain] RNA
GGCUCCUU
........
>3R2C-S #2 nts=10 3.83(3.16) [chain] RNA
GGCUCCUUGG
..........

****************************************************************************
Summary of structural features of 18 nucleotides
  Note: the first five columns are: (1) serial number, (2) one-letter
    shorthand name, (3) dbn, (4) id string, (5) rmsd (~zero) of base
    ring atoms fitted against those in a standard base reference
    frame. The sixth (last) column contains a comma-separated list of
    features whose meanings are mostly self-explanatory, except for:
      turn: angle C1'(i-1)--C1'(i)--C1'(i+1) < 90 degrees
      break: no backbone linkage between O3'(i-1) and P(i)
   1  G . R.G1     0.019  anti,~C2'-endo,non-pair-contact,ss-non-loop
   2  G . R.G2     0.008  turn,anti,~C3'-endo,non-stack,non-pair-contact,ss-non-loop,phosphate,splayed-apart
   3  C . R.C3     0.002  turn,anti,~C2'-endo,non-pair-contact,ss-non-loop,phosphate,splayed-apart
   4  U . R.U4     0.012  anti,~C3'-endo,BI,non-pair-contact,ss-non-loop,phosphate,splayed-apart
   5  C . R.C5     0.016  turn,anti,~C2'-endo,non-pair-contact,ss-non-loop,phosphate,splayed-apart
   6  C . R.C6     0.005  anti,~C2'-endo,non-pair-contact,ss-non-loop,splayed-apart
   7  U . R.U7     0.007  anti,~C2'-endo,non-pair-contact,ss-non-loop,splayed-apart
   8  U . R.U8     0.011  anti,~C2'-endo,non-pair-contact,ss-non-loop,phosphate,splayed-apart
   9  G . S.G1     0.016  anti,~C2'-endo,BII,non-pair-contact,ss-non-loop
  10  G . S.G2     0.008  turn,anti,~C3'-endo,non-stack,ss-non-loop,splayed-apart
  11  C . S.C3     0.006  turn,anti,~C2'-endo,non-pair-contact,ss-non-loop,phosphate,splayed-apart
  12  U . S.U4     0.010  anti,~C3'-endo,BI,non-pair-contact,ss-non-loop,splayed-apart
  13  C . S.C5     0.013  turn,anti,~C2'-endo,non-pair-contact,ss-non-loop,phosphate,splayed-apart
  14  C . S.C6     0.003  anti,~C2'-endo,non-pair-contact,ss-non-loop,splayed-apart
  15  U . S.U7     0.016  anti,~C2'-endo,BII,ss-non-loop,phosphate,splayed-apart
  16  U . S.U8     0.008  anti,~C3'-endo,ss-non-loop,phosphate
  17  G . S.G9     0.015  syn,~C3'-endo,ss-non-loop,phosphate,splayed-apart
  18  G . S.G10    0.007  anti,~C3'-endo,non-stack,ss-non-loop,splayed-apart

****************************************************************************
List of 6 additional files
   1 dssr-2ndstrs.bpseq -- secondary structure in bpseq format
   2 dssr-2ndstrs.ct -- secondary structure in connectivity table format
   3 dssr-2ndstrs.dbn -- secondary structure in dot-bracket notation
   4 dssr-torsions.txt -- backbone torsion angles and suite names
   5 dssr-splays.pdb -- an ensemble of splayed-apart units
   6 dssr-stacks.pdb -- an ensemble of stacks

****************************************************************************
Time used: 00:00:00:00
