This structure has broken O3'[i] to P[i+1] linkages
****************************************************************************
    3DNA v2.1-2014may23, created and maintained by Xiang-Jun Lu (PhD)
****************************************************************************
1. The list of the parameters given below correspond to the 5' to 3' direction
   of strand I and 3' to 5' direction of strand II.

2. All angular parameters, except for the phase angle of sugar pseudo-
   rotation, are measured in degrees in the range of [-180, +180], and all
   displacements are measured in Angstrom units.
****************************************************************************
File name: ../../pdb/488D.pdb
Date and time: Wed Aug 19 00:32:16 2020

Number of base-pairs: 21
Number of atoms: 1412
****************************************************************************
HEADER    RNA                                     25-FEB-00   488D              
TITLE     CATALYTIC RNA ENZYME-PRODUCT COMPLEX                                  
COMPND    MOL_ID: 1;                                                            
COMPND   2 MOLECULE: RNA RIBOZYME STRAND;                                       
COMPND   3 CHAIN: A;                                                            
COMPND   4 ENGINEERED: YES;                                                     
COMPND   5 OTHER_DETAILS: 16-MER;                                               
COMPND   6 MOL_ID: 2;                                                           
COMPND   7 MOLECULE: FIRST RNA FRAGMENT OF CLEAVED SUBSTRATE;                   
COMPND   8 CHAIN: B;                                                            
COMPND   9 ENGINEERED: YES;                                                     
COMPND  10 OTHER_DETAILS: 20-MER, 3'-END CYCLIC PHOSPHATE;                      
COMPND  11 MOL_ID: 3;                                                           
COMPND  12 MOLECULE: SECOND RNA FRAGMENT OF CLEAVED SUBSTRATE;                  
COMPND  13 CHAIN: C;                                                            
COMPND  14 ENGINEERED: YES;                                                     
COMPND  15 OTHER_DETAILS: 5-MER;                                                
COMPND  16 MOL_ID: 4;                                                           
COMPND  17 MOLECULE: UNCLEAVED RNA SUBSTRATE;                                   
COMPND  18 CHAIN: D;                                                            
COMPND  19 ENGINEERED: YES;                                                     
COMPND  20 OTHER_DETAILS: 25-MER                                                
SOURCE    MOL_ID: 1;                                                            
SOURCE   2 SYNTHETIC: YES;                                                      
SOURCE   3 MOL_ID: 2;                                                           
SOURCE   4 SYNTHETIC: YES;                                                      
SOURCE   5 MOL_ID: 3;                                                           
SOURCE   6 SYNTHETIC: YES;                                                      
SOURCE   7 MOL_ID: 4;                                                           
SOURCE   8 SYNTHETIC: YES                                                       
KEYWDS    CATALYTIC RNA, RIBOZYME, ENZYME-PRODUCT COMPLEX, CRYSTAL              
KEYWDS   2 LATTICE TRAPPING                                                     
EXPDTA    X-RAY DIFFRACTION                                                     
AUTHOR    J.B.MURRAY,H.SZOKE,A.SZOKE,W.G.SCOTT                                  
REVDAT   3   24-FEB-09 488D    1       VERSN                                    
REVDAT   2   07-AUG-00 488D    3       ATOM   HETATM COMPND REMARK              
REVDAT   1   06-MAR-00 488D    0                                                
JRNL        AUTH   J.B.MURRAY,H.SZOKE,A.SZOKE,W.G.SCOTT                         
JRNL        TITL   CAPTURE AND VISUALIZATION OF A CATALYTIC RNA                 
JRNL        TITL 2 ENZYME-PRODUCT COMPLEX USING CRYSTAL LATTICE                 
JRNL        TITL 3 TRAPPING AND X-RAY HOLOGRAPHIC RECONSTRUCTION.               
JRNL        REF    MOL.CELL                      V.   5   279 2000              
JRNL        REFN                   ISSN 1097-2765                               
JRNL        PMID   10882069                                                     
JRNL        DOI    10.1016/S1097-2765(00)80423-2                                
****************************************************************************
RMSD of the bases (----- for WC bp, + for isolated bp, x for helix change)

            Strand I                    Strand II          Helix
   1   (0.024) ....>A:..25_:[..G]G-*---C[..C]:..15_:C<.... (0.014)     |
   2   (0.019) ....>A:..24_:[..U]U-----A[..A]:..14_:C<.... (0.025)     |
   3   (0.014) ....>A:..23_:[..G]G-----C[..C]:..13_:C<.... (0.015)     |
   4   (0.022) ....>A:..22_:[..G]G-----C[..C]:..12_:C<.... (0.008)     |
   5   (0.015) ....>A:..21_:[..U]U-----A[..A]:..11_:C<.... (0.008)     |
   6   (0.007) ....>A:..30_:[..C]C-*---C[..C]:.170_:D<.... (0.011)     x
   7   (0.011) ....>B:.130_:[..A]A-**--G[..G]:..80_:A<.... (0.012)     |
   8   (0.025) ....>B:.140_:[..A]A-**--U[..U]:..70_:A<.... (0.016)     |
   9   (0.014) ....>B:.151_:[..A]A-----U[..U]:.161_:D<.... (0.019)     |
  10   (0.011) ....>B:.152_:[..C]C-*---G[..G]:.162_:B<.... (0.012)     |
  11   (0.011) ....>D:.152_:[..C]C-*---G[..G]:.162_:D<.... (0.012)     x
  12   (0.029) ....>A:.101_:[..G]G-----C[..C]:.111_:B<.... (0.009)     |
  13   (0.014) ....>A:.102_:[..G]G-----C[..C]:.112_:B<.... (0.010)     |
  14   (0.015) ....>A:.103_:[..C]C-----G[..G]:.113_:B<.... (0.012)     |
  15   (0.012) ....>A:.104_:[..C]C-----G[..G]:.114_:B<.... (0.024)     x
  16   (0.016) ....>B:.153_:[..U]U-----A[..A]:.163_:B<.... (0.015)     |
  17   (0.016) ....>D:.153_:[..U]U-----A[..A]:.163_:D<.... (0.015)     x
  18   (0.005) ....>B:.154_:[..C]C-----G[..G]:.164_:B<.... (0.039)     |
  19   (0.005) ....>D:.154_:[..C]C-----G[..G]:.164_:D<.... (0.039)     x
  20   (0.014) ....>B:..31L:[..G]G-**--A[..A]:..34L:B<.... (0.012)     |
  21   (0.014) ....>D:..31L:[..G]G-**--A[..A]:..34L:D<.... (0.012)     |

Note: This structure contains 8[4] non-Watson-Crick base-pairs.
****************************************************************************
Detailed H-bond information: atom-name pair and length [ O N]
   1 G-*---C  [2]  N1 * N4  3.16  N2 - N3  3.67
   2 U-----A  [2]  N3 - N1  3.12  O4 - N6  3.26
   3 G-----C  [3]  O6 - N4  2.62  N1 - N3  2.95  N2 - O2  3.16
   4 G-----C  [3]  O6 - N4  2.66  N1 - N3  2.47  N2 - O2  2.38
   5 U-----A  [2]  N3 - N1  2.59  O4 - N6  2.92
   6 C-*---C  [2]  O2 * N3  3.50  N3 - N4  2.72
   7 A-**--G  [2]  N7 - N2  3.55  N6 - O4' 4.00
   8 A-**--U  [1]  N1 * O2  2.83
   9 A-----U  [1]  N6 - O4  3.36
  10 C-*---G  [2]  N3 - N2  2.81  N4 * N1  2.59
  11 C-*---G  [2]  N3 - N2  2.81  N4 * N1  2.59
  12 G-----C  [2]  N1 * N4  3.43  N2 - N3  3.22
  13 G-----C  [3]  O6 - N4  2.42  N1 - N3  2.31  N2 - O2  2.42
  14 C-----G  [3]  O2 - N2  3.44  N3 - N1  3.03  N4 - O6  2.67
  15 C-----G  [2]  O2 - N2  3.63  N3 - N1  3.97
  16 U-----A  [2]  N3 - N1  2.96  O4 - N6  2.91
  17 U-----A  [2]  N3 - N1  2.96  O4 - N6  2.91
  18 C-----G  [2]  N3 - N2  2.96  N4 * N1  3.18
  19 C-----G  [2]  N3 - N2  2.96  N4 * N1  3.18
  20 G-**--A  [1]  N2 - OP2 2.85
  21 G-**--A  [1]  N2 - OP2 2.85
****************************************************************************
Overlap area in Angstrom^2 between polygons defined by atoms on successive
bases. Polygons projected in the mean plane of the designed base-pair step.

Values in parentheses measure the overlap of base ring atoms only. Those
outside parentheses include exocyclic atoms on the ring. Intra- and
inter-strand overlap is designated according to the following diagram:

                    i2  3'      5' j2
                       /|\      |
                        |       |
               Strand I |       | II
                        |       |
                        |       |
                        |      \|/
                    i1  5'      3' j1

     step      i1-i2        i1-j2        j1-i2        j1-j2        sum
   1 GU/AC  2.19( 0.01)  0.00( 0.00)  0.00( 0.00)  4.41( 3.29)  6.60( 3.31)
   2 UG/CA  1.27( 0.11)  0.00( 0.00)  1.27( 0.07)  0.37( 0.00)  2.91( 0.18)
   3 GG/CC  3.40( 1.73)  0.00( 0.00)  1.40( 0.00)  0.00( 0.00)  4.80( 1.73)
   4 GU/AC  4.59( 2.30)  0.00( 0.00)  0.00( 0.00)  3.11( 2.30)  7.70( 4.61)
   5 UC/CA  3.07( 1.33)  0.00( 0.00)  0.00( 0.00)  0.53( 0.06)  3.60( 1.39)
   6 CA/GC  0.00( 0.00)  0.00( 0.00)  0.00( 0.00)  0.00( 0.00)  0.00( 0.00)
   7 AA/UG  1.09( 0.24)  0.00( 0.00)  0.07( 0.00)  1.19( 0.00)  2.35( 0.24)
   8 AA/UU  0.00( 0.00)  0.00( 0.00)  0.00( 0.00)  0.84( 0.00)  0.84( 0.00)
   9 AC/GU  3.56( 2.42)  0.00( 0.00)  0.00( 0.00)  2.29( 0.74)  5.85( 3.16)
  10 CC/GG 10.33( 4.78)  0.00( 0.00)  0.00( 0.00) 12.39( 7.87) 22.72(12.64)
  11 CG/CG  0.00( 0.00)  0.00( 0.00)  0.00( 0.00)  0.00( 0.00)  0.00( 0.00)
  12 GG/CC  1.81( 0.50)  0.00( 0.00)  1.45( 0.03)  0.00( 0.00)  3.25( 0.53)
  13 GC/GC  5.65( 3.27)  0.00( 0.00)  0.00( 0.00)  7.08( 3.92) 12.73( 7.19)
  14 CC/GG  1.03( 0.00)  0.00( 0.00)  0.00( 0.00)  1.31( 0.06)  2.34( 0.06)
  15 CU/AG  0.00( 0.00)  0.00( 0.00)  0.00( 0.00)  0.00( 0.00)  0.00( 0.00)
  16 UU/AA 10.23( 4.87)  0.00( 0.00)  0.00( 0.00) 11.05( 7.90) 21.28(12.78)
  17 UC/GA  0.00( 0.00)  0.00( 0.00)  0.00( 0.00)  3.39( 1.98)  3.39( 1.98)
  18 CC/GG 10.34( 4.79)  0.00( 0.00)  0.00( 0.00) 12.34( 7.83) 22.68(12.62)
  19 CG/AG  0.56( 0.20)  0.00( 0.00)  2.92( 0.67)  0.00( 0.00)  3.48( 0.86)
  20 GG/AA 12.40( 7.88)  0.00( 0.00)  0.00( 0.00) 10.78( 7.72) 23.18(15.60)
****************************************************************************
Origin (Ox, Oy, Oz) and mean normal vector (Nx, Ny, Nz) of each base-pair in
   the coordinate system of the given structure

      bp        Ox        Oy        Oz        Nx        Ny        Nz
    1 G-C     23.056     9.680    45.165    -0.359    -0.087    -0.929
    2 U-A     21.883    11.206    42.208    -0.236    -0.041    -0.971
    3 G-C     21.618    11.991    38.965    -0.194    -0.054    -0.980
    4 G-C     23.826    11.993    35.601    -0.088    -0.127    -0.988
    5 U-A     25.822    11.649    32.304     0.011    -0.021    -1.000
    6 C-C     26.318    10.574    29.404    -0.220    -0.027    -0.975
    7 A-G     22.767    -4.320    25.850     0.073     0.390    -0.918
    8 A-U     27.025    -3.335    25.171     0.376     0.314    -0.872
    9 A-U     27.385     0.361    22.196     0.555     0.067    -0.829
   10 C-G     29.699    -0.536    20.408     0.258    -0.120    -0.959
   11 C-G     29.699    -0.536    20.408     0.258    -0.120    -0.959
   12 G-C     21.941    -9.172    32.062    -0.226    -0.397     0.890
   13 G-C     23.805    -9.977    35.254    -0.223    -0.250     0.942
   14 C-G     24.408   -10.537    38.737    -0.287    -0.193     0.938
   15 C-G     23.172    -9.533    41.538    -0.353     0.039     0.935
   16 U-A     31.802    -1.443    17.499     0.227     0.014    -0.974
   17 U-A     31.802    -1.443    17.499     0.227     0.014    -0.974
   18 C-G     33.249    -3.304    14.875     0.168    -0.025    -0.985
   19 C-G     33.249    -3.304    14.875     0.168    -0.025    -0.985
   20 G-A     36.798    -6.104    10.819    -0.021     0.035    -0.999
   21 G-A     36.798    -6.104    10.819    -0.021     0.035    -0.999
****************************************************************************
Local base-pair parameters
     bp        Shear    Stretch   Stagger    Buckle  Propeller  Opening
    1 G-C       2.15      0.43      0.94      5.94    -28.42    -24.86
    2 U-A       0.65      0.01      0.30     -1.74    -16.91      0.39
    3 G-C       1.08     -0.18      0.06      1.40     -3.86     -9.48
    4 G-C       0.18     -0.51      0.22      0.40    -21.89      1.03
    5 U-A      -0.91     -0.44     -0.77     10.54     -1.72      7.67
    6 C-C       2.77     -1.69      0.59     18.83     -8.76     -5.43
    7 A-G      -7.20     -5.10      1.39    -31.07      4.09     -3.07
    8 A-U      -3.36      2.09      1.23      8.49    -25.63     71.73
    9 A-U      -0.60      1.46     -0.94    -16.60    -16.62    -35.80
   10 C-G      -2.35     -0.11      0.71      2.53    -23.80    -16.97
   11 C-G      -2.35     -0.11      0.71      2.53    -23.80    -16.97
   12 G-C       0.92      0.35      0.23     -1.59    -19.49      0.29
   13 G-C      -0.17     -0.77      0.30      1.27    -23.83     -2.09
   14 C-G      -0.60     -0.09      0.50     -1.14    -18.46    -14.48
   15 C-G      -0.54      1.09      0.06      3.24    -23.42      9.57
   16 U-A      -0.02     -0.07      0.32      3.16     -4.22     -4.58
   17 U-A      -0.02     -0.07      0.32      3.16     -4.22     -4.58
   18 C-G      -1.03      0.10      0.02     10.75    -14.45      0.58
   19 C-G      -1.03      0.10      0.02     10.75    -14.45      0.58
   20 G-A       7.77     -6.01     -0.42     -1.76    -25.87    -53.75
   21 G-A       7.77     -6.01     -0.42     -1.76    -25.87    -53.75
          ~~~~~~~~~~~~~~~~~~~~~~~~~~~~~~~~~~~~~~~~~~~~~~~~~~~~~~~~~~~~
      ave.      0.15     -0.74      0.26      1.30    -16.27     -7.33
      s.d.      3.27      2.22      0.59     10.17      9.55     25.31
****************************************************************************
Local base-pair step parameters
    step       Shift     Slide      Rise      Tilt      Roll     Twist
   1 GU/AC     -0.34     -1.71      3.07      3.13      7.25     33.54
   2 UG/CA     -0.21     -1.01      3.18      0.93      2.45     33.82
   3 GG/CC      0.87     -2.53      3.00      3.69      6.36     22.59
   4 GU/AC      0.22     -2.12      3.23      6.03     -5.75     22.41
   5 UC/CA      0.43     -1.21      2.86    -11.13      7.32     47.43
   6 CA/GC      ----      ----      ----      ----      ----      ----
   7 AA/UG      3.96      0.36      1.94     -7.56     16.51     46.88
   8 AA/UU     -3.01     -1.32      3.44     -2.55     17.54     56.80
   9 AC/GU      0.91     -1.31      2.61    -19.31      9.55     21.68
  10 CC/GG      0.00      0.00      0.00      0.00      0.00      0.00
  11 CG/CG      ----      ----      ----      ----      ----      ----
  12 GG/CC      0.13     -2.57      2.77      0.74      8.90     26.64
  13 GC/GC     -0.44     -1.44      3.25     -1.94      4.52     22.33
  14 CC/GG      0.90     -0.89      2.96      9.10     10.40     44.93
  15 CU/AG      ----      ----      ----      ----      ----      ----
  16 UU/AA      0.00      0.00      0.00      0.00      0.00      0.00
  17 UC/GA      ----      ----      ----      ----      ----      ----
  18 CC/GG      0.00      0.00      0.00      0.00      0.00      0.00
  19 CG/AG      ----      ----      ----      ----      ----      ----
  20 GG/AA      0.00      0.00      0.00      0.00      0.00      0.00
          ~~~~~~~~~~~~~~~~~~~~~~~~~~~~~~~~~~~~~~~~~~~~~~~~~~~~~~~~~~~~
      ave.      0.23     -1.05      2.15     -1.26      5.67     25.27
      s.d.      1.39      0.96      1.39      6.99      6.45     19.04
****************************************************************************
Local base-pair helical parameters
    step       X-disp    Y-disp   h-Rise     Incl.       Tip   h-Twist
   1 GU/AC     -3.88      1.01      2.61     12.35     -5.32     34.43
   2 UG/CA     -2.11      0.51      3.10      4.20     -1.59     33.92
   3 GG/CC     -7.90     -1.11      2.33     15.71     -9.12     23.74
   4 GU/AC     -3.09      1.59      3.59    -14.18    -14.88     23.89
   5 UC/CA     -1.91     -1.22      2.50      8.90     13.52     49.16
   6 CA/GC      ----      ----      ----      ----      ----      ----
   7 AA/UG     -0.20     -4.96      1.37     19.90      9.11     50.08
   8 AA/UU     -2.24      2.91      3.07     17.96      2.62     59.28
   9 AC/GU     -3.69     -4.17      0.89     20.09     40.63     30.47
  10 CC/GG      0.00      0.00      0.00   -156.96    -45.58      0.00
  11 CG/CG      ----      ----      ----      ----      ----      ----
  12 GG/CC     -6.81     -0.15      1.84     18.66     -1.55     28.07
  13 GC/GC     -5.16      0.46      2.93     11.49      4.94     22.86
  14 CC/GG     -1.89     -0.45      2.83     13.25    -11.59     46.90
  15 CU/AG      ----      ----      ----      ----      ----      ----
  16 UU/AA      0.00      0.00      0.00    -80.76    146.04      0.00
  17 UC/GA      ----      ----      ----      ----      ----      ----
  18 CC/GG      0.00      0.00      0.00    -45.51    164.02      0.00
  19 CG/AG      ----      ----      ----      ----      ----      ----
  20 GG/AA      0.00      0.00      0.00     18.43   -176.69      0.00
          ~~~~~~~~~~~~~~~~~~~~~~~~~~~~~~~~~~~~~~~~~~~~~~~~~~~~~~~~~~~~
      ave.     -2.59     -0.37      1.80     -9.10      7.64     26.85
      s.d.      2.53      1.99      1.32     49.86     77.03     19.88
****************************************************************************
Structure classification: 

This structure contains more than one helical regions
This is a right-handed nucleic acid structure
****************************************************************************
lambda: virtual angle between C1'-YN1 or C1'-RN9 glycosidic bonds and the
        base-pair C1'-C1' line

C1'-C1': distance between C1' atoms for each base-pair
RN9-YN1: distance between RN9-YN1 atoms for each base-pair
RC8-YC6: distance between RC8-YC6 atoms for each base-pair

    bp     lambda(I) lambda(II)  C1'-C1'   RN9-YN1   RC8-YC6
   1 G-C      51.4      33.2      12.2      10.1      10.5
   2 U-A      57.7      52.4      10.7       9.0      10.0
   3 G-C      56.3      43.1      11.0       9.1       9.9
   4 G-C      54.3      52.1      10.3       8.6       9.5
   5 U-A      55.1      65.4       9.8       8.4       9.5
   6 C-C      66.1      35.9       9.7       7.9       8.7
   7 A-G      14.9     106.1       9.1       8.3       8.6
   8 A-U      70.1     111.6       8.5       8.6      10.6
   9 A-U      35.0      42.1      13.1      10.8      10.9
  10 C-G      33.2      58.8      11.5       9.6      10.1
  11 C-G      33.2      58.8      11.5       9.6      10.1
  12 G-C      57.2      49.9      11.2       9.5      10.4
  13 G-C      49.3      54.7      10.1       8.4       9.2
  14 C-G      43.8      51.2      11.2       9.3       9.9
  15 C-G      54.7      62.8      11.5      10.0      11.1
  16 U-A      51.3      52.3      10.8       9.0       9.9
  17 U-A      51.3      52.3      10.8       9.0       9.9
  18 C-G      48.2      61.8      10.8       9.2      10.1
  19 C-G      48.2      61.8      10.8       9.2      10.1
  20 G-A      82.3      24.5       9.7       8.4       8.3
  21 G-A      82.3      24.5       9.7       8.4       8.3
****************************************************************************
Classification of each dinucleotide step in a right-handed nucleic acid
structure: A-like; B-like; TA-like; intermediate of A and B, or other cases

    step       Xp      Yp      Zp     XpH     YpH     ZpH    Form
   1 GU/AC   -2.01    8.46    2.48   -5.70    7.77    4.21     A
   2 UG/CA   -1.46    8.25    2.48   -3.48    8.05    3.07     A
   3 GG/CC   -1.85    8.39    2.81   -9.58    7.34    4.98     A
   4 GU/AC   -2.57    8.56    1.62   -5.71    8.71   -0.44     A
   5 UC/CA    ---     ---     ---     ---     ---     ---     --- 
   6 CA/GC    ---     ---     ---     ---     ---     ---     --- 
   7 AA/UG   -3.66    6.54    2.30   -3.73    5.44    4.57
   8 AA/UU   -4.19    7.43    2.47   -6.14    6.49    4.38
   9 AC/GU   -0.51    8.80    2.12   -3.58    7.49    5.11
  10 CC/GG    1.38    8.54    1.52    1.21   -7.67   -3.97
  11 CG/CG    ---     ---     ---     ---     ---     ---     --- 
  12 GG/CC   -2.07    8.24    2.61   -8.68    7.01    5.05     A
  13 GC/GC   -1.59    8.35    2.56   -6.65    7.68    4.18     A
  14 CC/GG   -2.07    8.33    2.01   -3.69    7.73    3.59     A
  15 CU/AG    ---     ---     ---     ---     ---     ---     --- 
  16 UU/AA    1.08    8.97    1.33   -0.24    4.83   -2.31
  17 UC/GA    ---     ---     ---     ---     ---     ---     --- 
  18 CC/GG    0.73    9.33    0.06   -0.50    8.22   -0.41
  19 CG/AG    ---     ---     ---     ---     ---     ---     --- 
  20 GG/AA    4.56    5.61    0.00   -4.55    4.68    0.18
****************************************************************************
Minor and major groove widths: direct P-P distances and refined P-P distances
   which take into account the directions of the sugar-phosphate backbones

   (Subtract 5.8 Angstrom from the values to take account of the vdw radii
    of the phosphate groups, and for comparison with FreeHelix and Curves.)

Ref: M. A. El Hassan and C. R. Calladine (1998). ``Two Distinct Modes of
     Protein-induced Bending in DNA.'' J. Mol. Biol., v282, pp331-343.

                  Minor Groove        Major Groove
                 P-P     Refined     P-P     Refined
   1 GU/AC       ---       ---       ---       ---
   2 UG/CA       ---       ---       ---       ---
   3 GG/CC      16.0       ---       ---       ---
   4 GU/AC       ---       ---       ---       ---
   5 UC/CA       ---       ---       ---       ---
   6 CA/GC       ---       ---       ---       ---
   7 AA/UG       ---       ---       ---       ---
   8 AA/UU       ---       ---       ---       ---
   9 AC/GU       ---       ---       ---       ---
  10 CC/GG       ---       ---       ---       ---
  11 CG/CG       ---       ---       ---       ---
  12 GG/CC       ---       ---       ---       ---
  13 GC/GC       ---       ---       ---       ---
  14 CC/GG       ---       ---       ---       ---
  15 CU/AG       ---       ---       ---       ---
  16 UU/AA       ---       ---       ---       ---
  17 UC/GA       ---       ---       ---       ---
  18 CC/GG       ---       ---       ---       ---
  19 CG/AG       ---       ---       ---       ---
  20 GG/AA       ---       ---       ---       ---
