****************************************************************************
              DSSR: an Integrated Software Tool for
             Dissecting the Spatial Structure of RNA
             v1.9.9-2020feb06, by xiangjun@x3dna.org

DSSR has been made possible by the NIH grant R01GM096889 (to X.J.Lu).
It is being actively maintained and developed. As always, I greatly
appreciate your feedback. Please report all DSSR-related issues on
the 3DNA Forum (forum.x3dna.org). I strive to respond promptly to any
questions posted there. DSSR is free of charge for NON-COMMERCIAL
purposes, and it comes with ABSOLUTELY NO WARRANTY.

****************************************************************************
Note: By default, each nucleotide is identified by chainId.name#. So a
      common case would be B.A1689, meaning adenosine #1689 on chain B.
      One-letter base names for modified nucleotides are put in lower
      case (e.g., 'c' for 5MC). For further information about the output
      notation, please refer to the DSSR User Manual.
    Questions and suggestions are *always* welcome on the 3DNA Forum.

Command: x3dna-dssr -i=../../pdb/4BS2.pdb --non-pair -o=4BS2_dssr.out
Date and time: Mon Aug 17 09:07:49 2020
File name: 4BS2.pdb
    no. of DNA/RNA chains: 1 [B=12]
    no. of nucleotides:    12
    no. of atoms:          3143
    no. of waters:         0
    no. of metals:         0

****************************************************************************
List of 7 non-pairing interactions
   1 B.U2     B.G3     interBase-angle=11 H-bonds[1]: "O4'*O4'[3.27]" connected min_baseDist=5.47
   2 B.G3     B.U4     interBase-angle=37 H-bonds[1]: "OP1*OP2[3.06]" connected min_baseDist=6.35
   3 B.A6     B.A7     stacking: 0.6(0.6)--pm(>>,forward) interBase-angle=4 connected min_baseDist=3.25
   4 B.U8     B.G9     interBase-angle=47 H-bonds[1]: "O2'(hydroxyl)-N2(amino)[3.46]" connected min_baseDist=3.69
   5 B.G9     B.A10    interBase-angle=71 H-bonds[2]: "O2'(hydroxyl)-O5'[3.09],O2'(hydroxyl)-O4'[2.72]" connected min_baseDist=6.28
   6 B.A10    B.A11    stacking: 1.0(1.0)--pm(>>,forward) interBase-angle=10 H-bonds[2]: "O2'(hydroxyl)-O5'[2.78],O2'(hydroxyl)-O4'[3.04]" connected min_baseDist=3.26
   7 B.A11    B.U12    interBase-angle=84 H-bonds[1]: "O2'(hydroxyl)-OP1[2.70]" connected min_baseDist=3.25

****************************************************************************
List of 6 stacks
  Note: a stack is an ordered list of nucleotides assembled together via
        base-stacking interactions, regardless of backbone connectivity.
        Stacking interactions within a stem are *not* included.
   1 nts=2 WG A.TRP113,B.G1
   2 nts=2 FG A.PHE149,B.G5
   3 nts=2 FU A.PHE194,B.U8
   4 nts=2 FG A.PHE231,B.G9
   5 nts=2 AA B.A6,B.A7
   6 nts=2 AA B.A10,B.A11

****************************************************************************
Nucleotides not involved in stacking interactions
     nts=3 UUU B.U2,B.U4,B.U12

****************************************************************************
List of 2 atom-base capping interactions
    dv: vertical distance of the atom above the nucleotide base
    -----------------------------------------------------------
     type       atom                 nt             dv
   1 phosphate  OP1@B.U12            B.U12          3.21
   2 phosphate  O5'@B.U12            B.U12          2.95

****************************************************************************
List of 1 non-loop single-stranded segment
   1 nts=12 GUGUGAAUGAAU B.G1,B.U2,B.G3,B.U4,B.G5,B.A6,B.A7,B.U8,B.G9,B.A10,B.A11,B.U12

****************************************************************************
List of 2 splayed-apart dinucleotides
   1 B.G5     B.A6     angle=158    distance=16.9     ratio=0.98
   2 B.A7     B.U8     angle=145    distance=18.5     ratio=0.95
----------------------------------------------------------------
Summary of 2 splayed-apart units
   1 nts=2 GA B.G5,B.A6
   2 nts=2 AU B.A7,B.U8

****************************************************************************
Secondary structures in dot-bracket notation (dbn) as a whole and per chain
>4BS2 nts=12 [whole]
GUGUGAAUGAAU
............
>4BS2-B #1 nts=12 3.58(2.12) [chain] RNA
GUGUGAAUGAAU
............

****************************************************************************
Summary of structural features of 12 nucleotides
  Note: the first five columns are: (1) serial number, (2) one-letter
    shorthand name, (3) dbn, (4) id string, (5) rmsd (~zero) of base
    ring atoms fitted against those in a standard base reference
    frame. The sixth (last) column contains a comma-separated list of
    features whose meanings are mostly self-explanatory, except for:
      turn: angle C1'(i-1)--C1'(i)--C1'(i+1) < 90 degrees
      break: no backbone linkage between O3'(i-1) and P(i)
   1  G . B.G1     0.010  anti,~C2'-endo,BII,ss-non-loop
   2  U . B.U2     0.019  turn,anti,~C2'-endo,non-stack,non-pair-contact,ss-non-loop
   3  G . B.G3     0.018  syn,~C2'-endo,non-pair-contact,ss-non-loop
   4  U . B.U4     0.020  anti,~C2'-endo,BII,non-stack,non-pair-contact,ss-non-loop
   5  G . B.G5     0.018  turn,anti,~C2'-endo,ss-non-loop,phosphate,splayed-apart
   6  A . B.A6     0.014  non-pair-contact,ss-non-loop,splayed-apart
   7  A . B.A7     0.019  anti,~C2'-endo,non-pair-contact,ss-non-loop,phosphate,splayed-apart
   8  U . B.U8     0.019  anti,~C2'-endo,non-pair-contact,ss-non-loop,splayed-apart
   9  G . B.G9     0.011  syn,~C2'-endo,BI,non-pair-contact,ss-non-loop
  10  A . B.A10    0.012  anti,BI,non-pair-contact,ss-non-loop
  11  A . B.A11    0.016  anti,~C3'-endo,non-pair-contact,ss-non-loop
  12  U . B.U12    0.019  anti,~C3'-endo,non-stack,non-pair-contact,ss-non-loop,cap-donor,cap-acceptor,phosphate

****************************************************************************
List of 7 additional files
   1 dssr-2ndstrs.bpseq -- secondary structure in bpseq format
   2 dssr-2ndstrs.ct -- secondary structure in connectivity table format
   3 dssr-2ndstrs.dbn -- secondary structure in dot-bracket notation
   4 dssr-torsions.txt -- backbone torsion angles and suite names
   5 dssr-splays.pdb -- an ensemble of splayed-apart units
   6 dssr-stacks.pdb -- an ensemble of stacks
   7 dssr-atom2bases.pdb -- an ensemble of atom-base stacking interactions

****************************************************************************
Time used: 00:00:00:00
