****************************************************************************
              DSSR: an Integrated Software Tool for
             Dissecting the Spatial Structure of RNA
             v1.9.9-2020feb06, by xiangjun@x3dna.org

DSSR has been made possible by the NIH grant R01GM096889 (to X.J.Lu).
It is being actively maintained and developed. As always, I greatly
appreciate your feedback. Please report all DSSR-related issues on
the 3DNA Forum (forum.x3dna.org). I strive to respond promptly to any
questions posted there. DSSR is free of charge for NON-COMMERCIAL
purposes, and it comes with ABSOLUTELY NO WARRANTY.

****************************************************************************
Note: By default, each nucleotide is identified by chainId.name#. So a
      common case would be B.A1689, meaning adenosine #1689 on chain B.
      One-letter base names for modified nucleotides are put in lower
      case (e.g., 'c' for 5MC). For further information about the output
      notation, please refer to the DSSR User Manual.
    Questions and suggestions are *always* welcome on the 3DNA Forum.

Command: x3dna-dssr -i=../../pdb/4ZLR.pdb --non-pair -o=4ZLR_dssr.out
Date and time: Tue Aug 18 17:51:50 2020
File name: 4ZLR.pdb
    no. of DNA/RNA chains: 1 [C=14]
    no. of nucleotides:    14
    no. of atoms:          9614
    no. of waters:         338
    no. of metals:         0

****************************************************************************
List of 8 non-pairing interactions
   1 C.U4       C.U5       stacking: 4.7(1.9)--pm(>>,forward) interBase-angle=27 connected min_baseDist=3.00
   2 C.U5       C.G6       stacking: 4.8(2.6)--pm(>>,forward) interBase-angle=24 connected min_baseDist=3.09
   3 C.U8       C.U9       interBase-angle=75 H-bonds[1]: "O2'(hydroxyl)-O4'[2.79]" connected min_baseDist=6.20
   4 C.U9       C.U10      stacking: 2.3(0.6)--pm(>>,forward) interBase-angle=14 connected min_baseDist=3.03
   5 C.U10      C.U11      interBase-angle=79 H-bonds[1]: "O5'*OP2[3.04]" connected min_baseDist=10.11
   6 C.U10      C.U12      interBase-angle=40 H-bonds[2]: "O3'*OP2[3.00],O2'(hydroxyl)-OP2[3.04]" min_baseDist=10.36
   7 C.U12      C.U13      stacking: 3.8(1.5)--pm(>>,forward) interBase-angle=27 connected min_baseDist=2.80
   8 C.U13      C.U14      stacking: 4.2(1.6)--pm(>>,forward) interBase-angle=24 connected min_baseDist=2.96

****************************************************************************
List of 7 stacks
  Note: a stack is an ordered list of nucleotides assembled together via
        base-stacking interactions, regardless of backbone connectivity.
        Stacking interactions within a stem are *not* included.
   1 nts=2 YU A.TYR829,C.U1
   2 nts=2 RU A.ARG847,C.U2
   3 nts=2 FG A.PHE916,C.G3
   4 nts=2 UF C.U11,B.PHE916
   5 nts=3 UUG C.U4,C.U5,C.G6
   6 nts=3 UUY C.U10,C.U9,B.TYR829
   7 nts=3 UUU C.U12,C.U13,C.U14

****************************************************************************
Nucleotides not involved in stacking interactions
     nts=1 U C.U8

****************************************************************************
List of 1 non-loop single-stranded segment
   1 nts=14 UUGUUGUUUUUUUU C.U1,C.U2,C.G3,C.U4,C.U5,C.G6,C.U7,C.U8,C.U9,C.U10,C.U11,C.U12,C.U13,C.U14

****************************************************************************
List of 5 splayed-apart dinucleotides
   1 C.U2       C.G3       angle=141    distance=18.2     ratio=0.94
   2 C.G3       C.U4       angle=91     distance=14.7     ratio=0.72
   3 C.U8       C.U9       angle=88     distance=13.3     ratio=0.69
   4 C.U10      C.U11      angle=144    distance=18.9     ratio=0.95
   5 C.U11      C.U12      angle=88     distance=14.5     ratio=0.69
----------------------------------------------------------------
Summary of 3 splayed-apart units
   1 nts=3 UGU C.U2,C.G3,C.U4
   2 nts=2 UU C.U8,C.U9
   3 nts=3 UUU C.U10,C.U11,C.U12

****************************************************************************
Secondary structures in dot-bracket notation (dbn) as a whole and per chain
>4ZLR nts=14 [whole]
UUGUUGUUUUUUUU
..............
>4ZLR-C #1 nts=14 0.77(2.66) [chain] RNA
UUGUUGUUUUUUUU
..............

****************************************************************************
Summary of structural features of 14 nucleotides
  Note: the first five columns are: (1) serial number, (2) one-letter
    shorthand name, (3) dbn, (4) id string, (5) rmsd (~zero) of base
    ring atoms fitted against those in a standard base reference
    frame. The sixth (last) column contains a comma-separated list of
    features whose meanings are mostly self-explanatory, except for:
      turn: angle C1'(i-1)--C1'(i)--C1'(i+1) < 90 degrees
      break: no backbone linkage between O3'(i-1) and P(i)
   1  U . C.U1       0.003  anti,~C3'-endo,BI,ss-non-loop
   2  U . C.U2       0.004  anti,~C2'-endo,ss-non-loop,splayed-apart
   3  G . C.G3       0.005  anti,~C3'-endo,BI,ss-non-loop,phosphate,splayed-apart
   4  U . C.U4       0.003  anti,~C3'-endo,BI,non-pair-contact,ss-non-loop,phosphate,splayed-apart
   5  U . C.U5       0.007  anti,~C3'-endo,BI,non-pair-contact,ss-non-loop
   6  G . C.G6       0.004  anti,~C3'-endo,non-pair-contact,ss-non-loop
   7  U . C.U7       ---    ~C3'-endo,BI,non-stack,ss-non-loop
   8  U . C.U8       0.004  anti,~C2'-endo,non-stack,non-pair-contact,ss-non-loop,phosphate,splayed-apart
   9  U . C.U9       0.003  anti,~C3'-endo,BI,non-pair-contact,ss-non-loop,splayed-apart
  10  U . C.U10      0.002  anti,~C3'-endo,BII,non-pair-contact,ss-non-loop,splayed-apart
  11  U . C.U11      0.003  turn,anti,~C3'-endo,non-pair-contact,ss-non-loop,phosphate,splayed-apart
  12  U . C.U12      0.003  anti,~C3'-endo,BI,non-pair-contact,ss-non-loop,phosphate,splayed-apart
  13  U . C.U13      0.007  anti,~C3'-endo,BI,non-pair-contact,ss-non-loop
  14  U . C.U14      0.008  anti,~C3'-endo,non-pair-contact,ss-non-loop

****************************************************************************
List of 6 additional files
   1 dssr-2ndstrs.bpseq -- secondary structure in bpseq format
   2 dssr-2ndstrs.ct -- secondary structure in connectivity table format
   3 dssr-2ndstrs.dbn -- secondary structure in dot-bracket notation
   4 dssr-torsions.txt -- backbone torsion angles and suite names
   5 dssr-splays.pdb -- an ensemble of splayed-apart units
   6 dssr-stacks.pdb -- an ensemble of stacks

****************************************************************************
Time used: 00:00:00:01
