****************************************************************************
              DSSR: an Integrated Software Tool for
             Dissecting the Spatial Structure of RNA
             v1.9.9-2020feb06, by xiangjun@x3dna.org

DSSR has been made possible by the NIH grant R01GM096889 (to X.J.Lu).
It is being actively maintained and developed. As always, I greatly
appreciate your feedback. Please report all DSSR-related issues on
the 3DNA Forum (forum.x3dna.org). I strive to respond promptly to any
questions posted there. DSSR is free of charge for NON-COMMERCIAL
purposes, and it comes with ABSOLUTELY NO WARRANTY.

****************************************************************************
Note: By default, each nucleotide is identified by chainId.name#. So a
      common case would be B.A1689, meaning adenosine #1689 on chain B.
      One-letter base names for modified nucleotides are put in lower
      case (e.g., 'c' for 5MC). For further information about the output
      notation, please refer to the DSSR User Manual.
    Questions and suggestions are *always* welcome on the 3DNA Forum.

Command: x3dna-dssr -i=../../pdb/5EN1.pdb --non-pair -o=5EN1_dssr.out
Date and time: Tue Aug 18 22:17:31 2020
File name: 5EN1.pdb
    no. of DNA/RNA chains: 1 [B=7]
    no. of nucleotides:    7
    no. of atoms:          1652
    no. of waters:         11
    no. of metals:         0

****************************************************************************
List of 6 non-pairing interactions
   1 B.A1     B.G2     interBase-angle=61 H-bonds[1]: "O2'(hydroxyl)-N2(amino)[3.60]" connected min_baseDist=4.11
   2 B.G2     B.G3     interBase-angle=20 H-bonds[1]: "O2'(hydroxyl)-OP2[3.13]" connected min_baseDist=3.44
   3 B.G3     B.A4     interBase-angle=89 H-bonds[1]: "O2'(hydroxyl)-N3[3.45]" connected min_baseDist=6.55
   4 B.A4     B.U6     stacking: 4.3(1.5)--pp(><,inward) interBase-angle=15 min_baseDist=3.25
   5 B.C5     B.U6     interBase-angle=71 H-bonds[1]: "O2'(hydroxyl)-OP1[3.50]" connected min_baseDist=9.06
   6 B.C5     B.G7     interBase-angle=44 H-bonds[1]: "O4'*N7[3.26]" min_baseDist=4.29

****************************************************************************
List of 3 stacks
  Note: a stack is an ordered list of nucleotides assembled together via
        base-stacking interactions, regardless of backbone connectivity.
        Stacking interactions within a stem are *not* included.
   1 nts=2 AU B.A4,B.U6
   2 nts=3 FAH A.PHE24,B.A1,A.HIS108
   3 nts=3 FGR A.PHE66,B.G2,A.ARG99

****************************************************************************
Nucleotides not involved in stacking interactions
     nts=3 GCG B.G3,B.C5,B.G7

****************************************************************************
List of 1 non-loop single-stranded segment
   1 nts=7 AGGACUG B.A1,B.G2,B.G3,B.A4,B.C5,B.U6,B.G7

****************************************************************************
List of 3 splayed-apart dinucleotides
   1 B.A4     B.C5     angle=140    distance=17.9     ratio=0.94
   2 B.C5     B.U6     angle=146    distance=18.0     ratio=0.96
   3 B.U6     B.G7     angle=140    distance=17.9     ratio=0.94
----------------------------------------------------------------
Summary of 1 splayed-apart unit
   1 nts=4 ACUG B.A4,B.C5,B.U6,B.G7

****************************************************************************
Secondary structures in dot-bracket notation (dbn) as a whole and per chain
>5EN1 nts=7 [whole]
AGGACUG
.......
>5EN1-B #1 nts=7 3.29(2.04) [chain] RNA
AGGACUG
.......

****************************************************************************
Summary of structural features of 7 nucleotides
  Note: the first five columns are: (1) serial number, (2) one-letter
    shorthand name, (3) dbn, (4) id string, (5) rmsd (~zero) of base
    ring atoms fitted against those in a standard base reference
    frame. The sixth (last) column contains a comma-separated list of
    features whose meanings are mostly self-explanatory, except for:
      turn: angle C1'(i-1)--C1'(i)--C1'(i+1) < 90 degrees
      break: no backbone linkage between O3'(i-1) and P(i)
   1  A . B.A1     0.006  anti,BII,non-pair-contact,ss-non-loop
   2  G . B.G2     0.009  syn,~C2'-endo,BII,non-pair-contact,ss-non-loop,phosphate
   3  G . B.G3     0.009  anti,~C2'-endo,non-stack,non-pair-contact,ss-non-loop,phosphate
   4  A . B.A4     0.004  syn,~C2'-endo,BII,non-pair-contact,ss-non-loop,splayed-apart
   5  C . B.C5     0.004  turn,anti,~C2'-endo,non-stack,non-pair-contact,ss-non-loop,splayed-apart
   6  U . B.U6     0.005  turn,anti,~C2'-endo,non-pair-contact,ss-non-loop,phosphate,splayed-apart
   7  G . B.G7     0.003  anti,~C2'-endo,non-stack,non-pair-contact,ss-non-loop,splayed-apart

****************************************************************************
List of 6 additional files
   1 dssr-2ndstrs.bpseq -- secondary structure in bpseq format
   2 dssr-2ndstrs.ct -- secondary structure in connectivity table format
   3 dssr-2ndstrs.dbn -- secondary structure in dot-bracket notation
   4 dssr-torsions.txt -- backbone torsion angles and suite names
   5 dssr-splays.pdb -- an ensemble of splayed-apart units
   6 dssr-stacks.pdb -- an ensemble of stacks

****************************************************************************
Time used: 00:00:00:00
