****************************************************************************
              DSSR: an Integrated Software Tool for
             Dissecting the Spatial Structure of RNA
             v1.9.9-2020feb06, by xiangjun@x3dna.org

DSSR has been made possible by the NIH grant R01GM096889 (to X.J.Lu).
It is being actively maintained and developed. As always, I greatly
appreciate your feedback. Please report all DSSR-related issues on
the 3DNA Forum (forum.x3dna.org). I strive to respond promptly to any
questions posted there. DSSR is free of charge for NON-COMMERCIAL
purposes, and it comes with ABSOLUTELY NO WARRANTY.

****************************************************************************
Note: By default, each nucleotide is identified by chainId.name#. So a
      common case would be B.A1689, meaning adenosine #1689 on chain B.
      One-letter base names for modified nucleotides are put in lower
      case (e.g., 'c' for 5MC). For further information about the output
      notation, please refer to the DSSR User Manual.
    Questions and suggestions are *always* welcome on the 3DNA Forum.

Command: x3dna-dssr -i=../../data/5EV4.pdb --non-pair -o=5EV4_dssr.out
Date and time: Sat Aug 15 19:13:14 2020
File name: 5EV4.pdb
    no. of DNA/RNA chains: 1 [B=9]
    no. of nucleotides:    9
    no. of atoms:          3399
    no. of waters:         177
    no. of metals:         0

****************************************************************************
List of 1 type of 1 modified nucleotide
      nt    count  list
   1 BRU-u    1    B.BRU7

****************************************************************************
List of 1 non-pairing interaction
   1 B.DU8    B.C9     stacking: 3.8(0.3)--pm(>>,forward) interBase-angle=16 connected min_baseDist=3.51

****************************************************************************
List of 5 stacks
  Note: a stack is an ordered list of nucleotides assembled together via
        base-stacking interactions, regardless of backbone connectivity.
        Stacking interactions within a stem are *not* included.
   1 nts=2 FU A.PHE262,B.U3
   2 nts=2 NU A.ASN289,B.U5
   3 nts=2 FU A.PHE304,B.DU4
   4 nts=3 YuH A.TYR152,B.BRU7,A.HIS230
   5 nts=3 FUC A.PHE199,B.DU8,B.C9

****************************************************************************
Nucleotides not involved in stacking interactions
     nts=2 UU B.U1,B.U6

****************************************************************************
List of 1 non-loop single-stranded segment
   1 nts=9 UUUUUUuUC B.U1,B.U2,B.U3,B.DU4,B.U5,B.U6,B.BRU7,B.DU8,B.C9

****************************************************************************
List of 4 splayed-apart dinucleotides
   1 B.U1     B.U2     angle=138    distance=18.4     ratio=0.93
   2 B.U2     B.U3     angle=94     distance=14.2     ratio=0.73
   3 B.U5     B.U6     angle=98     distance=14.1     ratio=0.75
   4 B.U6     B.BRU7   angle=108    distance=15.9     ratio=0.81
----------------------------------------------------------------
Summary of 2 splayed-apart units
   1 nts=3 UUU B.U1,B.U2,B.U3
   2 nts=3 UUu B.U5,B.U6,B.BRU7

****************************************************************************
Secondary structures in dot-bracket notation (dbn) as a whole and per chain
>5EV4 nts=9 [whole]
UUUUUUuUC
.........
>5EV4-B #1 nts=9 1.17(1.88) [chain] DNA[3]/RNA[6]
UUUUUUuUC
.........

****************************************************************************
Summary of structural features of 9 nucleotides
  Note: the first five columns are: (1) serial number, (2) one-letter
    shorthand name, (3) dbn, (4) id string, (5) rmsd (~zero) of base
    ring atoms fitted against those in a standard base reference
    frame. The sixth (last) column contains a comma-separated list of
    features whose meanings are mostly self-explanatory, except for:
      turn: angle C1'(i-1)--C1'(i)--C1'(i+1) < 90 degrees
      break: no backbone linkage between O3'(i-1) and P(i)
   1  U . B.U1     0.010  anti,~C2'-endo,non-stack,ss-non-loop,phosphate,splayed-apart
   2  U . B.U2     0.009  anti,~C2'-endo,ss-non-loop,splayed-apart
   3  U . B.U3     0.014  anti,~C2'-endo,ss-non-loop,phosphate,splayed-apart
   4  U . B.DU4    0.013  anti,~C2'-endo,BI,ss-non-loop
   5  U . B.U5     0.011  anti,~C3'-endo,ss-non-loop,splayed-apart
   6  U . B.U6     0.007  anti,~C2'-endo,non-stack,ss-non-loop,splayed-apart
   7  u . B.BRU7   0.066  modified,anti,~C2'-endo,BII,ss-non-loop,splayed-apart
   8  U . B.DU8    0.015  anti,~C3'-endo,BI,non-pair-contact,ss-non-loop
   9  C . B.C9     0.003  anti,~C2'-endo,non-pair-contact,ss-non-loop

****************************************************************************
List of 6 additional files
   1 dssr-2ndstrs.bpseq -- secondary structure in bpseq format
   2 dssr-2ndstrs.ct -- secondary structure in connectivity table format
   3 dssr-2ndstrs.dbn -- secondary structure in dot-bracket notation
   4 dssr-torsions.txt -- backbone torsion angles and suite names
   5 dssr-splays.pdb -- an ensemble of splayed-apart units
   6 dssr-stacks.pdb -- an ensemble of stacks

****************************************************************************
Time used: 00:00:00:00
