****************************************************************************
              DSSR: an Integrated Software Tool for
             Dissecting the Spatial Structure of RNA
             v1.9.9-2020feb06, by xiangjun@x3dna.org

DSSR has been made possible by the NIH grant R01GM096889 (to X.J.Lu).
It is being actively maintained and developed. As always, I greatly
appreciate your feedback. Please report all DSSR-related issues on
the 3DNA Forum (forum.x3dna.org). I strive to respond promptly to any
questions posted there. DSSR is free of charge for NON-COMMERCIAL
purposes, and it comes with ABSOLUTELY NO WARRANTY.

****************************************************************************
Note: By default, each nucleotide is identified by chainId.name#. So a
      common case would be B.A1689, meaning adenosine #1689 on chain B.
      One-letter base names for modified nucleotides are put in lower
      case (e.g., 'c' for 5MC). For further information about the output
      notation, please refer to the DSSR User Manual.
    Questions and suggestions are *always* welcome on the 3DNA Forum.

Command: x3dna-dssr -i=../../pdb/5I8Q.pdb --non-pair -o=5I8Q_dssr.out
Date and time: Mon Aug 17 06:12:39 2020
File name: 5I8Q.pdb
    no. of DNA/RNA chains: 2 [C=9,F=13]
    no. of nucleotides:    24
    no. of atoms:          12596
    no. of waters:         0
    no. of metals:         2 [Mg=2]

****************************************************************************
List of 1 type of 2 modified nucleotides
      nt    count  list
   1 ANP-a    2    A.ANP802,B.ANP802

****************************************************************************
List of 13 non-pairing interactions
   1 C.U1     C.U2     interBase-angle=73 H-bonds[1]: "O5'*OP2[3.12]" connected min_baseDist=3.85
   2 C.U2     C.U3     interBase-angle=50 H-bonds[1]: "O2'(hydroxyl)-OP1[2.59]" connected min_baseDist=10.63
   3 C.U4     C.U5     stacking: 4.2(1.9)--pm(>>,forward) interBase-angle=20 connected min_baseDist=3.31
   4 C.U5     C.U6     stacking: 3.7(1.5)--pm(>>,forward) interBase-angle=15 connected min_baseDist=2.95
   5 C.U6     C.U7     stacking: 1.7(0.2)--pm(>>,forward) interBase-angle=18 H-bonds[1]: "O2'(hydroxyl)-O4'[3.29]" connected min_baseDist=3.11
   6 C.U7     C.U8     interBase-angle=82 H-bonds[1]: "O2'(hydroxyl)-OP2[2.88]" connected min_baseDist=10.48
   7 F.U1     F.U2     interBase-angle=73 H-bonds[1]: "O5'*OP2[3.13]" connected min_baseDist=3.85
   8 F.U2     F.U3     interBase-angle=50 H-bonds[1]: "O2'(hydroxyl)-OP1[2.59]" connected min_baseDist=10.63
   9 F.U4     F.U5     stacking: 4.2(1.9)--pm(>>,forward) interBase-angle=20 connected min_baseDist=3.31
  10 F.U5     F.U6     stacking: 3.7(1.5)--pm(>>,forward) interBase-angle=15 connected min_baseDist=2.95
  11 F.U6     F.U7     stacking: 1.7(0.2)--pm(>>,forward) interBase-angle=18 H-bonds[1]: "O2'(hydroxyl)-O4'[3.29]" connected min_baseDist=3.11
  12 F.U7     F.U8     interBase-angle=82 H-bonds[1]: "O2'(hydroxyl)-OP2[2.88]" connected min_baseDist=10.48
  13 F.U11    F.U12    interBase-angle=87 H-bonds[1]: "O2'(hydroxyl)-O5'[3.01]" connected min_baseDist=5.74

****************************************************************************
List of 6 stacks
  Note: a stack is an ordered list of nucleotides assembled together via
        base-stacking interactions, regardless of backbone connectivity.
        Stacking interactions within a stem are *not* included.
   1 nts=2 Ra A.ARG159,A.ANP802
   2 nts=2 Ra B.ARG159,B.ANP802
   3 nts=2 EU B.GLU202,F.U8
   4 nts=2 NU B.ASN618,F.U11
   5 nts=5 RUUUU A.ARG177,C.U7,C.U6,C.U5,C.U4
   6 nts=5 RUUUU B.ARG177,F.U7,F.U6,F.U5,F.U4

****************************************************************************
Nucleotides not involved in stacking interactions
     nts=8 UUUUUUUU C.U1,C.U2,C.U8,F.U1,F.U2,F.U9,F.U10,F.U13

****************************************************************************
List of 4 non-loop single-stranded segments
   1 nts=9 UUUUUUUUU C.U1,C.U2,C.U3,C.U4,C.U5,C.U6,C.U7,C.U8,C.U9
   2 nts=13 UUUUUUUUUUUUU F.U1,F.U2,F.U3,F.U4,F.U5,F.U6,F.U7,F.U8,F.U9,F.U10,F.U11,F.U12,F.U13
   3 nts=1 a A.ANP802
   4 nts=1 a B.ANP802

****************************************************************************
List of 7 splayed-apart dinucleotides
   1 C.U2     C.U3     angle=151    distance=19.6     ratio=0.97
   2 C.U7     C.U8     angle=157    distance=18.8     ratio=0.98
   3 C.U8     C.U9     angle=86     distance=13.4     ratio=0.68
   4 F.U2     F.U3     angle=151    distance=19.6     ratio=0.97
   5 F.U7     F.U8     angle=157    distance=18.8     ratio=0.98
   6 F.U8     F.U9     angle=86     distance=13.4     ratio=0.68
   7 F.U10    F.U11    angle=130    distance=17.2     ratio=0.91
----------------------------------------------------------------
Summary of 5 splayed-apart units
   1 nts=2 UU C.U2,C.U3
   2 nts=3 UUU C.U7,C.U8,C.U9
   3 nts=2 UU F.U2,F.U3
   4 nts=3 UUU F.U7,F.U8,F.U9
   5 nts=2 UU F.U10,F.U11

****************************************************************************
Secondary structures in dot-bracket notation (dbn) as a whole and per chain
>5I8Q nts=24 [whole]
UUUUUUUUU&UUUUUUUUUUUUU&a&a
.........&.............&.&.
>5I8Q-C #1 nts=9 2.01(2.37) [chain] RNA
UUUUUUUUU
.........
>5I8Q-F #2 nts=13 1.31(2.71) [chain] RNA
UUUUUUUUUUUUU
.............

****************************************************************************
Summary of structural features of 24 nucleotides
  Note: the first five columns are: (1) serial number, (2) one-letter
    shorthand name, (3) dbn, (4) id string, (5) rmsd (~zero) of base
    ring atoms fitted against those in a standard base reference
    frame. The sixth (last) column contains a comma-separated list of
    features whose meanings are mostly self-explanatory, except for:
      turn: angle C1'(i-1)--C1'(i)--C1'(i+1) < 90 degrees
      break: no backbone linkage between O3'(i-1) and P(i)
   1  U . C.U1     0.004  anti,~C3'-endo,non-stack,non-pair-contact,ss-non-loop
   2  U . C.U2     0.002  anti,~C2'-endo,non-stack,non-pair-contact,ss-non-loop,splayed-apart
   3  U . C.U3     0.003  anti,~C2'-endo,BII,non-pair-contact,ss-non-loop,phosphate,splayed-apart
   4  U . C.U4     0.002  anti,~C3'-endo,BI,non-pair-contact,ss-non-loop,phosphate
   5  U . C.U5     0.003  anti,~C3'-endo,BI,non-pair-contact,ss-non-loop,phosphate
   6  U . C.U6     0.002  anti,~C3'-endo,BI,non-pair-contact,ss-non-loop,phosphate
   7  U . C.U7     0.002  anti,~C3'-endo,non-pair-contact,ss-non-loop,phosphate,splayed-apart
   8  U . C.U8     0.004  anti,~C2'-endo,BII,non-stack,non-pair-contact,ss-non-loop,phosphate,splayed-apart
   9  U . C.U9     0.003  anti,~C3'-endo,ss-non-loop,splayed-apart
  10  U . F.U1     0.003  anti,~C3'-endo,non-stack,non-pair-contact,ss-non-loop
  11  U . F.U2     0.002  anti,~C2'-endo,non-stack,non-pair-contact,ss-non-loop,splayed-apart
  12  U . F.U3     0.003  anti,~C2'-endo,BII,non-pair-contact,ss-non-loop,phosphate,splayed-apart
  13  U . F.U4     0.003  anti,~C3'-endo,BI,non-pair-contact,ss-non-loop,phosphate
  14  U . F.U5     0.003  anti,~C3'-endo,BI,non-pair-contact,ss-non-loop,phosphate
  15  U . F.U6     0.002  anti,~C3'-endo,BI,non-pair-contact,ss-non-loop,phosphate
  16  U . F.U7     0.002  anti,~C3'-endo,non-pair-contact,ss-non-loop,phosphate,splayed-apart
  17  U . F.U8     0.004  anti,~C2'-endo,BII,non-pair-contact,ss-non-loop,phosphate,splayed-apart
  18  U . F.U9     0.002  anti,~C3'-endo,BI,non-stack,ss-non-loop,phosphate,splayed-apart
  19  U . F.U10    0.010  syn,~C2'-endo,non-stack,ss-non-loop,phosphate,splayed-apart
  20  U . F.U11    0.004  anti,~C2'-endo,BI,non-pair-contact,ss-non-loop,splayed-apart
  21  U . F.U12    0.003  anti,~C2'-endo,non-pair-contact,ss-non-loop
  22  U . F.U13    0.008  anti,~C3'-endo,non-stack,ss-non-loop
  23  a . A.ANP802 0.060  modified,syn,~C3'-endo,ss-non-loop
  24  a . B.ANP802 0.060  modified,syn,~C3'-endo,ss-non-loop

****************************************************************************
List of 6 additional files
   1 dssr-2ndstrs.bpseq -- secondary structure in bpseq format
   2 dssr-2ndstrs.ct -- secondary structure in connectivity table format
   3 dssr-2ndstrs.dbn -- secondary structure in dot-bracket notation
   4 dssr-torsions.txt -- backbone torsion angles and suite names
   5 dssr-splays.pdb -- an ensemble of splayed-apart units
   6 dssr-stacks.pdb -- an ensemble of stacks

****************************************************************************
Time used: 00:00:00:02
