****************************************************************************
              DSSR: an Integrated Software Tool for
             Dissecting the Spatial Structure of RNA
             v1.9.9-2020feb06, by xiangjun@x3dna.org

DSSR has been made possible by the NIH grant R01GM096889 (to X.J.Lu).
It is being actively maintained and developed. As always, I greatly
appreciate your feedback. Please report all DSSR-related issues on
the 3DNA Forum (forum.x3dna.org). I strive to respond promptly to any
questions posted there. DSSR is free of charge for NON-COMMERCIAL
purposes, and it comes with ABSOLUTELY NO WARRANTY.

****************************************************************************
Note: By default, each nucleotide is identified by chainId.name#. So a
      common case would be B.A1689, meaning adenosine #1689 on chain B.
      One-letter base names for modified nucleotides are put in lower
      case (e.g., 'c' for 5MC). For further information about the output
      notation, please refer to the DSSR User Manual.
    Questions and suggestions are *always* welcome on the 3DNA Forum.

Command: x3dna-dssr -i=../../pdb/5MPG.pdb --non-pair -o=5MPG_dssr.out
Date and time: Sun Aug 16 18:51:04 2020
File name: 5MPG.pdb
    no. of DNA/RNA chains: 1 [B=7]
    no. of nucleotides:    7
    no. of atoms:          1748
    no. of waters:         0
    no. of metals:         0

****************************************************************************
List of 3 non-pairing interactions
   1 B.U2    B.A3    interBase-angle=53 H-bonds[1]: "O2'(hydroxyl)-OP2[3.06]" connected min_baseDist=5.57
   2 B.A3    B.G4    interBase-angle=41 H-bonds[1]: "O2'(hydroxyl)-N2(amino)[2.62]" connected min_baseDist=2.67
   3 B.U6    B.C7    interBase-angle=64 H-bonds[1]: "O2'(hydroxyl)-OP2[2.94]" connected min_baseDist=6.78

****************************************************************************
List of 4 stacks
  Note: a stack is an ordered list of nucleotides assembled together via
        base-stacking interactions, regardless of backbone connectivity.
        Stacking interactions within a stem are *not* included.
   1 nts=2 FA A.PHE17,B.A3
   2 nts=2 FU A.PHE23,B.U1
   3 nts=2 FG A.PHE59,B.G4
   4 nts=2 RU A.ARG92,B.U6

****************************************************************************
Nucleotides not involved in stacking interactions
     nts=2 GC B.G5,B.C7

****************************************************************************
List of 1 atom-base capping interaction
    dv: vertical distance of the atom above the nucleotide base
    -----------------------------------------------------------
     type       atom                 nt             dv
   1 phosphate  O3'@B.U6             B.C7           2.97

****************************************************************************
List of 1 non-loop single-stranded segment
   1 nts=7 UUAGGUC B.U1,B.U2,B.A3,B.G4,B.G5,B.U6,B.C7

****************************************************************************
List of 2 splayed-apart dinucleotides
   1 B.U1    B.U2    angle=90     distance=15.1     ratio=0.71
   2 B.U6    B.C7    angle=136    distance=14.1     ratio=0.93
----------------------------------------------------------------
Summary of 2 splayed-apart units
   1 nts=2 UU B.U1,B.U2
   2 nts=2 UC B.U6,B.C7

****************************************************************************
Secondary structures in dot-bracket notation (dbn) as a whole and per chain
>5MPG nts=7 [whole]
UUAGGUC
.......
>5MPG-B #1 nts=7 3.61(1.18) [chain] RNA
UUAGGUC
.......

****************************************************************************
Summary of structural features of 7 nucleotides
  Note: the first five columns are: (1) serial number, (2) one-letter
    shorthand name, (3) dbn, (4) id string, (5) rmsd (~zero) of base
    ring atoms fitted against those in a standard base reference
    frame. The sixth (last) column contains a comma-separated list of
    features whose meanings are mostly self-explanatory, except for:
      turn: angle C1'(i-1)--C1'(i)--C1'(i+1) < 90 degrees
      break: no backbone linkage between O3'(i-1) and P(i)
   1  U . B.U1    0.002  anti,~C2'-endo,ss-non-loop,splayed-apart
   2  U . B.U2    0.003  anti,~C2'-endo,BII,non-pair-contact,ss-non-loop,splayed-apart
   3  A . B.A3    0.002  anti,~C2'-endo,non-pair-contact,ss-non-loop,phosphate
   4  G . B.G4    0.005  syn,~C2'-endo,BII,non-pair-contact,ss-non-loop
   5  G . B.G5    0.004  turn,anti,~C3'-endo,non-stack,ss-non-loop
   6  U . B.U6    0.002  anti,~C2'-endo,non-pair-contact,ss-non-loop,cap-donor,splayed-apart
   7  C . B.C7    0.001  anti,~C3'-endo,non-stack,non-pair-contact,ss-non-loop,cap-acceptor,phosphate,splayed-apart

****************************************************************************
List of 7 additional files
   1 dssr-2ndstrs.bpseq -- secondary structure in bpseq format
   2 dssr-2ndstrs.ct -- secondary structure in connectivity table format
   3 dssr-2ndstrs.dbn -- secondary structure in dot-bracket notation
   4 dssr-torsions.txt -- backbone torsion angles and suite names
   5 dssr-splays.pdb -- an ensemble of splayed-apart units
   6 dssr-stacks.pdb -- an ensemble of stacks
   7 dssr-atom2bases.pdb -- an ensemble of atom-base stacking interactions

****************************************************************************
Time used: 00:00:00:00
