****************************************************************************
              DSSR: an Integrated Software Tool for
             Dissecting the Spatial Structure of RNA
             v1.9.9-2020feb06, by xiangjun@x3dna.org

DSSR has been made possible by the NIH grant R01GM096889 (to X.J.Lu).
It is being actively maintained and developed. As always, I greatly
appreciate your feedback. Please report all DSSR-related issues on
the 3DNA Forum (forum.x3dna.org). I strive to respond promptly to any
questions posted there. DSSR is free of charge for NON-COMMERCIAL
purposes, and it comes with ABSOLUTELY NO WARRANTY.

****************************************************************************
Note: By default, each nucleotide is identified by chainId.name#. So a
      common case would be B.A1689, meaning adenosine #1689 on chain B.
      One-letter base names for modified nucleotides are put in lower
      case (e.g., 'c' for 5MC). For further information about the output
      notation, please refer to the DSSR User Manual.
    Questions and suggestions are *always* welcome on the 3DNA Forum.

Command: x3dna-dssr -i=../../pdb/5VM9.pdb --non-pair -o=5VM9_dssr.out
Date and time: Tue Aug 18 22:56:17 2020
File name: 5VM9.pdb
    no. of DNA/RNA chains: 2 [B=12,D=14]
    no. of nucleotides:    26
    no. of atoms:          13121
    no. of waters:         0
    no. of metals:         0

****************************************************************************
List of 15 non-pairing interactions
   1 B.A1     B.A2     interBase-angle=89 H-bonds[1]: "O2'(hydroxyl)-OP1[2.61]" connected min_baseDist=9.46
   2 B.A2     B.A3     stacking: 6.3(4.5)--pm(>>,forward) interBase-angle=9 connected min_baseDist=4.03
   3 B.A3     B.A4     stacking: 2.1(0.5)--pm(>>,forward) interBase-angle=19 H-bonds[1]: "O2'(hydroxyl)-O4'[2.77]" connected min_baseDist=3.17
   4 B.A4     B.A5     stacking: 6.8(4.9)--pm(>>,forward) interBase-angle=31 connected min_baseDist=2.60
   5 B.A5     B.A6     stacking: 6.1(4.0)--pm(>>,forward) interBase-angle=29 connected min_baseDist=2.96
   6 B.A7     B.A8     interBase-angle=78 H-bonds[1]: "N3*N7[3.00]" connected min_baseDist=3.00
   7 B.U20    B.U21    stacking: 0.6(0.0)--pm(>>,forward) interBase-angle=55 connected min_baseDist=3.47
   8 D.A1     D.A2     interBase-angle=79 H-bonds[1]: "O2'(hydroxyl)-OP1[2.22]" connected min_baseDist=9.10
   9 D.A2     D.A3     stacking: 6.9(4.1)--pm(>>,forward) interBase-angle=16 connected min_baseDist=3.23
  10 D.A3     D.A4     stacking: 3.8(1.3)--pm(>>,forward) interBase-angle=21 H-bonds[1]: "O2'(hydroxyl)-O4'[2.90]" connected min_baseDist=3.21
  11 D.A4     D.A5     stacking: 7.4(5.6)--pm(>>,forward) interBase-angle=25 connected min_baseDist=3.03
  12 D.A5     D.A6     stacking: 7.3(5.2)--pm(>>,forward) interBase-angle=25 connected min_baseDist=2.99
  13 D.A17    D.A18    stacking: 2.6(1.1)--pp(><,inward) interBase-angle=57 H-bonds[1]: "O2'(hydroxyl)-O4'[2.94]" connected min_baseDist=2.97
  14 D.A19    D.U20    interBase-angle=58 H-bonds[1]: "OP1*OP1[3.34]" connected min_baseDist=2.89
  15 D.U20    D.U21    stacking: 1.8(0.0)--pm(>>,forward) interBase-angle=29 H-bonds[2]: "O2'(hydroxyl)-OP2[2.81],O2'(hydroxyl)-O5'[3.15]" connected min_baseDist=3.36

****************************************************************************
List of 7 stacks
  Note: a stack is an ordered list of nucleotides assembled together via
        base-stacking interactions, regardless of backbone connectivity.
        Stacking interactions within a stem are *not* included.
   1 nts=2 YA A.TYR530,B.A1
   2 nts=2 YA C.TYR530,D.A1
   3 nts=2 AA D.A17,D.A18
   4 nts=2 UU D.U20,D.U21
   5 nts=3 FUU A.PHE295,B.U21,B.U20
   6 nts=5 AAAAA B.A2,B.A3,B.A4,B.A5,B.A6
   7 nts=5 AAAAA D.A2,D.A3,D.A4,D.A5,D.A6

****************************************************************************
Nucleotides not involved in stacking interactions
     nts=7 AAAAAAA B.A7,B.A8,B.A9,B.A19,D.A7,D.A8,D.A19

****************************************************************************
List of 2 atom-base capping interactions
    dv: vertical distance of the atom above the nucleotide base
    -----------------------------------------------------------
     type       atom                 nt             dv
   1 other      OG1@C.THR560         D.A2           3.35
   2 sugar      O2'@D.U20            D.U21          2.91

****************************************************************************
List of 2 non-loop single-stranded segments
   1 nts=12* AAAAAAAAAAUU B.A1,B.A2,B.A3,B.A4,B.A5,B.A6,B.A7,B.A8,B.A9,B.A19,B.U20,B.U21
   2 nts=14* AAAAAAAAAAAAUU D.A1,D.A2,D.A3,D.A4,D.A5,D.A6,D.A7,D.A8,D.A14,D.A17,D.A18,D.A19,D.U20,D.U21

****************************************************************************
List of 3 splayed-apart dinucleotides
   1 B.A1     B.A2     angle=145    distance=17.8     ratio=0.95
   2 B.A8     B.A9     angle=93     distance=12.6     ratio=0.73
   3 D.A1     D.A2     angle=141    distance=17.3     ratio=0.94
----------------------------------------------------------------
Summary of 3 splayed-apart units
   1 nts=2 AA B.A1,B.A2
   2 nts=2 AA B.A8,B.A9
   3 nts=2 AA D.A1,D.A2

****************************************************************************
Secondary structures in dot-bracket notation (dbn) as a whole and per chain
>5VM9 nts=26 [whole]
AAAAAAAAA&AUU&AAAAAAAA&A&AAAUU
.........&...&........&.&.....
>5VM9-B #1 nts=12 0.21(2.53) [chain] RNA*
AAAAAAAAA&AUU
.........&...
>5VM9-D #2 nts=14 1.52(1.97) [chain] RNA*
AAAAAAAA&A&AAAUU
........&.&.....

****************************************************************************
Summary of structural features of 26 nucleotides
  Note: the first five columns are: (1) serial number, (2) one-letter
    shorthand name, (3) dbn, (4) id string, (5) rmsd (~zero) of base
    ring atoms fitted against those in a standard base reference
    frame. The sixth (last) column contains a comma-separated list of
    features whose meanings are mostly self-explanatory, except for:
      turn: angle C1'(i-1)--C1'(i)--C1'(i+1) < 90 degrees
      break: no backbone linkage between O3'(i-1) and P(i)
   1  A . B.A1     0.008  anti,~C2'-endo,non-pair-contact,ss-non-loop,phosphate,splayed-apart
   2  A . B.A2     0.006  anti,~C3'-endo,BI,non-pair-contact,ss-non-loop,phosphate,splayed-apart
   3  A . B.A3     0.005  anti,~C3'-endo,non-pair-contact,ss-non-loop,phosphate
   4  A . B.A4     0.011  anti,~C3'-endo,BI,non-pair-contact,ss-non-loop,phosphate
   5  A . B.A5     0.011  anti,~C3'-endo,BI,non-pair-contact,ss-non-loop,phosphate
   6  A . B.A6     0.011  anti,~C3'-endo,BI,non-pair-contact,ss-non-loop,phosphate
   7  A . B.A7     0.020  ~C3'-endo,non-stack,non-pair-contact,ss-non-loop,phosphate
   8  A . B.A8     0.012  anti,~C3'-endo,BI,non-stack,non-pair-contact,ss-non-loop,phosphate,splayed-apart
   9  A . B.A9     0.013  break,anti,~C3'-endo,non-stack,ss-non-loop,splayed-apart
  10  A . B.A19    0.003  anti,~C3'-endo,non-stack,ss-non-loop
  11  U . B.U20    0.011  anti,~C3'-endo,non-pair-contact,ss-non-loop
  12  U . B.U21    0.008  anti,~C3'-endo,non-pair-contact,ss-non-loop,phosphate
  13  A . D.A1     0.013  anti,~C2'-endo,non-pair-contact,ss-non-loop,phosphate,splayed-apart
  14  A . D.A2     0.007  anti,~C3'-endo,BI,non-pair-contact,ss-non-loop,cap-acceptor,phosphate,splayed-apart
  15  A . D.A3     0.006  anti,~C3'-endo,non-pair-contact,ss-non-loop
  16  A . D.A4     0.005  anti,~C3'-endo,BI,non-pair-contact,ss-non-loop,phosphate
  17  A . D.A5     0.005  anti,~C3'-endo,BI,non-pair-contact,ss-non-loop,phosphate
  18  A . D.A6     0.005  anti,~C3'-endo,BI,non-pair-contact,ss-non-loop,phosphate
  19  A . D.A7     0.009  anti,~C3'-endo,non-stack,ss-non-loop
  20  A . D.A8     0.004  break,anti,~C3'-endo,non-stack,ss-non-loop
  21  A . D.A14    ---    break,non-stack,ss-non-loop
  22  A . D.A17    0.005  anti,~C3'-endo,non-pair-contact,ss-non-loop
  23  A . D.A18    0.015  syn,~C2'-endo,non-pair-contact,ss-non-loop,phosphate
  24  A . D.A19    0.013  turn,syn,~C2'-endo,BII,non-stack,non-pair-contact,ss-non-loop
  25  U . D.U20    0.008  anti,~C2'-endo,BI,non-pair-contact,ss-non-loop,cap-donor
  26  U . D.U21    0.007  anti,~C3'-endo,non-pair-contact,ss-non-loop,cap-acceptor,phosphate

****************************************************************************
List of 7 additional files
   1 dssr-2ndstrs.bpseq -- secondary structure in bpseq format
   2 dssr-2ndstrs.ct -- secondary structure in connectivity table format
   3 dssr-2ndstrs.dbn -- secondary structure in dot-bracket notation
   4 dssr-torsions.txt -- backbone torsion angles and suite names
   5 dssr-splays.pdb -- an ensemble of splayed-apart units
   6 dssr-stacks.pdb -- an ensemble of stacks
   7 dssr-atom2bases.pdb -- an ensemble of atom-base stacking interactions

****************************************************************************
Time used: 00:00:00:02
