****************************************************************************
              DSSR: an Integrated Software Tool for
             Dissecting the Spatial Structure of RNA
             v1.9.9-2020feb06, by xiangjun@x3dna.org

DSSR has been made possible by the NIH grant R01GM096889 (to X.J.Lu).
It is being actively maintained and developed. As always, I greatly
appreciate your feedback. Please report all DSSR-related issues on
the 3DNA Forum (forum.x3dna.org). I strive to respond promptly to any
questions posted there. DSSR is free of charge for NON-COMMERCIAL
purposes, and it comes with ABSOLUTELY NO WARRANTY.

****************************************************************************
Note: By default, each nucleotide is identified by chainId.name#. So a
      common case would be B.A1689, meaning adenosine #1689 on chain B.
      One-letter base names for modified nucleotides are put in lower
      case (e.g., 'c' for 5MC). For further information about the output
      notation, please refer to the DSSR User Manual.
    Questions and suggestions are *always* welcome on the 3DNA Forum.

Command: x3dna-dssr -i=../../pdb/5XLO.pdb --non-pair -o=5XLO_dssr.out
Date and time: Tue Aug 18 21:13:45 2020
File name: 5XLO.pdb
    no. of DNA/RNA chains: 1 [K=38]
    no. of nucleotides:    38
    no. of atoms:          15413
    no. of waters:         0
    no. of metals:         0

****************************************************************************
List of 31 non-pairing interactions
   1 K.A-5    K.A-4    interBase-angle=43 H-bonds[1]: "O5'*OP2[3.32]" connected min_baseDist=6.28
   2 K.G-3    K.A-2    stacking: 5.6(3.9)--pm(>>,forward) interBase-angle=64 H-bonds[1]: "O2'(hydroxyl)-OP2[2.62]" connected min_baseDist=3.17
   3 K.A-2    K.A-1    stacking: 4.6(3.7)--pp(><,inward) interBase-angle=7 connected min_baseDist=4.10
   4 K.A-1    K.A0     interBase-angle=20 H-bonds[1]: "O2'(hydroxyl)-OP2[2.52]" connected min_baseDist=11.51
   5 K.A0     K.U2     interBase-angle=14 H-bonds[1]: "O2'(hydroxyl)-OP1[2.38]" min_baseDist=8.86
   6 K.U2     K.C3     stacking: 5.5(0.9)--pm(>>,forward) interBase-angle=2 connected min_baseDist=4.19
   7 K.A4     K.C5     stacking: 5.7(2.9)--pm(>>,forward) interBase-angle=4 H-bonds[1]: "O2'(hydroxyl)-O5'[2.62]" connected min_baseDist=4.11
   8 K.G6     K.C8     interBase-angle=41 H-bonds[1]: "O2'(hydroxyl)-OP1[3.44]" min_baseDist=7.86
   9 K.G7     K.C8     interBase-angle=17 H-bonds[1]: "O2'(hydroxyl)-O4'[3.39]" connected min_baseDist=3.08
  10 K.C8     K.G9     stacking: 5.1(1.0)--pm(>>,forward) interBase-angle=14 connected min_baseDist=3.58
  11 K.G9     K.G10    stacking: 4.6(1.8)--pm(>>,forward) interBase-angle=55 H-bonds[3]: "O2'(hydroxyl)-OP1[2.87],O2'(hydroxyl)-O5'[2.82],O2'(hydroxyl)-O4'[3.05]" connected min_baseDist=3.72
  12 K.G10    K.G11    stacking: 5.7(5.0)--pp(><,inward) interBase-angle=10 H-bonds[1]: "O2'(hydroxyl)-OP1[2.69]" connected min_baseDist=3.90
  13 K.G11    K.C12    interBase-angle=35 H-bonds[1]: "O2'(hydroxyl)-O5'[2.80]" connected min_baseDist=11.13
  14 K.C12    K.U13    interBase-angle=58 H-bonds[1]: "O2'(hydroxyl)-O5'[2.75]" connected min_baseDist=7.64
  15 K.C12    K.U14    interBase-angle=60 H-bonds[1]: "O2'(hydroxyl)-OP1[2.51]" min_baseDist=7.97
  16 K.U13    K.U14    stacking: 3.0(0.0)--pm(>>,forward) interBase-angle=12 connected min_baseDist=3.31
  17 K.U14    K.G15    stacking: 5.6(1.9)--pp(><,inward) interBase-angle=8 connected min_baseDist=3.78
  18 K.A16    K.U17    stacking: 4.3(1.8)--pp(><,inward) interBase-angle=4 H-bonds[1]: "O2'(hydroxyl)-O4'[2.78]" connected min_baseDist=4.34
  19 K.U17    K.G18    interBase-angle=5 H-bonds[1]: "O2'(hydroxyl)-O5'[3.30]" connected min_baseDist=11.08
  20 K.G18    K.C20    interBase-angle=5 H-bonds[1]: "O2'(hydroxyl)-OP1[2.38]" min_baseDist=8.60
  21 K.C20    K.C21    stacking: 1.4(0.0)--pm(>>,forward) interBase-angle=5 connected min_baseDist=3.82
  22 K.C21    K.G22    interBase-angle=5 H-bonds[2]: "O2'(hydroxyl)-O5'[2.41],O2'(hydroxyl)-O4'[2.60]" connected min_baseDist=4.96
  23 K.G22    K.C23    stacking: 3.3(1.3)--pm(>>,forward) interBase-angle=41 connected min_baseDist=3.05
  24 K.G24    K.U25    interBase-angle=84 H-bonds[1]: "O2'(hydroxyl)-O5'[2.86]" connected min_baseDist=8.56
  25 K.G24    K.C26    interBase-angle=81 H-bonds[1]: "O2'(hydroxyl)-OP1[2.41]" min_baseDist=8.49
  26 K.U25    K.C26    stacking: 3.2(0.3)--mp(<<,backward) interBase-angle=8 H-bonds[1]: "O4'*O5'[3.31]" connected min_baseDist=3.42
  27 K.C26    K.U27    stacking: 0.2(0.0)--mp(<<,backward) interBase-angle=31 connected min_baseDist=3.04
  28 K.U27    K.A28    stacking: 1.0(0.0)--mp(<<,backward) interBase-angle=51 H-bonds[1]: "O2'(hydroxyl)-OP2[3.35]" connected min_baseDist=3.05
  29 K.A28    K.C29    interBase-angle=40 H-bonds[1]: "O2'(hydroxyl)-O5'[2.79]" connected min_baseDist=3.18
  30 K.C29    K.C30    interBase-angle=26 H-bonds[1]: "O2'(hydroxyl)-O5'[3.60]" connected min_baseDist=10.43
  31 K.C30    K.G32    interBase-angle=33 H-bonds[1]: "O2'(hydroxyl)-OP1[2.49]" min_baseDist=9.54

****************************************************************************
List of 11 stacks
  Note: a stack is an ordered list of nucleotides assembled together via
        base-stacking interactions, regardless of backbone connectivity.
        Stacking interactions within a stem are *not* included.
   1 nts=2 QU A.GLN241,K.U31
   2 nts=2 QU F.GLN241,K.U1
   3 nts=2 UC K.U2,K.C3
   4 nts=2 AC K.A4,K.C5
   5 nts=2 AU K.A16,K.U17
   6 nts=2 CC K.C20,K.C21
   7 nts=2 GC K.G22,K.C23
   8 nts=3 GAA K.G-3,K.A-2,K.A-1
   9 nts=3 UUG K.U13,K.U14,K.G15
  10 nts=4 CGGG K.C8,K.G9,K.G10,K.G11
  11 nts=4 UCUA K.U25,K.C26,K.U27,K.A28

****************************************************************************
Nucleotides not involved in stacking interactions
     nts=8 AAGUGCCG K.A-5,K.A-4,K.G7,K.U19,K.G24,K.C29,K.C30,K.G32

****************************************************************************
List of 2 atom-base capping interactions
    dv: vertical distance of the atom above the nucleotide base
    -----------------------------------------------------------
     type       atom                 nt             dv
   1 sugar      O2'@K.A-4            K.G-3          2.99
   2 sugar      O2'@K.A28            K.C29          2.98

****************************************************************************
List of 1 non-loop single-stranded segment
   1 nts=38 AAGAAAUUCACGGCGGGCUUGAUGUCCGCGUCUACCUG K.A-5,K.A-4,K.G-3,K.A-2,K.A-1,K.A0,K.U1,K.U2,K.C3,K.A4,K.C5,K.G6,K.G7,K.C8,K.G9,K.G10,K.G11,K.C12,K.U13,K.U14,K.G15,K.A16,K.U17,K.G18,K.U19,K.C20,K.C21,K.G22,K.C23,K.G24,K.U25,K.C26,K.U27,K.A28,K.C29,K.C30,K.U31,K.G32

****************************************************************************
List of 12 splayed-apart dinucleotides
   1 K.A-1    K.A0     angle=134    distance=18.6     ratio=0.92
   2 K.A0     K.U1     angle=119    distance=18.6     ratio=0.86
   3 K.C5     K.G6     angle=145    distance=17.4     ratio=0.96
   4 K.G6     K.G7     angle=96     distance=14.9     ratio=0.74
   5 K.G11    K.C12    angle=136    distance=18.6     ratio=0.93
   6 K.C12    K.U13    angle=106    distance=15.8     ratio=0.80
   7 K.U17    K.G18    angle=149    distance=18.9     ratio=0.96
   8 K.G18    K.U19    angle=93     distance=14.6     ratio=0.73
   9 K.C23    K.G24    angle=154    distance=18.5     ratio=0.97
  10 K.G24    K.U25    angle=106    distance=17.2     ratio=0.80
  11 K.C29    K.C30    angle=138    distance=18.8     ratio=0.93
  12 K.C30    K.U31    angle=119    distance=17.9     ratio=0.86
----------------------------------------------------------------
Summary of 6 splayed-apart units
   1 nts=3 AAU K.A-1,K.A0,K.U1
   2 nts=3 CGG K.C5,K.G6,K.G7
   3 nts=3 GCU K.G11,K.C12,K.U13
   4 nts=3 UGU K.U17,K.G18,K.U19
   5 nts=3 CGU K.C23,K.G24,K.U25
   6 nts=3 CCU K.C29,K.C30,K.U31

****************************************************************************
Secondary structures in dot-bracket notation (dbn) as a whole and per chain
>5XLO nts=38 [whole]
AAGAAAUUCACGGCGGGCUUGAUGUCCGCGUCUACCUG
......................................
>5XLO-K #1 nts=38 1.69(2.63) [chain] RNA
AAGAAAUUCACGGCGGGCUUGAUGUCCGCGUCUACCUG
......................................

****************************************************************************
Summary of structural features of 38 nucleotides
  Note: the first five columns are: (1) serial number, (2) one-letter
    shorthand name, (3) dbn, (4) id string, (5) rmsd (~zero) of base
    ring atoms fitted against those in a standard base reference
    frame. The sixth (last) column contains a comma-separated list of
    features whose meanings are mostly self-explanatory, except for:
      turn: angle C1'(i-1)--C1'(i)--C1'(i+1) < 90 degrees
      break: no backbone linkage between O3'(i-1) and P(i)
   1  A . K.A-5    0.009  syn,~C3'-endo,non-stack,non-pair-contact,ss-non-loop
   2  A . K.A-4    0.011  syn,~C2'-endo,BII,non-stack,non-pair-contact,ss-non-loop,cap-donor
   3  G . K.G-3    0.016  ~C2'-endo,non-pair-contact,ss-non-loop,cap-acceptor
   4  A . K.A-2    0.013  anti,~C3'-endo,non-pair-contact,ss-non-loop,phosphate
   5  A . K.A-1    0.015  syn,~C3'-endo,non-pair-contact,ss-non-loop,splayed-apart
   6  A . K.A0     0.013  turn,anti,~C2'-endo,non-pair-contact,ss-non-loop,phosphate,splayed-apart
   7  U . K.U1     0.007  turn,anti,~C2'-endo,BII,ss-non-loop,phosphate,splayed-apart
   8  U . K.U2     0.014  anti,~C2'-endo,BII,non-pair-contact,ss-non-loop,phosphate
   9  C . K.C3     0.016  anti,~C3'-endo,BI,non-pair-contact,ss-non-loop
  10  A . K.A4     0.017  anti,~C2'-endo,non-pair-contact,ss-non-loop,phosphate
  11  C . K.C5     0.017  anti,~C2'-endo,non-pair-contact,ss-non-loop,splayed-apart
  12  G . K.G6     0.015  syn,~C2'-endo,non-pair-contact,ss-non-loop,phosphate,splayed-apart
  13  G . K.G7     0.026  anti,~C2'-endo,non-stack,non-pair-contact,ss-non-loop,phosphate,splayed-apart
  14  C . K.C8     0.016  anti,~C2'-endo,BII,non-pair-contact,ss-non-loop,phosphate
  15  G . K.G9     0.019  anti,~C3'-endo,non-pair-contact,ss-non-loop
  16  G . K.G10    0.023  anti,~C3'-endo,non-pair-contact,ss-non-loop,phosphate
  17  G . K.G11    0.012  syn,~C2'-endo,non-pair-contact,ss-non-loop,phosphate,splayed-apart
  18  C . K.C12    0.029  anti,~C2'-endo,BI,non-pair-contact,ss-non-loop,phosphate,splayed-apart
  19  U . K.U13    0.018  anti,~C2'-endo,BII,non-pair-contact,ss-non-loop,phosphate,splayed-apart
  20  U . K.U14    0.017  anti,~C2'-endo,BII,non-pair-contact,ss-non-loop,phosphate
  21  G . K.G15    0.026  anti,~C2'-endo,BII,non-pair-contact,ss-non-loop
  22  A . K.A16    0.014  anti,~C2'-endo,non-pair-contact,ss-non-loop,phosphate
  23  U . K.U17    0.017  syn,~C2'-endo,non-pair-contact,ss-non-loop,splayed-apart
  24  G . K.G18    0.028  anti,~C2'-endo,non-pair-contact,ss-non-loop,phosphate,splayed-apart
  25  U . K.U19    0.014  turn,anti,~C2'-endo,BII,non-stack,ss-non-loop,phosphate,splayed-apart
  26  C . K.C20    0.017  anti,~C2'-endo,BII,non-pair-contact,ss-non-loop,phosphate
  27  C . K.C21    0.025  anti,~C3'-endo,non-pair-contact,ss-non-loop
  28  G . K.G22    0.018  anti,~C3'-endo,non-pair-contact,ss-non-loop,phosphate
  29  C . K.C23    0.013  anti,~C2'-endo,non-pair-contact,ss-non-loop,splayed-apart
  30  G . K.G24    0.021  anti,~C2'-endo,BI,non-stack,non-pair-contact,ss-non-loop,phosphate,splayed-apart
  31  U . K.U25    0.010  anti,~C2'-endo,non-pair-contact,ss-non-loop,phosphate,splayed-apart
  32  C . K.C26    0.006  anti,~C2'-endo,non-pair-contact,ss-non-loop,phosphate
  33  U . K.U27    0.015  anti,~C2'-endo,BII,non-pair-contact,ss-non-loop
  34  A . K.A28    0.029  anti,~C2'-endo,non-pair-contact,ss-non-loop,cap-donor,phosphate
  35  C . K.C29    0.017  ~C2'-endo,non-stack,non-pair-contact,ss-non-loop,cap-acceptor,splayed-apart
  36  C . K.C30    0.012  anti,~C2'-endo,non-stack,non-pair-contact,ss-non-loop,phosphate,splayed-apart
  37  U . K.U31    0.018  turn,~C2'-endo,BII,ss-non-loop,phosphate,splayed-apart
  38  G . K.G32    0.006  anti,~C2'-endo,non-stack,non-pair-contact,ss-non-loop,phosphate

****************************************************************************
List of 7 additional files
   1 dssr-2ndstrs.bpseq -- secondary structure in bpseq format
   2 dssr-2ndstrs.ct -- secondary structure in connectivity table format
   3 dssr-2ndstrs.dbn -- secondary structure in dot-bracket notation
   4 dssr-torsions.txt -- backbone torsion angles and suite names
   5 dssr-splays.pdb -- an ensemble of splayed-apart units
   6 dssr-stacks.pdb -- an ensemble of stacks
   7 dssr-atom2bases.pdb -- an ensemble of atom-base stacking interactions

****************************************************************************
Time used: 00:00:00:01
