****************************************************************************
              DSSR: an Integrated Software Tool for
             Dissecting the Spatial Structure of RNA
             v1.9.9-2020feb06, by xiangjun@x3dna.org

DSSR has been made possible by the NIH grant R01GM096889 (to X.J.Lu).
It is being actively maintained and developed. As always, I greatly
appreciate your feedback. Please report all DSSR-related issues on
the 3DNA Forum (forum.x3dna.org). I strive to respond promptly to any
questions posted there. DSSR is free of charge for NON-COMMERCIAL
purposes, and it comes with ABSOLUTELY NO WARRANTY.

****************************************************************************
Note: By default, each nucleotide is identified by chainId.name#. So a
      common case would be B.A1689, meaning adenosine #1689 on chain B.
      One-letter base names for modified nucleotides are put in lower
      case (e.g., 'c' for 5MC). For further information about the output
      notation, please refer to the DSSR User Manual.
    Questions and suggestions are *always* welcome on the 3DNA Forum.

Command: x3dna-dssr -i=../../pdb/6DCL.pdb --non-pair -o=6DCL_dssr.out
Date and time: Tue Aug 18 22:28:27 2020
File name: 6DCL.pdb
    no. of DNA/RNA chains: 2 [C=11,D=10]
    no. of nucleotides:    21
    no. of atoms:          3373
    no. of waters:         72
    no. of metals:         0

****************************************************************************
List of 9 non-pairing interactions
   1 C.A1     C.G2     interBase-angle=24 H-bonds[1]: "O2'(hydroxyl)-O4'[2.94]" connected min_baseDist=5.92
   2 C.U3     C.A4     interBase-angle=35 H-bonds[1]: "O2'(hydroxyl)-OP2[2.66]" connected min_baseDist=5.71
   3 C.G5     C.A6     interBase-angle=78 H-bonds[1]: "OP2*N7[2.97]" connected min_baseDist=4.61
   4 C.U8     C.A9     interBase-angle=44 H-bonds[1]: "O2'(hydroxyl)-OP2[2.61]" connected min_baseDist=6.22
   5 D.A1     D.G2     stacking: 7.8(5.0)--mp(<<,backward) interBase-angle=14 connected min_baseDist=3.28
   6 D.U3     D.A4     interBase-angle=47 H-bonds[1]: "O2'(hydroxyl)-OP2[2.93]" connected min_baseDist=5.84
   7 D.G5     D.A6     interBase-angle=79 H-bonds[1]: "O2'(hydroxyl)-O5'[3.45]" connected min_baseDist=9.08
   8 D.A6     D.U8     interBase-angle=82 H-bonds[1]: "O2'(hydroxyl)-OP1[2.70]" min_baseDist=8.36
   9 D.U8     D.A9     interBase-angle=48 H-bonds[1]: "O2'(hydroxyl)-OP2[2.84]" connected min_baseDist=6.24

****************************************************************************
List of 9 stacks
  Note: a stack is an ordered list of nucleotides assembled together via
        base-stacking interactions, regardless of backbone connectivity.
        Stacking interactions within a stem are *not* included.
   1 nts=2 FA A.PHE108,D.A9
   2 nts=2 FG A.PHE150,D.G10
   3 nts=2 FA B.PHE108,C.A9
   4 nts=2 FG B.PHE150,C.G10
   5 nts=2 AG D.A1,D.G2
   6 nts=3 FAH A.PHE17,C.A4,A.HIS101
   7 nts=3 FGR A.PHE59,C.G5,A.ARG92
   8 nts=3 FAH B.PHE17,D.A4,B.HIS101
   9 nts=3 FGR B.PHE59,D.G5,B.ARG92

****************************************************************************
Nucleotides not involved in stacking interactions
     nts=6 AGAUCA C.A1,C.G2,C.A6,C.U7,C.C11,D.A6

****************************************************************************
List of 1 atom-base capping interaction
    dv: vertical distance of the atom above the nucleotide base
    -----------------------------------------------------------
     type       atom                 nt             dv
   1 sugar      O2'@C.A1             C.G2           3.04

****************************************************************************
List of 2 non-loop single-stranded segments
   1 nts=11 AGUAGAUUAGC C.A1,C.G2,C.U3,C.A4,C.G5,C.A6,C.U7,C.U8,C.A9,C.G10,C.C11
   2 nts=10 AGUAGAUUAG D.A1,D.G2,D.U3,D.A4,D.G5,D.A6,D.U7,D.U8,D.A9,D.G10

****************************************************************************
List of 7 splayed-apart dinucleotides
   1 C.G2     C.U3     angle=87     distance=13.3     ratio=0.69
   2 C.A6     C.U7     angle=127    distance=17.6     ratio=0.90
   3 C.U7     C.U8     angle=162    distance=18.6     ratio=0.99
   4 D.G2     D.U3     angle=136    distance=17.1     ratio=0.93
   5 D.G5     D.A6     angle=106    distance=16.1     ratio=0.80
   6 D.A6     D.U7     angle=159    distance=18.0     ratio=0.98
   7 D.U7     D.U8     angle=150    distance=18.3     ratio=0.97
----------------------------------------------------------------
Summary of 4 splayed-apart units
   1 nts=2 GU C.G2,C.U3
   2 nts=3 AUU C.A6,C.U7,C.U8
   3 nts=2 GU D.G2,D.U3
   4 nts=4 GAUU D.G5,D.A6,D.U7,D.U8

****************************************************************************
Secondary structures in dot-bracket notation (dbn) as a whole and per chain
>6DCL nts=21 [whole]
AGUAGAUUAGC&AGUAGAUUAG
...........&..........
>6DCL-C #1 nts=11 4.29(1.72) [chain] RNA
AGUAGAUUAGC
...........
>6DCL-D #2 nts=10 4.01(2.33) [chain] RNA
AGUAGAUUAG
..........

****************************************************************************
Summary of structural features of 21 nucleotides
  Note: the first five columns are: (1) serial number, (2) one-letter
    shorthand name, (3) dbn, (4) id string, (5) rmsd (~zero) of base
    ring atoms fitted against those in a standard base reference
    frame. The sixth (last) column contains a comma-separated list of
    features whose meanings are mostly self-explanatory, except for:
      turn: angle C1'(i-1)--C1'(i)--C1'(i+1) < 90 degrees
      break: no backbone linkage between O3'(i-1) and P(i)
   1  A . C.A1     0.015  syn,~C2'-endo,non-stack,non-pair-contact,ss-non-loop,cap-donor
   2  G . C.G2     0.010  anti,~C2'-endo,non-stack,non-pair-contact,ss-non-loop,cap-acceptor,splayed-apart
   3  U . C.U3     0.012  anti,~C2'-endo,non-pair-contact,ss-non-loop,splayed-apart
   4  A . C.A4     0.022  anti,~C2'-endo,non-pair-contact,ss-non-loop,phosphate
   5  G . C.G5     0.012  syn,~C2'-endo,non-pair-contact,ss-non-loop,phosphate
   6  A . C.A6     0.019  anti,~C2'-endo,BII,non-stack,non-pair-contact,ss-non-loop,phosphate,splayed-apart
   7  U . C.U7     0.006  turn,anti,~C2'-endo,non-stack,ss-non-loop,splayed-apart
   8  U . C.U8     0.014  anti,~C2'-endo,non-pair-contact,ss-non-loop,splayed-apart
   9  A . C.A9     0.014  anti,~C2'-endo,non-pair-contact,ss-non-loop,phosphate
  10  G . C.G10    0.016  syn,~C2'-endo,ss-non-loop,phosphate
  11  C . C.C11    0.004  anti,~C2'-endo,non-stack,ss-non-loop
  12  A . D.A1     0.021  syn,~C3'-endo,non-pair-contact,ss-non-loop
  13  G . D.G2     0.022  syn,~C3'-endo,BII,non-pair-contact,ss-non-loop,splayed-apart
  14  U . D.U3     0.008  anti,~C2'-endo,non-pair-contact,ss-non-loop,splayed-apart
  15  A . D.A4     0.008  anti,~C2'-endo,non-pair-contact,ss-non-loop,phosphate
  16  G . D.G5     0.016  syn,~C2'-endo,non-pair-contact,ss-non-loop,phosphate,splayed-apart
  17  A . D.A6     0.018  turn,anti,~C3'-endo,BII,non-stack,non-pair-contact,ss-non-loop,phosphate,splayed-apart
  18  U . D.U7     0.011  turn,anti,~C2'-endo,ss-non-loop,splayed-apart
  19  U . D.U8     0.005  anti,~C2'-endo,non-pair-contact,ss-non-loop,phosphate,splayed-apart
  20  A . D.A9     0.008  anti,~C2'-endo,non-pair-contact,ss-non-loop,phosphate
  21  G . D.G10    0.011  syn,~C2'-endo,ss-non-loop,phosphate

****************************************************************************
List of 7 additional files
   1 dssr-2ndstrs.bpseq -- secondary structure in bpseq format
   2 dssr-2ndstrs.ct -- secondary structure in connectivity table format
   3 dssr-2ndstrs.dbn -- secondary structure in dot-bracket notation
   4 dssr-torsions.txt -- backbone torsion angles and suite names
   5 dssr-splays.pdb -- an ensemble of splayed-apart units
   6 dssr-stacks.pdb -- an ensemble of stacks
   7 dssr-atom2bases.pdb -- an ensemble of atom-base stacking interactions

****************************************************************************
Time used: 00:00:00:00
