****************************************************************************
              DSSR: an Integrated Software Tool for
             Dissecting the Spatial Structure of RNA
             v1.9.9-2020feb06, by xiangjun@x3dna.org

DSSR has been made possible by the NIH grant R01GM096889 (to X.J.Lu).
It is being actively maintained and developed. As always, I greatly
appreciate your feedback. Please report all DSSR-related issues on
the 3DNA Forum (forum.x3dna.org). I strive to respond promptly to any
questions posted there. DSSR is free of charge for NON-COMMERCIAL
purposes, and it comes with ABSOLUTELY NO WARRANTY.

****************************************************************************
Note: By default, each nucleotide is identified by chainId.name#. So a
      common case would be B.A1689, meaning adenosine #1689 on chain B.
      One-letter base names for modified nucleotides are put in lower
      case (e.g., 'c' for 5MC). For further information about the output
      notation, please refer to the DSSR User Manual.
    Questions and suggestions are *always* welcome on the 3DNA Forum.

Command: x3dna-dssr -i=../../pdb/6I3P.pdb --non-pair -o=6I3P_dssr.out
Date and time: Mon Aug 17 04:43:25 2020
File name: 6I3P.pdb
    no. of DNA/RNA chains: 4 [E=9,F=9,G=9,H=9]
    no. of nucleotides:    36
    no. of atoms:          20540
    no. of waters:         0
    no. of metals:         0

****************************************************************************
List of 12 non-pairing interactions
   1 E.U5      E.U6      stacking: 2.9(1.2)--pm(>>,forward) interBase-angle=14 connected min_baseDist=3.01
   2 E.U6      E.U7      stacking: 2.4(1.0)--pm(>>,forward) interBase-angle=10 connected min_baseDist=3.30
   3 E.U7      E.U8      stacking: 0.2(0.0)--pm(>>,forward) interBase-angle=13 H-bonds[1]: "O2'(hydroxyl)-O4'[2.82]" connected min_baseDist=3.75
   4 F.U5      F.U6      stacking: 3.0(1.2)--pm(>>,forward) interBase-angle=14 connected min_baseDist=3.01
   5 F.U6      F.U7      stacking: 2.4(1.0)--pm(>>,forward) interBase-angle=10 connected min_baseDist=3.31
   6 F.U7      F.U8      stacking: 0.2(0.0)--pm(>>,forward) interBase-angle=13 H-bonds[1]: "O2'(hydroxyl)-O4'[2.82]" connected min_baseDist=3.74
   7 G.U5      G.U6      stacking: 2.9(1.2)--pm(>>,forward) interBase-angle=14 connected min_baseDist=2.99
   8 G.U6      G.U7      stacking: 2.5(1.0)--pm(>>,forward) interBase-angle=10 connected min_baseDist=3.33
   9 G.U7      G.U8      stacking: 0.2(0.0)--pm(>>,forward) interBase-angle=13 H-bonds[1]: "O2'(hydroxyl)-O4'[2.83]" connected min_baseDist=3.74
  10 H.U5      H.U6      stacking: 2.9(1.2)--pm(>>,forward) interBase-angle=14 connected min_baseDist=3.00
  11 H.U6      H.U7      stacking: 2.5(1.0)--pm(>>,forward) interBase-angle=10 connected min_baseDist=3.32
  12 H.U7      H.U8      stacking: 0.2(0.0)--pm(>>,forward) interBase-angle=13 H-bonds[1]: "O2'(hydroxyl)-O4'[2.83]" connected min_baseDist=3.75

****************************************************************************
List of 15 stacks
  Note: a stack is an ordered list of nucleotides assembled together via
        base-stacking interactions, regardless of backbone connectivity.
        Stacking interactions within a stem are *not* included.
   1 nts=2 RU A.ARG1012,E.U3
   2 nts=2 FU A.PHE1134,E.U1
   3 nts=2 HU A.HIS1155,E.U4
   4 nts=2 RU B.ARG1012,F.U3
   5 nts=2 FU B.PHE1134,F.U1
   6 nts=2 HU B.HIS1155,F.U4
   7 nts=2 RU C.ARG1012,G.U3
   8 nts=2 FU C.PHE1134,G.U1
   9 nts=2 HU C.HIS1155,G.U4
  10 nts=2 RU D.ARG1012,H.U3
  11 nts=2 FU D.PHE1134,H.U1
  12 nts=4 UUUU E.U5,E.U6,E.U7,E.U8
  13 nts=4 UUUU F.U5,F.U6,F.U7,F.U8
  14 nts=4 UUUU G.U5,G.U6,G.U7,G.U8
  15 nts=4 UUUU H.U5,H.U6,H.U7,H.U8

****************************************************************************
Nucleotides not involved in stacking interactions
     nts=7 UUUUUUU E.U2,F.U2,G.U2,G.U9,H.U2,H.U4,H.U9

****************************************************************************
List of 4 non-loop single-stranded segments
   1 nts=9 UUUUUUUUU E.U1,E.U2,E.U3,E.U4,E.U5,E.U6,E.U7,E.U8,E.U9
   2 nts=9 UUUUUUUUU F.U1,F.U2,F.U3,F.U4,F.U5,F.U6,F.U7,F.U8,F.U9
   3 nts=9 UUUUUUUUU G.U1,G.U2,G.U3,G.U4,G.U5,G.U6,G.U7,G.U8,G.U9
   4 nts=9 UUUUUUUUU H.U1,H.U2,H.U3,H.U4,H.U5,H.U6,H.U7,H.U8,H.U9

****************************************************************************
List of 4 splayed-apart dinucleotides
   1 E.U3      E.U4      angle=105    distance=14.9     ratio=0.79
   2 F.U3      F.U4      angle=105    distance=14.9     ratio=0.79
   3 G.U3      G.U4      angle=105    distance=14.9     ratio=0.79
   4 H.U3      H.U4      angle=106    distance=15.0     ratio=0.80
----------------------------------------------------------------
Summary of 4 splayed-apart units
   1 nts=2 UU E.U3,E.U4
   2 nts=2 UU F.U3,F.U4
   3 nts=2 UU G.U3,G.U4
   4 nts=2 UU H.U3,H.U4

****************************************************************************
Secondary structures in dot-bracket notation (dbn) as a whole and per chain
>6I3P nts=36 [whole]
UUUUUUUUU&UUUUUUUUU&UUUUUUUUU&UUUUUUUUU
.........&.........&.........&.........
>6I3P-E #1 nts=9 3.75(1.03) [chain] RNA
UUUUUUUUU
.........
>6I3P-F #2 nts=9 3.86(1.02) [chain] RNA
UUUUUUUUU
.........
>6I3P-G #3 nts=9 3.81(1.04) [chain] RNA
UUUUUUUUU
.........
>6I3P-H #4 nts=9 3.79(1.01) [chain] RNA
UUUUUUUUU
.........

****************************************************************************
Summary of structural features of 36 nucleotides
  Note: the first five columns are: (1) serial number, (2) one-letter
    shorthand name, (3) dbn, (4) id string, (5) rmsd (~zero) of base
    ring atoms fitted against those in a standard base reference
    frame. The sixth (last) column contains a comma-separated list of
    features whose meanings are mostly self-explanatory, except for:
      turn: angle C1'(i-1)--C1'(i)--C1'(i+1) < 90 degrees
      break: no backbone linkage between O3'(i-1) and P(i)
   1  U . E.U1      0.007  syn,ss-non-loop
   2  U . E.U2      0.005  anti,~C2'-endo,BII,non-stack,ss-non-loop
   3  U . E.U3      0.008  anti,~C2'-endo,ss-non-loop,splayed-apart
   4  U . E.U4      0.007  anti,~C2'-endo,BII,ss-non-loop,phosphate,splayed-apart
   5  U . E.U5      0.022  anti,~C3'-endo,BI,non-pair-contact,ss-non-loop,phosphate
   6  U . E.U6      0.008  anti,~C3'-endo,BI,non-pair-contact,ss-non-loop,phosphate
   7  U . E.U7      0.007  anti,~C3'-endo,BI,non-pair-contact,ss-non-loop,phosphate
   8  U . E.U8      0.005  anti,~C3'-endo,BI,non-pair-contact,ss-non-loop,phosphate
   9  U . E.U9      0.015  anti,~C2'-endo,ss-non-loop,phosphate
  10  U . F.U1      0.008  syn,ss-non-loop
  11  U . F.U2      0.006  anti,~C2'-endo,BII,non-stack,ss-non-loop
  12  U . F.U3      0.007  anti,~C2'-endo,ss-non-loop,splayed-apart
  13  U . F.U4      0.007  anti,~C2'-endo,BII,ss-non-loop,phosphate,splayed-apart
  14  U . F.U5      0.021  anti,~C3'-endo,BI,non-pair-contact,ss-non-loop,phosphate
  15  U . F.U6      0.010  anti,~C3'-endo,BI,non-pair-contact,ss-non-loop,phosphate
  16  U . F.U7      0.007  anti,~C3'-endo,BI,non-pair-contact,ss-non-loop,phosphate
  17  U . F.U8      0.005  anti,~C3'-endo,BI,non-pair-contact,ss-non-loop,phosphate
  18  U . F.U9      0.006  anti,~C2'-endo,ss-non-loop,phosphate
  19  U . G.U1      0.005  syn,BI,ss-non-loop
  20  U . G.U2      0.010  anti,BII,non-stack,ss-non-loop
  21  U . G.U3      0.007  anti,~C2'-endo,ss-non-loop,splayed-apart
  22  U . G.U4      0.007  anti,~C2'-endo,BII,ss-non-loop,phosphate,splayed-apart
  23  U . G.U5      0.022  anti,~C3'-endo,BI,non-pair-contact,ss-non-loop,phosphate
  24  U . G.U6      0.009  anti,~C3'-endo,BI,non-pair-contact,ss-non-loop,phosphate
  25  U . G.U7      0.007  anti,~C3'-endo,BI,non-pair-contact,ss-non-loop,phosphate
  26  U . G.U8      0.006  anti,~C3'-endo,BI,non-pair-contact,ss-non-loop,phosphate
  27  U . G.U9      0.015  anti,~C2'-endo,non-stack,ss-non-loop,phosphate
  28  U . H.U1      0.004  syn,ss-non-loop
  29  U . H.U2      0.006  anti,~C2'-endo,BII,non-stack,ss-non-loop,phosphate
  30  U . H.U3      0.008  anti,~C2'-endo,ss-non-loop,splayed-apart
  31  U . H.U4      0.005  anti,~C2'-endo,BII,non-stack,ss-non-loop,phosphate,splayed-apart
  32  U . H.U5      0.021  anti,~C3'-endo,BI,non-pair-contact,ss-non-loop,phosphate
  33  U . H.U6      0.009  anti,~C3'-endo,BI,non-pair-contact,ss-non-loop,phosphate
  34  U . H.U7      0.007  anti,~C3'-endo,BI,non-pair-contact,ss-non-loop,phosphate
  35  U . H.U8      0.005  anti,~C3'-endo,BI,non-pair-contact,ss-non-loop,phosphate
  36  U . H.U9      0.016  anti,~C2'-endo,non-stack,ss-non-loop,phosphate

****************************************************************************
List of 6 additional files
   1 dssr-2ndstrs.bpseq -- secondary structure in bpseq format
   2 dssr-2ndstrs.ct -- secondary structure in connectivity table format
   3 dssr-2ndstrs.dbn -- secondary structure in dot-bracket notation
   4 dssr-torsions.txt -- backbone torsion angles and suite names
   5 dssr-splays.pdb -- an ensemble of splayed-apart units
   6 dssr-stacks.pdb -- an ensemble of stacks

****************************************************************************
Time used: 00:00:00:03
