****************************************************************************
              DSSR: an Integrated Software Tool for
             Dissecting the Spatial Structure of RNA
             v1.9.9-2020feb06, by xiangjun@x3dna.org

DSSR has been made possible by the NIH grant R01GM096889 (to X.J.Lu).
It is being actively maintained and developed. As always, I greatly
appreciate your feedback. Please report all DSSR-related issues on
the 3DNA Forum (forum.x3dna.org). I strive to respond promptly to any
questions posted there. DSSR is free of charge for NON-COMMERCIAL
purposes, and it comes with ABSOLUTELY NO WARRANTY.

****************************************************************************
Note: By default, each nucleotide is identified by chainId.name#. So a
      common case would be B.A1689, meaning adenosine #1689 on chain B.
      One-letter base names for modified nucleotides are put in lower
      case (e.g., 'c' for 5MC). For further information about the output
      notation, please refer to the DSSR User Manual.
    Questions and suggestions are *always* welcome on the 3DNA Forum.

Command: x3dna-dssr -i=../../pdb/6LLB.pdb --non-pair -o=6LLB_dssr.out
Date and time: Mon Aug 17 06:35:07 2020
File name: 6LLB.pdb
    no. of DNA/RNA chains: 2 [C=6,D=6]
    no. of nucleotides:    12
    no. of atoms:          7581
    no. of waters:         65
    no. of metals:         4 [Zn=4]

****************************************************************************
List of 6 non-pairing interactions
   1 C.A1      C.A2      interBase-angle=55 H-bonds[3]: "O2'(hydroxyl)-OP2[3.01],O2'(hydroxyl)-O5'[2.39],O2'(hydroxyl)-O4'[2.58]" connected min_baseDist=3.90
   2 C.A3      C.A4      stacking: 4.4(1.9)--pm(>>,forward) interBase-angle=13 connected min_baseDist=3.16
   3 C.A4      C.A5      stacking: 4.7(1.7)--pm(>>,forward) interBase-angle=6 connected min_baseDist=3.65
   4 D.A1      D.A2      interBase-angle=53 H-bonds[3]: "O2'(hydroxyl)-OP2[2.90],O2'(hydroxyl)-O5'[2.64],O2'(hydroxyl)-O4'[2.79]" connected min_baseDist=5.54
   5 D.A3      D.A4      stacking: 5.8(3.4)--pm(>>,forward) interBase-angle=14 connected min_baseDist=2.99
   6 D.A4      D.A5      stacking: 6.3(4.1)--pm(>>,forward) interBase-angle=11 connected min_baseDist=3.15

****************************************************************************
List of 2 stacks
  Note: a stack is an ordered list of nucleotides assembled together via
        base-stacking interactions, regardless of backbone connectivity.
        Stacking interactions within a stem are *not* included.
   1 nts=3 AAA D.A3,D.A4,D.A5
   2 nts=5 AAARA C.A3,C.A4,C.A5,A.ARG271,C.A6

****************************************************************************
Nucleotides not involved in stacking interactions
     nts=5 AAAAA C.A1,C.A2,D.A1,D.A2,D.A6

****************************************************************************
List of 2 non-loop single-stranded segments
   1 nts=6 AAAAAA C.A1,C.A2,C.A3,C.A4,C.A5,C.A6
   2 nts=6 AAAAAA D.A1,D.A2,D.A3,D.A4,D.A5,D.A6

****************************************************************************
Secondary structures in dot-bracket notation (dbn) as a whole and per chain
>6LLB nts=12 [whole]
AAAAAA&AAAAAA
......&......
>6LLB-C #1 nts=6 4.68(0.88) [chain] RNA
AAAAAA
......
>6LLB-D #2 nts=6 4.88(1.06) [chain] RNA
AAAAAA
......

****************************************************************************
Summary of structural features of 12 nucleotides
  Note: the first five columns are: (1) serial number, (2) one-letter
    shorthand name, (3) dbn, (4) id string, (5) rmsd (~zero) of base
    ring atoms fitted against those in a standard base reference
    frame. The sixth (last) column contains a comma-separated list of
    features whose meanings are mostly self-explanatory, except for:
      turn: angle C1'(i-1)--C1'(i)--C1'(i+1) < 90 degrees
      break: no backbone linkage between O3'(i-1) and P(i)
   1  A . C.A1      0.008  anti,~C3'-endo,non-stack,non-pair-contact,ss-non-loop,phosphate
   2  A . C.A2      0.019  anti,~C2'-endo,BII,non-stack,non-pair-contact,ss-non-loop,phosphate
   3  A . C.A3      0.014  anti,~C3'-endo,BI,non-pair-contact,ss-non-loop,phosphate
   4  A . C.A4      0.004  anti,~C3'-endo,BI,non-pair-contact,ss-non-loop,phosphate
   5  A . C.A5      0.005  anti,~C3'-endo,BI,non-pair-contact,ss-non-loop,phosphate
   6  A . C.A6      0.010  anti,~C2'-endo,ss-non-loop,phosphate
   7  A . D.A1      0.010  anti,~C3'-endo,non-stack,non-pair-contact,ss-non-loop,phosphate
   8  A . D.A2      0.007  anti,~C2'-endo,BII,non-stack,non-pair-contact,ss-non-loop,phosphate
   9  A . D.A3      0.011  anti,~C3'-endo,BI,non-pair-contact,ss-non-loop,phosphate
  10  A . D.A4      0.009  anti,~C3'-endo,BI,non-pair-contact,ss-non-loop,phosphate
  11  A . D.A5      0.006  anti,~C3'-endo,non-pair-contact,ss-non-loop,phosphate
  12  A . D.A6      0.010  anti,~C2'-endo,non-stack,ss-non-loop

****************************************************************************
List of 5 additional files
   1 dssr-2ndstrs.bpseq -- secondary structure in bpseq format
   2 dssr-2ndstrs.ct -- secondary structure in connectivity table format
   3 dssr-2ndstrs.dbn -- secondary structure in dot-bracket notation
   4 dssr-torsions.txt -- backbone torsion angles and suite names
   5 dssr-stacks.pdb -- an ensemble of stacks

****************************************************************************
Time used: 00:00:00:01
