****************************************************************************
              DSSR: an Integrated Software Tool for
             Dissecting the Spatial Structure of RNA
             v1.9.9-2020feb06, by xiangjun@x3dna.org

DSSR has been made possible by the NIH grant R01GM096889 (to X.J.Lu).
It is being actively maintained and developed. As always, I greatly
appreciate your feedback. Please report all DSSR-related issues on
the 3DNA Forum (forum.x3dna.org). I strive to respond promptly to any
questions posted there. DSSR is free of charge for NON-COMMERCIAL
purposes, and it comes with ABSOLUTELY NO WARRANTY.

****************************************************************************
Note: By default, each nucleotide is identified by chainId.name#. So a
      common case would be B.A1689, meaning adenosine #1689 on chain B.
      One-letter base names for modified nucleotides are put in lower
      case (e.g., 'c' for 5MC). For further information about the output
      notation, please refer to the DSSR User Manual.
    Questions and suggestions are *always* welcome on the 3DNA Forum.

Command: x3dna-dssr -i=../../pdb/6QIC.pdb --non-pair -o=6QIC_dssr.out
Date and time: Tue Aug 18 20:29:26 2020
File name: 6QIC.pdb
    no. of DNA/RNA chains: 4 [E=11,F=10,G=10,H=10]
    no. of nucleotides:    41
    no. of atoms:          20588
    no. of waters:         1
    no. of metals:         0

****************************************************************************
List of 16 non-pairing interactions
   1 E.U5      E.U6      stacking: 4.4(2.2)--pm(>>,forward) interBase-angle=14 connected min_baseDist=3.27
   2 E.U6      E.U7      stacking: 2.3(0.9)--pm(>>,forward) interBase-angle=18 connected min_baseDist=3.47
   3 E.U7      E.U8      stacking: 0.5(0.0)--pm(>>,forward) interBase-angle=15 H-bonds[1]: "O2'(hydroxyl)-O4'[3.24]" connected min_baseDist=3.71
   4 E.U9      E.U10     interBase-angle=90 H-bonds[1]: "O2'(hydroxyl)-OP2[2.82]" connected min_baseDist=8.36
   5 E.U10     E.U11     stacking: 5.7(4.6)--mm(<>,outward) interBase-angle=26 connected min_baseDist=3.53
   6 F.U5      F.U6      stacking: 3.2(1.3)--pm(>>,forward) interBase-angle=7 connected min_baseDist=3.32
   7 F.U6      F.U7      stacking: 1.7(0.4)--pm(>>,forward) interBase-angle=29 connected min_baseDist=3.50
   8 F.U7      F.U8      stacking: 0.3(0.0)--pm(>>,forward) interBase-angle=21 H-bonds[1]: "O2'(hydroxyl)-O4'[2.91]" connected min_baseDist=3.40
   9 F.U9      F.U10     interBase-angle=88 H-bonds[1]: "O2'(hydroxyl)-OP2[2.54]" connected min_baseDist=8.35
  10 G.U5      G.U6      stacking: 3.2(1.4)--pm(>>,forward) interBase-angle=17 connected min_baseDist=3.04
  11 G.U6      G.U7      stacking: 3.5(1.6)--pm(>>,forward) interBase-angle=13 connected min_baseDist=3.15
  12 G.U7      G.U8      interBase-angle=16 H-bonds[1]: "O2'(hydroxyl)-O4'[2.82]" connected min_baseDist=3.22
  13 G.U9      G.U10     interBase-angle=83 H-bonds[1]: "O2'(hydroxyl)-OP2[2.89]" connected min_baseDist=8.46
  14 H.U5      H.U6      stacking: 4.4(2.0)--pm(>>,forward) interBase-angle=10 connected min_baseDist=3.22
  15 H.U6      H.U7      stacking: 3.0(1.3)--pm(>>,forward) interBase-angle=15 connected min_baseDist=3.32
  16 H.U9      H.U10     interBase-angle=79 H-bonds[1]: "O2'(hydroxyl)-OP2[2.98]" connected min_baseDist=8.65

****************************************************************************
List of 12 stacks
  Note: a stack is an ordered list of nucleotides assembled together via
        base-stacking interactions, regardless of backbone connectivity.
        Stacking interactions within a stem are *not* included.
   1 nts=2 RU A.ARG1012,E.U3
   2 nts=2 FU A.PHE1134,E.U1
   3 nts=2 UU E.U10,E.U11
   4 nts=2 FU B.PHE1134,F.U1
   5 nts=2 RU C.ARG1012,G.U3
   6 nts=2 FU C.PHE1134,G.U1
   7 nts=2 RU D.ARG1012,H.U3
   8 nts=2 FU D.PHE1134,H.U1
   9 nts=3 UUU G.U5,G.U6,G.U7
  10 nts=3 UUU H.U5,H.U6,H.U7
  11 nts=4 UUUU E.U5,E.U6,E.U7,E.U8
  12 nts=4 UUUU F.U5,F.U6,F.U7,F.U8

****************************************************************************
Nucleotides not involved in stacking interactions
     nts=14 UUUUUUUUUUUUUU E.U2,E.U4,F.U2,F.U4,F.U10,G.U2,G.U4,G.U8,G.U9,G.U10,H.U2,H.U4,H.U8,H.U10

****************************************************************************
List of 4 non-loop single-stranded segments
   1 nts=11 UUUUUUUUUUU E.U1,E.U2,E.U3,E.U4,E.U5,E.U6,E.U7,E.U8,E.U9,E.U10,E.U11
   2 nts=10 UUUUUUUUUU F.U1,F.U2,F.U3,F.U4,F.U5,F.U6,F.U7,F.U8,F.U9,F.U10
   3 nts=10 UUUUUUUUUU G.U1,G.U2,G.U3,G.U4,G.U5,G.U6,G.U7,G.U8,G.U9,G.U10
   4 nts=10 UUUUUUUUUU H.U1,H.U2,H.U3,H.U4,H.U5,H.U6,H.U7,H.U8,H.U9,H.U10

****************************************************************************
List of 8 splayed-apart dinucleotides
   1 E.U3      E.U4      angle=107    distance=15.6     ratio=0.80
   2 E.U9      E.U10     angle=159    distance=15.0     ratio=0.99
   3 F.U3      F.U4      angle=106    distance=15.3     ratio=0.80
   4 F.U9      F.U10     angle=158    distance=14.9     ratio=0.98
   5 G.U3      G.U4      angle=105    distance=15.5     ratio=0.79
   6 G.U9      G.U10     angle=157    distance=14.9     ratio=0.98
   7 H.U3      H.U4      angle=110    distance=15.9     ratio=0.82
   8 H.U9      H.U10     angle=152    distance=15.1     ratio=0.97
----------------------------------------------------------------
Summary of 8 splayed-apart units
   1 nts=2 UU E.U3,E.U4
   2 nts=2 UU E.U9,E.U10
   3 nts=2 UU F.U3,F.U4
   4 nts=2 UU F.U9,F.U10
   5 nts=2 UU G.U3,G.U4
   6 nts=2 UU G.U9,G.U10
   7 nts=2 UU H.U3,H.U4
   8 nts=2 UU H.U9,H.U10

****************************************************************************
Secondary structures in dot-bracket notation (dbn) as a whole and per chain
>6QIC nts=41 [whole]
UUUUUUUUUUU&UUUUUUUUUU&UUUUUUUUUU&UUUUUUUUUU
...........&..........&..........&..........
>6QIC-E #1 nts=11 4.06(1.24) [chain] RNA
UUUUUUUUUUU
...........
>6QIC-F #2 nts=10 4.13(1.20) [chain] RNA
UUUUUUUUUU
..........
>6QIC-G #3 nts=10 4.04(1.31) [chain] RNA
UUUUUUUUUU
..........
>6QIC-H #4 nts=10 4.13(1.36) [chain] RNA
UUUUUUUUUU
..........

****************************************************************************
Summary of structural features of 41 nucleotides
  Note: the first five columns are: (1) serial number, (2) one-letter
    shorthand name, (3) dbn, (4) id string, (5) rmsd (~zero) of base
    ring atoms fitted against those in a standard base reference
    frame. The sixth (last) column contains a comma-separated list of
    features whose meanings are mostly self-explanatory, except for:
      turn: angle C1'(i-1)--C1'(i)--C1'(i+1) < 90 degrees
      break: no backbone linkage between O3'(i-1) and P(i)
   1  U . E.U1      0.004  syn,~C3'-endo,ss-non-loop
   2  U . E.U2      0.003  anti,~C2'-endo,non-stack,ss-non-loop
   3  U . E.U3      0.003  anti,~C2'-endo,ss-non-loop,splayed-apart
   4  U . E.U4      0.002  anti,~C2'-endo,BII,non-stack,ss-non-loop,phosphate,splayed-apart
   5  U . E.U5      0.003  anti,~C3'-endo,BI,non-pair-contact,ss-non-loop,phosphate
   6  U . E.U6      0.004  anti,~C3'-endo,BI,non-pair-contact,ss-non-loop,phosphate
   7  U . E.U7      0.003  anti,~C3'-endo,BI,non-pair-contact,ss-non-loop,phosphate
   8  U . E.U8      0.002  anti,~C3'-endo,BI,non-pair-contact,ss-non-loop,phosphate
   9  U . E.U9      0.003  anti,~C2'-endo,non-pair-contact,ss-non-loop,phosphate,splayed-apart
  10  U . E.U10     0.002  syn,~C3'-endo,BI,non-pair-contact,ss-non-loop,phosphate,splayed-apart
  11  U . E.U11     0.002  anti,~C3'-endo,non-pair-contact,ss-non-loop,phosphate
  12  U . F.U1      0.003  syn,~C3'-endo,ss-non-loop
  13  U . F.U2      0.002  anti,~C2'-endo,BII,non-stack,ss-non-loop
  14  U . F.U3      0.002  anti,~C2'-endo,ss-non-loop,splayed-apart
  15  U . F.U4      0.003  anti,~C2'-endo,BII,non-stack,ss-non-loop,phosphate,splayed-apart
  16  U . F.U5      0.003  anti,~C3'-endo,BI,non-pair-contact,ss-non-loop,phosphate
  17  U . F.U6      0.004  anti,~C3'-endo,BI,non-pair-contact,ss-non-loop,phosphate
  18  U . F.U7      0.003  anti,~C3'-endo,BI,non-pair-contact,ss-non-loop,phosphate
  19  U . F.U8      0.002  anti,~C3'-endo,BI,non-pair-contact,ss-non-loop,phosphate
  20  U . F.U9      0.003  anti,~C2'-endo,non-pair-contact,ss-non-loop,phosphate,splayed-apart
  21  U . F.U10     0.003  syn,~C3'-endo,non-stack,non-pair-contact,ss-non-loop,phosphate,splayed-apart
  22  U . G.U1      0.002  syn,~C3'-endo,ss-non-loop
  23  U . G.U2      0.002  anti,~C2'-endo,BII,non-stack,ss-non-loop
  24  U . G.U3      0.003  anti,~C2'-endo,ss-non-loop,splayed-apart
  25  U . G.U4      0.003  anti,~C2'-endo,BII,non-stack,ss-non-loop,phosphate,splayed-apart
  26  U . G.U5      0.003  anti,~C3'-endo,BI,non-pair-contact,ss-non-loop,phosphate
  27  U . G.U6      0.003  anti,~C3'-endo,BI,non-pair-contact,ss-non-loop,phosphate
  28  U . G.U7      0.003  anti,~C3'-endo,BI,non-pair-contact,ss-non-loop,phosphate
  29  U . G.U8      0.002  anti,~C3'-endo,BI,non-stack,non-pair-contact,ss-non-loop,phosphate
  30  U . G.U9      0.005  anti,~C2'-endo,non-stack,non-pair-contact,ss-non-loop,phosphate,splayed-apart
  31  U . G.U10     0.002  syn,~C3'-endo,non-stack,non-pair-contact,ss-non-loop,phosphate,splayed-apart
  32  U . H.U1      0.003  syn,~C3'-endo,ss-non-loop
  33  U . H.U2      0.003  anti,~C2'-endo,BII,non-stack,ss-non-loop
  34  U . H.U3      0.003  anti,~C2'-endo,ss-non-loop,splayed-apart
  35  U . H.U4      0.003  anti,~C2'-endo,BII,non-stack,ss-non-loop,phosphate,splayed-apart
  36  U . H.U5      0.004  anti,~C3'-endo,BI,non-pair-contact,ss-non-loop,phosphate
  37  U . H.U6      0.004  anti,~C3'-endo,non-pair-contact,ss-non-loop,phosphate
  38  U . H.U7      0.003  anti,~C3'-endo,BI,non-pair-contact,ss-non-loop,phosphate
  39  U . H.U8      0.003  anti,~C3'-endo,BI,non-stack,ss-non-loop,phosphate
  40  U . H.U9      0.003  anti,~C2'-endo,non-pair-contact,ss-non-loop,phosphate,splayed-apart
  41  U . H.U10     0.003  syn,~C3'-endo,non-stack,non-pair-contact,ss-non-loop,phosphate,splayed-apart

****************************************************************************
List of 6 additional files
   1 dssr-2ndstrs.bpseq -- secondary structure in bpseq format
   2 dssr-2ndstrs.ct -- secondary structure in connectivity table format
   3 dssr-2ndstrs.dbn -- secondary structure in dot-bracket notation
   4 dssr-torsions.txt -- backbone torsion angles and suite names
   5 dssr-splays.pdb -- an ensemble of splayed-apart units
   6 dssr-stacks.pdb -- an ensemble of stacks

****************************************************************************
Time used: 00:00:00:02
