****************************************************************************
              DSSR: an Integrated Software Tool for
             Dissecting the Spatial Structure of RNA
             v1.9.9-2020feb06, by xiangjun@x3dna.org

DSSR has been made possible by the NIH grant R01GM096889 (to X.J.Lu).
It is being actively maintained and developed. As always, I greatly
appreciate your feedback. Please report all DSSR-related issues on
the 3DNA Forum (forum.x3dna.org). I strive to respond promptly to any
questions posted there. DSSR is free of charge for NON-COMMERCIAL
purposes, and it comes with ABSOLUTELY NO WARRANTY.

****************************************************************************
Note: By default, each nucleotide is identified by chainId.name#. So a
      common case would be B.A1689, meaning adenosine #1689 on chain B.
      One-letter base names for modified nucleotides are put in lower
      case (e.g., 'c' for 5MC). For further information about the output
      notation, please refer to the DSSR User Manual.
    Questions and suggestions are *always* welcome on the 3DNA Forum.

Command: x3dna-dssr -i=../../pdb/6SO9.pdb --non-pair -o=6SO9_dssr.out
Date and time: Tue Aug 18 22:39:11 2020
File name: 6SO9.pdb
    no. of DNA/RNA chains: 1 [B=6]
    no. of nucleotides:    6
    no. of atoms:          1971
    no. of waters:         0
    no. of metals:         0

****************************************************************************
List of 1 type of 1 modified nucleotide
      nt    count  list
   1 ADN-a    1    B.ADN1

****************************************************************************
List of 5 non-pairing interactions
   1 B.ADN1   B.U2     interBase-angle=47 H-bonds[1]: "O2'(hydroxyl)-OP2[2.69]" connected min_baseDist=6.88
   2 B.U2     B.C3     interBase-angle=72 H-bonds[1]: "O2'(hydroxyl)-O4'[3.59]" connected min_baseDist=6.33
   3 B.C3     B.U4     interBase-angle=29 H-bonds[1]: "O2'(hydroxyl)-OP2[2.73]" connected min_baseDist=7.91
   4 B.U4     B.U5     interBase-angle=76 H-bonds[1]: "O2(carbonyl)*O4(carbonyl)[3.07]" connected min_baseDist=3.00
   5 B.U5     B.A6     interBase-angle=41 H-bonds[2]: "OP2-N6(amino)[3.08],O2'(hydroxyl)-OP1[3.55]" connected min_baseDist=6.29

****************************************************************************
List of 1 stack
  Note: a stack is an ordered list of nucleotides assembled together via
        base-stacking interactions, regardless of backbone connectivity.
        Stacking interactions within a stem are *not* included.
   1 nts=2 CH B.C3,A.HIS523

****************************************************************************
Nucleotides not involved in stacking interactions
     nts=5 aUUUA B.ADN1,B.U2,B.U4,B.U5,B.A6

****************************************************************************
List of 1 atom-base capping interaction
    dv: vertical distance of the atom above the nucleotide base
    -----------------------------------------------------------
     type       atom                 nt             dv
   1 sugar      O2'@B.U2             B.C3           3.41

****************************************************************************
List of 1 non-loop single-stranded segment
   1 nts=6 aUCUUA B.ADN1,B.U2,B.C3,B.U4,B.U5,B.A6

****************************************************************************
List of 2 splayed-apart dinucleotides
   1 B.ADN1   B.U2     angle=129    distance=16.0     ratio=0.90
   2 B.C3     B.U4     angle=106    distance=14.8     ratio=0.80
----------------------------------------------------------------
Summary of 2 splayed-apart units
   1 nts=2 aU B.ADN1,B.U2
   2 nts=2 CU B.C3,B.U4

****************************************************************************
Secondary structures in dot-bracket notation (dbn) as a whole and per chain
>6SO9 nts=6 [whole]
aUCUUA
......
>6SO9-B #1 nts=6 3.74(1.85) [chain] RNA
aUCUUA
......

****************************************************************************
Summary of structural features of 6 nucleotides
  Note: the first five columns are: (1) serial number, (2) one-letter
    shorthand name, (3) dbn, (4) id string, (5) rmsd (~zero) of base
    ring atoms fitted against those in a standard base reference
    frame. The sixth (last) column contains a comma-separated list of
    features whose meanings are mostly self-explanatory, except for:
      turn: angle C1'(i-1)--C1'(i)--C1'(i+1) < 90 degrees
      break: no backbone linkage between O3'(i-1) and P(i)
   1  a . B.ADN1   0.002  modified,anti,~C2'-endo,non-stack,non-pair-contact,ss-non-loop,splayed-apart
   2  U . B.U2     0.003  turn,anti,~C2'-endo,non-stack,non-pair-contact,ss-non-loop,cap-donor,phosphate,splayed-apart
   3  C . B.C3     0.001  anti,~C2'-endo,non-pair-contact,ss-non-loop,cap-acceptor,splayed-apart
   4  U . B.U4     0.003  anti,~C2'-endo,BII,non-stack,non-pair-contact,ss-non-loop,phosphate,splayed-apart
   5  U . B.U5     0.003  anti,~C2'-endo,non-stack,non-pair-contact,ss-non-loop,phosphate
   6  A . B.A6     0.002  ~C2'-endo,non-stack,non-pair-contact,ss-non-loop,phosphate

****************************************************************************
List of 7 additional files
   1 dssr-2ndstrs.bpseq -- secondary structure in bpseq format
   2 dssr-2ndstrs.ct -- secondary structure in connectivity table format
   3 dssr-2ndstrs.dbn -- secondary structure in dot-bracket notation
   4 dssr-torsions.txt -- backbone torsion angles and suite names
   5 dssr-splays.pdb -- an ensemble of splayed-apart units
   6 dssr-stacks.pdb -- an ensemble of stacks
   7 dssr-atom2bases.pdb -- an ensemble of atom-base stacking interactions

****************************************************************************
Time used: 00:00:00:00
